<?xml version="1.0" encoding="utf-8"?><testsuites name="pytest tests"><testsuite name="pytest" errors="0" failures="0" skipped="0" tests="5" time="1.991" timestamp="2026-06-30T13:30:13.472946+00:00" hostname="agent-env-f1a7e8db-b5ca-4a07-b0f8-c82f9e25add6"><testcase classname="backend.tests.test_atomic_question_merge.TestQuestionConfigResponseMode" name="test_configs_have_response_mode" time="1.297" /><testcase classname="backend.tests.test_atomic_question_merge.TestAtomicYesNoWithTextRoundTrip" name="test_save_and_reload_preserves_atomic_keys" time="0.099" /><testcase classname="backend.tests.test_atomic_question_merge.TestAtomicYesNoWithTextRoundTrip" name="test_multi_year_endpoint_preserves_atomic" time="0.052" /><testcase classname="backend.tests.test_atomic_question_merge.TestMultipleAtomicQuestions" name="test_save_and_reload_multiple_atomic" time="0.091" /><testcase classname="backend.tests.test_atomic_question_merge.TestFYComparisonStillWorks" name="test_fy_comparison_keeps_suffixes" time="0.393" /></testsuite></testsuites>