<?xml version="1.0" encoding="utf-8"?><testsuites name="pytest tests"><testsuite name="pytest" errors="0" failures="0" skipped="0" tests="5" time="2.170" timestamp="2026-05-25T06:16:55.113655+00:00" hostname="agent-env-61f86a78-71ec-4c5f-839d-e845e35bb0b8"><testcase classname="tests.test_biogenic_scope3_filter.TestEmissionsListFiltering" name="test_with_scope3_access_sees_biogenic_scope3" time="0.911" /><testcase classname="tests.test_biogenic_scope3_filter.TestEmissionsListFiltering" name="test_without_scope3_access_hides_biogenic_scope3" time="0.133" /><testcase classname="tests.test_biogenic_scope3_filter.TestEmissionsListFiltering" name="test_other_biogenic_records_not_filtered" time="0.281" /><testcase classname="tests.test_biogenic_scope3_filter.TestDashboardStatsFiltering" name="test_dashboard_with_scope3_access_includes_biogenic_scope3" time="0.398" /><testcase classname="tests.test_biogenic_scope3_filter.TestDashboardStatsFiltering" name="test_dashboard_total_emissions_unchanged_by_biogenic_filter" time="0.312" /></testsuite></testsuites>