<?xml version="1.0" encoding="utf-8"?><testsuites name="pytest tests"><testsuite name="pytest" errors="0" failures="0" skipped="0" tests="3" time="1.462" timestamp="2026-07-24T07:54:12.755055+00:00" hostname="agent-env-b0224079-7264-43ac-ac4b-7d35de16a583"><testcase classname="backend.tests.test_brsr_assignment_fix.TestBRSRAssignmentFix" name="test_1_assign_two_users_with_due_date" time="0.983" /><testcase classname="backend.tests.test_brsr_assignment_fix.TestBRSRAssignmentFix" name="test_2_reassign_replaces_users_not_drop" time="0.235" /><testcase classname="backend.tests.test_brsr_assignment_fix.TestBRSRAssignmentFix" name="test_3_reassign_add_user_keeps_all" time="0.187" /></testsuite></testsuites>