<?xml version="1.0" encoding="utf-8"?><testsuites name="pytest tests"><testsuite name="pytest" errors="0" failures="0" skipped="0" tests="9" time="1.875" timestamp="2026-06-17T06:16:38.666331+00:00" hostname="agent-env-ff6a2a3e-e987-45ec-8946-08732ee25f58"><testcase classname="backend.tests.test_brsr_framework_details.TestBRSRGet" name="test_get_brsr_details_returns_200" time="0.951" /><testcase classname="backend.tests.test_brsr_framework_details.TestBRSRPut" name="test_put_saves_brsr_and_returns_complete" time="0.094" /><testcase classname="backend.tests.test_brsr_framework_details.TestBRSRPut" name="test_put_persists_via_get" time="0.108" /><testcase classname="backend.tests.test_brsr_framework_details.TestBRSRPut" name="test_put_partial_returns_missing_fields" time="0.097" /><testcase classname="backend.tests.test_brsr_framework_details.TestBRSRPut" name="test_put_invalid_pincode_returns_422" time="0.114" /><testcase classname="backend.tests.test_brsr_framework_details.TestBRSRPut" name="test_put_invalid_stock_exchange_returns_422" time="0.103" /><testcase classname="backend.tests.test_brsr_framework_details.TestBRSRValidate" name="test_validate_returns_status" time="0.098" /><testcase classname="backend.tests.test_brsr_framework_details.TestBRSRAuth" name="test_get_without_token_returns_401_or_403" time="0.141" /><testcase classname="backend.tests.test_brsr_framework_details.TestBRSRCleanupRestore" name="test_restore_complete_state" time="0.113" /></testsuite></testsuites>