<?xml version="1.0" encoding="utf-8"?><testsuites name="pytest tests"><testsuite name="pytest" errors="0" failures="0" skipped="0" tests="8" time="1.961" timestamp="2026-08-04T07:49:48.888725+00:00" hostname="agent-env-e15791be-3593-4871-a6e9-c25b3acaeeaf"><testcase classname="backend.tests.test_brsr_section_a_atomic.TestSectionAConfigs" name="test_all_brsr_a_configs_atomic" time="0.982" /><testcase classname="backend.tests.test_brsr_section_a_atomic.TestSimpleFields" name="test_simple_scalar_fields_roundtrip" time="0.191" /><testcase classname="backend.tests.test_brsr_section_a_atomic.TestSimpleFields" name="test_address_fields_roundtrip" time="0.102" /><testcase classname="backend.tests.test_brsr_section_a_atomic.TestBusinessActivitiesTable" name="test_business_activities_roundtrip" time="0.108" /><testcase classname="backend.tests.test_brsr_section_a_atomic.TestProductsServicesTable" name="test_products_services_roundtrip" time="0.107" /><testcase classname="backend.tests.test_brsr_section_a_atomic.TestPlantsOfficesTable" name="test_plants_offices_roundtrip" time="0.106" /><testcase classname="backend.tests.test_brsr_section_a_atomic.TestMarketsServed" name="test_markets_served_roundtrip" time="0.084" /><testcase classname="backend.tests.test_brsr_section_a_atomic.TestCombinedSectionASave" name="test_save_all_tables_together" time="0.222" /></testsuite></testsuites>