<?xml version="1.0" encoding="utf-8"?><testsuites name="pytest tests"><testsuite name="pytest" errors="0" failures="0" skipped="0" tests="4" time="2.610" timestamp="2026-07-06T06:36:49.456844+00:00" hostname="agent-env-f1a7e8db-b5ca-4a07-b0f8-c82f9e25add6"><testcase classname="backend.tests.test_dual_status_records.TestDualStatusCreate" name="test_create_no_approval_workflow" time="1.205" /><testcase classname="backend.tests.test_dual_status_records.TestDualStatusUpdate" name="test_update_submitted_maps_to_completed_not_required" time="0.544" /><testcase classname="backend.tests.test_dual_status_records.TestDualStatusUpdate" name="test_update_draft_status" time="0.434" /><testcase classname="backend.tests.test_dual_status_records.TestDualStatusUpdate" name="test_update_completed_status" time="0.360" /></testsuite></testsuites>