<?xml version="1.0" encoding="utf-8"?><testsuites name="pytest tests"><testsuite name="pytest" errors="0" failures="0" skipped="0" tests="3" time="1.904" timestamp="2026-07-25T10:27:50.040778+00:00" hostname="agent-env-f73430d6-1b9d-40bc-853b-1c614cd33623"><testcase classname="backend.tests.test_esg_assignment_approval_settings.TestFacilityLevelApprovalSettings" name="test_create_facility_level_with_approval" time="1.629" /><testcase classname="backend.tests.test_esg_assignment_approval_settings.TestFacilityLevelApprovalSettings" name="test_facility_level_without_approver_id" time="0.077" /><testcase classname="backend.tests.test_esg_assignment_approval_settings.TestOrgLevelApprovalSettings" name="test_create_org_level_with_approval" time="0.151" /></testsuite></testsuites>