<?xml version="1.0" encoding="utf-8"?><testsuites name="pytest tests"><testsuite name="pytest" errors="0" failures="0" skipped="0" tests="6" time="1.991" timestamp="2026-07-06T07:17:12.524643+00:00" hostname="agent-env-f1a7e8db-b5ca-4a07-b0f8-c82f9e25add6"><testcase classname="backend.tests.test_esg_records_status_and_filter.TestDraftStatus" name="test_create_draft_record_sets_draft_status" time="1.134" /><testcase classname="backend.tests.test_esg_records_status_and_filter.TestDraftStatus" name="test_create_completed_record_sets_completed_status" time="0.217" /><testcase classname="backend.tests.test_esg_records_status_and_filter.TestDraftStatus" name="test_create_default_status_is_completed" time="0.225" /><testcase classname="backend.tests.test_esg_records_status_and_filter.TestMyTasksAssignmentCount" name="test_my_tasks_returns_assignment_count" time="0.116" /><testcase classname="backend.tests.test_esg_records_status_and_filter.TestGHGImportedRecordsFilter" name="test_admin_sees_ghg_imported_records" time="0.141" /><testcase classname="backend.tests.test_esg_records_status_and_filter.TestGHGImportedRecordsFilter" name="test_endpoint_supports_include_imported_flag" time="0.108" /></testsuite></testsuites>