<?xml version="1.0" encoding="utf-8"?><testsuites name="pytest tests"><testsuite name="pytest" errors="1" failures="0" skipped="0" tests="1" time="0.140" timestamp="2026-07-15T10:50:15.837286+00:00" hostname="agent-env-12a91360-e10d-4552-8db7-dbd8191986c1"><testcase classname="" name="backend.tests.test_esg_emissions_distribution" time="0.000"><error message="collection failure">backend/tests/test_esg_emissions_distribution.py:11: in &lt;module&gt;
    BASE_URL = os.environ.get("REACT_APP_BACKEND_URL").rstrip("/")
               ^^^^^^^^^^^^^^^^^^^^^^^^^^^^^^^^^^^^^^^^^^^^^^
E   AttributeError: 'NoneType' object has no attribute 'rstrip'</error></testcase></testsuite></testsuites>