<?xml version="1.0" encoding="utf-8"?><testsuites name="pytest tests"><testsuite name="pytest" errors="0" failures="0" skipped="0" tests="9" time="2.000" timestamp="2026-07-10T10:20:50.166589+00:00" hostname="agent-env-e6bcda22-c607-4c0c-8e0d-022c21d16ae0"><testcase classname="backend.tests.test_ghg_adapter_iter93" name="test_scope1_total" time="1.052" /><testcase classname="backend.tests.test_ghg_adapter_iter93" name="test_scope2_total" time="0.104" /><testcase classname="backend.tests.test_ghg_adapter_iter93" name="test_scope3_total" time="0.184" /><testcase classname="backend.tests.test_ghg_adapter_iter93" name="test_stationary_combustion" time="0.107" /><testcase classname="backend.tests.test_ghg_adapter_iter93" name="test_scope3_c1_not_c10" time="0.102" /><testcase classname="backend.tests.test_ghg_adapter_iter93" name="test_scope1_subcategories_sum" time="0.169" /><testcase classname="backend.tests.test_ghg_adapter_iter93" name="test_scope1_monthly" time="0.069" /><testcase classname="backend.tests.test_ghg_adapter_iter93" name="test_baseline_lookup_new_key" time="0.071" /><testcase classname="backend.tests.test_ghg_adapter_iter93" name="test_baseline_lookup_old_code" time="0.081" /></testsuite></testsuites>