<?xml version="1.0" encoding="utf-8"?><testsuites name="pytest tests"><testsuite name="pytest" errors="0" failures="1" skipped="0" tests="5" time="1.596" timestamp="2026-07-27T12:35:58.008798+00:00" hostname="agent-env-93d0d05f-62d3-42bb-bee5-39ae20ff9665"><testcase classname="backend.tests.test_gri_approval_flow.TestGRIApprovalFlow" name="test_01_save_creates_pending_submission" time="0.832" /><testcase classname="backend.tests.test_gri_approval_flow.TestGRIApprovalFlow" name="test_02_approve_submission_no_error" time="0.109" /><testcase classname="backend.tests.test_gri_approval_flow.TestGRIApprovalFlow" name="test_03_esg_responses_has_approved_status" time="0.501" /><testcase classname="backend.tests.test_gri_approval_flow.TestGRIApprovalFlow" name="test_04_organization_esg_responses_has_value" time="0.001" /><testcase classname="backend.tests.test_gri_approval_flow.TestGRIApprovalFlow" name="test_05_submission_marked_approved" time="0.002"><failure message="AssertionError: submission doc missing&#10;assert None is not None">backend/tests/test_gri_approval_flow.py:154: in test_05_submission_marked_approved
    assert doc is not None, "submission doc missing"
E   AssertionError: submission doc missing
E   assert None is not None</failure></testcase></testsuite></testsuites>