<?xml version="1.0" encoding="utf-8"?><testsuites name="pytest tests"><testsuite name="pytest" errors="0" failures="0" skipped="0" tests="10" time="1.229" timestamp="2026-07-27T11:35:43.645760+00:00" hostname="agent-env-93d0d05f-62d3-42bb-bee5-39ae20ff9665"><testcase classname="backend.tests.test_gri_progress_approval_sync.TestGRITrackerAggregation" name="test_section_response_shape" time="0.709" /><testcase classname="backend.tests.test_gri_progress_approval_sync.TestGRITrackerAggregation" name="test_gri_101_2_a_completed_true" time="0.000" /><testcase classname="backend.tests.test_gri_progress_approval_sync.TestGRITrackerAggregation" name="test_gri_101_2_a_approved" time="0.000" /><testcase classname="backend.tests.test_gri_progress_approval_sync.TestGRITrackerAggregation" name="test_gri_101_2_b_not_completed" time="0.000" /><testcase classname="backend.tests.test_gri_progress_approval_sync.TestGRITrackerAggregation" name="test_empty_string_values_not_completed[gri_101_2_d]" time="0.000" /><testcase classname="backend.tests.test_gri_progress_approval_sync.TestGRITrackerAggregation" name="test_empty_string_values_not_completed[gri_101_2_e]" time="0.000" /><testcase classname="backend.tests.test_gri_progress_approval_sync.TestGRITrackerAggregation" name="test_empty_string_values_not_completed[gri_101_2_f]" time="0.000" /><testcase classname="backend.tests.test_gri_progress_approval_sync.TestMyTasksApprovalStatus" name="test_my_tasks_response_shape" time="0.457" /><testcase classname="backend.tests.test_gri_progress_approval_sync.TestMyTasksApprovalStatus" name="test_gri_101_2_a_my_tasks_approved" time="0.000" /><testcase classname="backend.tests.test_gri_progress_approval_sync.TestMyTasksApprovalStatus" name="test_brsr_policy_translated_approved" time="0.000" /></testsuite></testsuites>