<?xml version="1.0" encoding="utf-8"?><testsuites name="pytest tests"><testsuite name="pytest" errors="0" failures="0" skipped="0" tests="12" time="1.776" timestamp="2026-07-25T12:29:15.005429+00:00" hostname="agent-env-f73430d6-1b9d-40bc-853b-1c614cd33623"><testcase classname="tests.test_iter109_workflow_features.TestAggregateApprovalStatus" name="test_all_approved" time="0.244" /><testcase classname="tests.test_iter109_workflow_features.TestAggregateApprovalStatus" name="test_has_rejection_blocks_everything" time="0.000" /><testcase classname="tests.test_iter109_workflow_features.TestAggregateApprovalStatus" name="test_partially_approved_3_approved_2_pending" time="0.000" /><testcase classname="tests.test_iter109_workflow_features.TestAggregateApprovalStatus" name="test_all_pending" time="0.000" /><testcase classname="tests.test_iter109_workflow_features.TestAggregateApprovalStatus" name="test_empty_list" time="0.000" /><testcase classname="tests.test_iter109_workflow_features.TestAssignmentConflict" name="test_org_level_conflicts_when_facility_level_exists" time="1.081" /><testcase classname="tests.test_iter109_workflow_features.TestAssignmentConflict" name="test_facility_level_conflicts_when_org_level_exists" time="0.002" /><testcase classname="tests.test_iter109_workflow_features.TestAssignmentConflict" name="test_no_conflict_when_different_period" time="0.002" /><testcase classname="tests.test_iter109_workflow_features.TestRejectedRecordEditBlocked" name="test_update_rejected_record_service_level" time="0.110" /><testcase classname="tests.test_iter109_workflow_features.TestRejectedRecordEditBlocked" name="test_update_rejected_record_via_api" time="0.162" /><testcase classname="tests.test_iter109_workflow_features.TestDeleteApprovalWorkflow" name="test_delete_approved_record_with_workflow_creates_approval_request" time="0.033" /><testcase classname="tests.test_iter109_workflow_features.TestDeleteApprovalWorkflow" name="test_delete_without_approval_workflow_hard_deletes" time="0.003" /></testsuite></testsuites>