<?xml version="1.0" encoding="utf-8"?><testsuites name="pytest tests"><testsuite name="pytest" errors="0" failures="0" skipped="0" tests="9" time="4.614" timestamp="2026-08-18T04:48:18.906532+00:00" hostname="agent-env-bc6c8c78-c2f9-49f7-b927-13dcb3706248"><testcase classname="backend.tests.golden.test_c7_safety_net" name="test_c7_fixture_identity_and_coverage" time="0.008" /><testcase classname="backend.tests.golden.test_c7_safety_net" name="test_c7_authoritative_calculator_replay_is_unchanged[monthly-activity-car]" time="1.149" /><testcase classname="backend.tests.golden.test_c7_safety_net" name="test_c7_authoritative_calculator_replay_is_unchanged[monthly-supplier-bike]" time="3.160" /><testcase classname="backend.tests.golden.test_c7_safety_net" name="test_c7_authoritative_calculator_replay_is_unchanged[yearly-activity-wfh]" time="0.114" /><testcase classname="backend.tests.golden.test_c7_safety_net" name="test_c7_saved_aggregate_contract_is_unchanged[monthly-two-employee-air]" time="0.000" /><testcase classname="backend.tests.golden.test_c7_safety_net" name="test_c7_saved_aggregate_contract_is_unchanged[yearly-two-employee-taxi]" time="0.000" /><testcase classname="backend.tests.golden.test_c7_safety_net" name="test_c7_saved_aggregate_contract_is_unchanged[legacy-full-year-two-employee]" time="0.000" /><testcase classname="backend.tests.golden.test_c7_safety_net" name="test_c7_saved_aggregate_contract_is_unchanged[legacy-zero-activity]" time="0.000" /><testcase classname="backend.tests.golden.test_c7_safety_net" name="test_c7_contract_models_keep_monthly_and_yearly_payload_fields" time="0.007" /></testsuite></testsuites>