<?xml version="1.0" encoding="utf-8"?><testsuites name="pytest tests"><testsuite name="pytest" errors="0" failures="0" skipped="0" tests="8" time="0.969" timestamp="2026-08-08T17:27:32.765964+00:00" hostname="agent-env-7659aa9b-a9dd-4e72-8301-78b52bad325e"><testcase classname="tests.test_mis_comparison_and_contracts_iter145" name="test_comparison_status_zero_baseline_returns_new_activity_message" time="0.000" /><testcase classname="tests.test_mis_comparison_and_contracts_iter145" name="test_comparison_status_large_increase_returns_review_recommended_message" time="0.000" /><testcase classname="tests.test_mis_comparison_and_contracts_iter145" name="test_comparison_status_renewable_higher_behaves_opposite_to_energy_lower" time="0.000" /><testcase classname="tests.test_mis_comparison_and_contracts_iter145" name="test_target_direction_missing_explicit_direction_returns_direction_required" time="0.000" /><testcase classname="tests.test_mis_comparison_and_contracts_iter145" name="test_target_direction_changes_status_for_increase_and_decrease_goals" time="0.000" /><testcase classname="tests.test_mis_comparison_and_contracts_iter145" name="test_pdf_builder_contract_contains_required_management_table_content" time="0.000" /><testcase classname="tests.test_mis_comparison_and_contracts_iter145" name="test_pdf_builder_contract_contains_row_level_units_for_energy_water_waste" time="0.000" /><testcase classname="tests.test_mis_comparison_and_contracts_iter145" name="test_service_contract_has_overall_management_and_facility_status_fields" time="0.000" /></testsuite></testsuites>