<?xml version="1.0" encoding="utf-8"?><testsuites name="pytest tests"><testsuite name="pytest" errors="0" failures="0" skipped="1" tests="6" time="1.560" timestamp="2026-08-12T11:32:05.883891+00:00" hostname="agent-env-4c95eb7d-1cbe-4222-9b0d-54fc8a95d5be"><testcase classname="tests.test_question_response_timeline" name="test_brsr_timeline_keeps_submitter_value_distinct_from_approver_final_value" time="0.000" /><testcase classname="tests.test_question_response_timeline" name="test_gri_rejection_is_year_scoped_and_exposes_reason" time="0.000" /><testcase classname="tests.test_gri_brsr_approval_fixes" name="test_save_gri_response_creates_pending_approval" time="0.744" /><testcase classname="tests.test_gri_brsr_approval_fixes" name="test_save_brsr_response_framework_correct" time="0.089" /><testcase classname="tests.test_gri_brsr_approval_fixes" name="test_approval_queue_brsr_has_framework_brsr" time="0.117" /><testcase classname="tests.test_gri_brsr_approval_fixes" name="test_gri_answer_persists_after_approval" time="0.084"><skipped type="pytest.skip" message="No GRI pending approval to approve">/app/backend/tests/test_gri_brsr_approval_fixes.py:110: No GRI pending approval to approve</skipped></testcase></testsuite></testsuites>