<?xml version="1.0" encoding="utf-8"?><testsuites name="pytest tests"><testsuite name="pytest" errors="0" failures="0" skipped="0" tests="7" time="2.134" timestamp="2026-08-20T05:15:23.449682+00:00" hostname="agent-env-bc6c8c78-c2f9-49f7-b927-13dcb3706248"><testcase classname="backend.tests.test_ghg_org_overrides_delivery_iter194" name="test_put_get_and_resolved_expose_ghg_overrides" time="1.841" /><testcase classname="backend.tests.test_ghg_org_overrides_delivery_iter194" name="test_put_rejects_unsafe_or_invalid_ghg_overrides[invalid_ghg_overrides0]" time="0.027" /><testcase classname="backend.tests.test_ghg_org_overrides_delivery_iter194" name="test_put_rejects_unsafe_or_invalid_ghg_overrides[invalid_ghg_overrides1]" time="0.027" /><testcase classname="backend.tests.test_ghg_org_overrides_delivery_iter194" name="test_put_rejects_unsafe_or_invalid_ghg_overrides[invalid_ghg_overrides2]" time="0.068" /><testcase classname="backend.tests.test_ghg_org_overrides_delivery_iter194" name="test_put_rejects_unsafe_or_invalid_ghg_overrides[invalid_ghg_overrides3]" time="0.027" /><testcase classname="backend.tests.test_ghg_org_overrides_delivery_iter194" name="test_put_rejects_unsafe_or_invalid_ghg_overrides[invalid_ghg_overrides4]" time="0.029" /><testcase classname="backend.tests.test_ghg_org_overrides_delivery_iter194" name="test_put_rejects_unsafe_or_invalid_ghg_overrides[invalid_ghg_overrides5]" time="0.054" /></testsuite></testsuites>