<?xml version="1.0" encoding="utf-8"?><testsuites name="pytest tests"><testsuite name="pytest" errors="0" failures="0" skipped="0" tests="6" time="2.116" timestamp="2026-07-31T10:46:52.849131+00:00" hostname="agent-env-7a3ec8f0-b9e3-404b-af63-303e8c513332"><testcase classname="backend.tests.test_ghg_pending_proposal_iter131.TestSameV2Visibility" name="test_aman_sees_scope1_facility_e" time="0.724" /><testcase classname="backend.tests.test_ghg_pending_proposal_iter131.TestSameV2Visibility" name="test_ravi_sees_scope1_facility_e" time="0.392" /><testcase classname="backend.tests.test_ghg_pending_proposal_iter131.TestSameV2Visibility" name="test_aman_and_ravi_see_same_records" time="0.211" /><testcase classname="backend.tests.test_ghg_pending_proposal_iter131.TestPendingProposalIndicators" name="test_admin_pending_indicators_shape" time="0.499" /><testcase classname="backend.tests.test_ghg_pending_proposal_iter131.TestPendingProposalIndicators" name="test_nonadmin_pending_indicator_fields_present_in_schema" time="0.119" /><testcase classname="backend.tests.test_ghg_pending_proposal_iter131.TestPendingProposalIndicators" name="test_admin_no_duplicate_ids" time="0.120" /></testsuite></testsuites>