<?xml version="1.0" encoding="utf-8"?><testsuites name="pytest tests"><testsuite name="pytest" errors="0" failures="0" skipped="6" tests="6" time="0.072" timestamp="2026-08-07T05:26:36.838199+00:00" hostname="agent-env-6f406194-5866-460e-806a-b6545da588c8"><testcase classname="backend.tests.test_reports_mis_v1_phase1" name="test_mis_reports_catalog_admin_permission_aware" time="0.000"><skipped type="pytest.skip" message="REACT_APP_BACKEND_URL is not set">/app/backend/tests/test_reports_mis_v1_phase1.py:43: REACT_APP_BACKEND_URL is not set</skipped></testcase><testcase classname="backend.tests.test_reports_mis_v1_phase1" name="test_mis_reports_filter_schema_admin_active_facilities" time="0.001"><skipped type="pytest.skip" message="REACT_APP_BACKEND_URL is not set">/app/backend/tests/test_reports_mis_v1_phase1.py:67: REACT_APP_BACKEND_URL is not set</skipped></testcase><testcase classname="backend.tests.test_reports_mis_v1_phase1" name="test_mis_reports_history_admin_valid_org_response" time="0.000"><skipped type="pytest.skip" message="REACT_APP_BACKEND_URL is not set">/app/backend/tests/test_reports_mis_v1_phase1.py:90: REACT_APP_BACKEND_URL is not set</skipped></testcase><testcase classname="backend.tests.test_reports_mis_v1_phase1" name="test_mis_reports_catalog_non_admin_permission_restriction" time="0.000"><skipped type="pytest.skip" message="REACT_APP_BACKEND_URL is not set">/app/backend/tests/test_reports_mis_v1_phase1.py:111: REACT_APP_BACKEND_URL is not set</skipped></testcase><testcase classname="backend.tests.test_reports_mis_v1_phase1" name="test_mis_reports_filter_and_history_reject_non_admin" time="0.000"><skipped type="pytest.skip" message="REACT_APP_BACKEND_URL is not set">/app/backend/tests/test_reports_mis_v1_phase1.py:129: REACT_APP_BACKEND_URL is not set</skipped></testcase><testcase classname="backend.tests.test_reports_mis_v1_phase1" name="test_mis_reports_filter_schema_matches_supplier_org_facilities" time="0.000"><skipped type="pytest.skip" message="REACT_APP_BACKEND_URL is not set">/app/backend/tests/test_reports_mis_v1_phase1.py:143: REACT_APP_BACKEND_URL is not set</skipped></testcase></testsuite></testsuites>