<?xml version="1.0" encoding="utf-8"?><testsuites name="pytest tests"><testsuite name="pytest" errors="0" failures="1" skipped="1" tests="5" time="3.490" timestamp="2026-07-31T11:38:28.895738+00:00" hostname="agent-env-7a3ec8f0-b9e3-404b-af63-303e8c513332"><testcase classname="backend.tests.test_ghg_edit_approval_iter132.TestMobileCombustionRecord" name="test_admin_sees_fixed_qty_and_co2e" time="0.622" /><testcase classname="backend.tests.test_ghg_edit_approval_iter132.TestPendingEditVisibility" name="test_pending_updates_endpoint_reachable" time="0.392" /><testcase classname="backend.tests.test_ghg_edit_approval_iter132.TestPendingEditVisibility" name="test_submitter_sees_proposed_values" time="0.808"><skipped type="pytest.skip" message="No pending emission_record update requests in the system">/app/backend/tests/test_ghg_edit_approval_iter132.py:171: No pending emission_record update requests in the system</skipped></testcase><testcase classname="backend.tests.test_ghg_edit_approval_iter132.TestPostApprovalConsistency" name="test_all_approved_records_have_dfv" time="0.145" /><testcase classname="backend.tests.test_ghg_edit_e2e_iter132.TestGhgEditApprovalE2E" name="test_full_edit_then_approve_flow" time="1.462"><failure message="AssertionError: Aman should see proposed 5003.0, got 5000.0&#10;assert 3.0 &lt; 0.001&#10; +  where 3.0 = abs((5000.0 - 5003.0))">E   AssertionError: Aman should see proposed 5003.0, got 5000.0
    assert 3.0 &lt; 0.001
     +  where 3.0 = abs((5000.0 - 5003.0))</failure></testcase></testsuite></testsuites>