<?xml version="1.0" encoding="utf-8"?><testsuites name="pytest tests"><testsuite name="pytest" errors="0" failures="0" skipped="0" tests="2" time="6.068" timestamp="2026-08-14T10:15:14.133191+00:00" hostname="agent-env-5f227f66-785e-4704-b249-04a954d95075"><testcase classname="backend.tests.test_internal_ai_combined_renewable_iter173" name="test_combined_renewable_fy_query_returns_three_denominator_sources_and_formula" time="3.545" /><testcase classname="backend.tests.test_internal_ai_combined_renewable_iter173" name="test_authorization_boundary_restricts_combined_data_to_user_facilities" time="2.468" /></testsuite></testsuites>