<?xml version="1.0" encoding="utf-8"?><testsuites name="pytest tests"><testsuite name="pytest" errors="0" failures="0" skipped="0" tests="11" time="1.941" timestamp="2026-08-17T09:22:54.857313+00:00" hostname="agent-env-bc6c8c78-c2f9-49f7-b927-13dcb3706248"><testcase classname="tests.test_airport_api_iter179.TestAirportSearch" name="test_search_del_returns_indira_gandhi" time="0.850" /><testcase classname="tests.test_airport_api_iter179.TestAirportSearch" name="test_search_london_returns_london_airports" time="0.110" /><testcase classname="tests.test_airport_api_iter179.TestAirportSearch" name="test_search_lhr_returns_heathrow_first" time="0.131" /><testcase classname="tests.test_airport_api_iter179.TestAirportSearch" name="test_search_empty_query_returns_empty" time="0.108" /><testcase classname="tests.test_airport_api_iter179.TestAirportDistanceCalculation" name="test_distance_del_to_lhr" time="0.127" /><testcase classname="tests.test_airport_api_iter179.TestAirportDistanceCalculation" name="test_distance_same_airport_returns_zero" time="0.103" /><testcase classname="tests.test_airport_api_iter179.TestAirportDistanceCalculation" name="test_distance_invalid_airport_returns_400" time="0.099" /><testcase classname="tests.test_airport_api_iter179.TestAirportDistanceCalculation" name="test_distance_bom_to_dxb" time="0.099" /><testcase classname="tests.test_airport_api_iter179.TestAirportDistanceCalculation" name="test_distance_jfk_to_lhr" time="0.066" /><testcase classname="tests.test_airport_api_iter179.TestAirportDistanceCalculation" name="test_distance_missing_airport_code" time="0.097" /><testcase classname="tests.test_airport_api_iter179.TestAirportDistanceCalculation" name="test_distance_case_insensitive" time="0.075" /></testsuite></testsuites>