<?xml version="1.0" encoding="utf-8"?><testsuites name="pytest tests"><testsuite name="pytest" errors="1" failures="0" skipped="0" tests="1" time="0.136" timestamp="2026-08-04T09:08:47.024739+00:00" hostname="agent-env-e15791be-3593-4871-a6e9-c25b3acaeeaf"><testcase classname="" name="backend.tests.test_brsr_section_a_assignment_filter" time="0.000"><error message="collection failure">backend/tests/test_brsr_section_a_assignment_filter.py:12: in &lt;module&gt;
    BASE_URL = os.environ["REACT_APP_BACKEND_URL"].rstrip("/")
               ^^^^^^^^^^^^^^^^^^^^^^^^^^^^^^^^^^^
&lt;frozen os&gt;:679: in __getitem__
    ???
E   KeyError: 'REACT_APP_BACKEND_URL'</error></testcase></testsuite></testsuites>