<?xml version="1.0" encoding="utf-8"?><testsuites name="pytest tests"><testsuite name="pytest" errors="0" failures="0" skipped="0" tests="17" time="5.471" timestamp="2026-08-17T06:40:41.557576+00:00" hostname="agent-env-bc6c8c78-c2f9-49f7-b927-13dcb3706248"><testcase classname="backend.tests.test_internal_ai_period_comparison_live_iter179" name="test_live_scope1_july_vs_june_2026_period_comparison_contract" time="4.742" /><testcase classname="backend.tests.test_internal_ai_period_comparison" name="test_extracts_two_months_and_inherits_single_explicit_year" time="0.001" /><testcase classname="backend.tests.test_internal_ai_period_comparison" name="test_comparison_requires_an_explicit_year_for_ambiguous_months" time="0.000" /><testcase classname="backend.tests.test_internal_ai_period_comparison" name="test_scope_comparison_becomes_emissions_plan_even_without_emissions_wording" time="0.003" /><testcase classname="backend.tests.test_internal_ai_period_comparison" name="test_executor_runs_each_comparison_period_as_an_exact_independent_query" time="0.001" /><testcase classname="backend.tests.test_internal_ai_period_comparison" name="test_deduplicates_repeated_current_record_before_aggregation" time="0.000" /><testcase classname="backend.tests.test_internal_ai_period_comparison" name="test_comparison_response_includes_totals_categories_and_variance_table" time="0.001" /><testcase classname="backend.tests.test_internal_ai_phase2_query_understanding" name="test_consumption_contract_is_explicit_and_uses_emission_records" time="0.017" /><testcase classname="backend.tests.test_internal_ai_phase2_query_understanding" name="test_scope_emission_contract_is_not_kpi_metadata_lookup" time="0.002" /><testcase classname="backend.tests.test_internal_ai_phase2_query_understanding" name="test_methodology_contract_requires_relationship_sources" time="0.002" /><testcase classname="backend.tests.test_internal_ai_phase2_query_understanding" name="test_version_and_audit_queries_are_distinct" time="0.003" /><testcase classname="backend.tests.test_internal_ai_phase2_query_understanding" name="test_generic_scope_question_never_gains_an_unrelated_fuel_entity" time="0.002" /><testcase classname="backend.tests.test_internal_ai_phase2_query_understanding" name="test_ambiguous_fuel_is_never_planned_as_found_data" time="0.003" /><testcase classname="backend.tests.test_internal_ai_phase6_planner_executor" name="test_structured_planner_routes_consumption_and_version_history_deterministically" time="0.000" /><testcase classname="backend.tests.test_internal_ai_phase6_planner_executor" name="test_unresolved_fuel_fails_closed_instead_of_broadening_the_query" time="0.000" /><testcase classname="backend.tests.test_internal_ai_phase6_planner_executor" name="test_admin_scope_remains_organization_wide_while_explicit_empty_scope_stays_restricted" time="0.000" /><testcase classname="backend.tests.test_internal_ai_phase6_planner_executor" name="test_executor_passes_only_prior_authorized_records_to_relationship_and_evidence" time="0.001" /></testsuite></testsuites>