<?xml version="1.0" encoding="utf-8"?><testsuites name="pytest tests"><testsuite name="pytest" errors="0" failures="0" skipped="0" tests="4" time="1.142" timestamp="2026-08-20T11:48:12.827183+00:00" hostname="agent-env-bc6c8c78-c2f9-49f7-b927-13dcb3706248"><testcase classname="backend.tests.test_process_emissions_venting_regression" name="test_create_venting_with_carbon_composition_persists_fields" time="0.604" /><testcase classname="backend.tests.test_process_emissions_venting_regression" name="test_carbon_composition_volume_quantity_requires_density" time="0.070" /><testcase classname="backend.tests.test_process_emissions_venting_regression" name="test_carbon_composition_volume_quantity_density_is_required_on_update" time="0.253" /><testcase classname="backend.tests.test_process_emissions_venting_regression" name="test_create_venting_using_ncv_does_not_store_carbon_fields" time="0.148" /></testsuite></testsuites>