<?xml version="1.0" encoding="utf-8"?><testsuites name="pytest tests"><testsuite name="pytest" errors="0" failures="0" skipped="0" tests="3" time="0.344" timestamp="2026-08-12T08:54:38.211168+00:00" hostname="agent-env-4c95eb7d-1cbe-4222-9b0d-54fc8a95d5be"><testcase classname="tests.test_ghg_proposal_history_events" name="test_approved_proposal_history_event_is_linked_and_contains_actual_changes" time="0.000" /><testcase classname="tests.test_ghg_proposal_history_events" name="test_rejected_proposal_history_event_keeps_the_record_unchanged_and_records_reason" time="0.000" /><testcase classname="tests.test_ghg_proposal_history_events" name="test_approved_emission_proposal_writes_a_linked_post_apply_history_event" time="0.001" /></testsuite></testsuites>