<?xml version="1.0" encoding="utf-8"?><testsuites name="pytest tests"><testsuite name="pytest" errors="0" failures="2" skipped="0" tests="19" time="9.277" timestamp="2026-08-10T12:01:44.191941+00:00" hostname="agent-env-e2dbedf8-7485-494a-bf93-395795952cf3"><testcase classname="backend.tests.test_internal_ai_scope_period_methodology_iter158.TestQueryScopeAndFacilityResolution" name="test_organization_scope_is_mandatory_and_fail_closed_for_empty_facilities" time="0.000" /><testcase classname="backend.tests.test_internal_ai_scope_period_methodology_iter158.TestQueryScopeAndFacilityResolution" name="test_resolve_authorized_facilities_filters_named_facility_to_allowed_ids_only" time="0.001" /><testcase classname="backend.tests.test_internal_ai_scope_period_methodology_iter158.TestEmissionsAnalyticsScopedFiltering" name="test_emissions_query_contains_org_facility_scope_category_and_period_and_excludes_outside_data" time="0.001" /><testcase classname="backend.tests.test_internal_ai_scope_period_methodology_iter158.TestEmissionsAnalyticsScopedFiltering" name="test_named_unauthorized_facility_is_fail_closed_to_no_data" time="0.001" /><testcase classname="backend.tests.test_internal_ai_scope_period_methodology_iter158.TestEmissionsAnalyticsScopedFiltering" name="test_analytics_applies_scope_category_and_period_before_aggregation" time="0.001"><failure message="assert 0 == 1">backend/tests/test_internal_ai_scope_period_methodology_iter158.py:293: in test_analytics_applies_scope_category_and_period_before_aggregation
    assert result["total_records"] == 1
E   assert 0 == 1</failure></testcase><testcase classname="backend.tests.test_internal_ai_scope_period_methodology_iter158.TestDeterministicPeriodParsing" name="test_extract_explicit_period_formats" time="0.001" /><testcase classname="backend.tests.test_internal_ai_scope_period_methodology_iter158.TestDeterministicPeriodParsing" name="test_unspecified_question_does_not_produce_period" time="0.000" /><testcase classname="backend.tests.test_internal_ai_scope_period_methodology_iter158.TestDeterministicPeriodParsing" name="test_latest_available_period_uses_stored_valid_period_only" time="0.001" /><testcase classname="backend.tests.test_internal_ai_scope_period_methodology_iter158.TestRouterPeriodAuthority" name="test_explicit_period_from_question_overrides_llm_period" time="0.001" /><testcase classname="backend.tests.test_internal_ai_scope_period_methodology_iter158.TestRouterPeriodAuthority" name="test_absent_explicit_period_clears_model_invented_period" time="0.001" /><testcase classname="backend.tests.test_internal_ai_scope_period_methodology_iter158.TestMethodologyFlowAndFormulaLookup" name="test_planner_orders_formula_flow_as_emissions_then_formulas" time="0.000" /><testcase classname="backend.tests.test_internal_ai_scope_period_methodology_iter158.TestMethodologyFlowAndFormulaLookup" name="test_executor_passes_authorized_emission_records_to_formula_service" time="0.001" /><testcase classname="backend.tests.test_internal_ai_scope_period_methodology_iter158.TestMethodologyFlowAndFormulaLookup" name="test_formula_service_uses_exact_formula_id_and_returns_stored_definition_audit" time="0.001" /><testcase classname="backend.tests.test_internal_ai_scope_period_methodology_iter158.TestMethodologyFlowAndFormulaLookup" name="test_missing_formula_id_returns_no_formula_message_without_lookup" time="0.000" /><testcase classname="backend.tests.test_internal_ai_scope_period_methodology_iter158.TestEvidenceAndHistoryScoping" name="test_evidence_uses_scoped_record_links_without_global_uploaded_files_fallback" time="0.001" /><testcase classname="backend.tests.test_internal_ai_scope_period_methodology_iter158.TestEvidenceAndHistoryScoping" name="test_history_changes_are_scoped_to_authorized_record_ids" time="0.000" /><testcase classname="backend.tests.test_internal_ai_scope_period_methodology_iter158.TestEvidenceAndHistoryScoping" name="test_audit_and_approval_queries_include_organization_scope" time="0.001" /><testcase classname="backend.tests.test_internal_ai_scope_period_methodology_iter158.TestEvidenceAndHistoryScoping" name="test_framework_version_history_should_include_org_filter_in_version_query" time="0.001"><failure message="AssertionError: assert None == 'org-a'&#10; +  where None = &lt;built-in method get of dict object at 0xfa0188c4d240&gt;('organization_id')&#10; +    where &lt;built-in method get of dict object at 0xfa0188c4d240&gt; = {'$or': [{'record_id': {'$in': ['rec-1']}}, {'question_key': {'$in': ['q-1']}}]}.get">backend/tests/test_internal_ai_scope_period_methodology_iter158.py:622: in test_framework_version_history_should_include_org_filter_in_version_query
    assert version_query.get("organization_id") == "org-a"
E   AssertionError: assert None == 'org-a'
E    +  where None = &lt;built-in method get of dict object at 0xfa0188c4d240&gt;('organization_id')
E    +    where &lt;built-in method get of dict object at 0xfa0188c4d240&gt; = {'$or': [{'record_id': {'$in': ['rec-1']}}, {'question_key': {'$in': ['q-1']}}]}.get</failure></testcase><testcase classname="backend.tests.test_internal_ai_scope_period_methodology_iter158.TestOptionalLiveSmoke" name="test_internal_ai_chat_august_2026_scope1_live_smoke" time="8.382" /></testsuite></testsuites>