<?xml version="1.0" encoding="utf-8"?><testsuites name="pytest tests"><testsuite name="pytest" errors="0" failures="0" skipped="1" tests="15" time="2.739" timestamp="2026-08-20T06:30:51.367432+00:00" hostname="agent-env-bc6c8c78-c2f9-49f7-b927-13dcb3706248"><testcase classname="tests.test_density_directional_override" name="test_volume_to_mass_accepts_directional_mass_per_volume_density" time="0.001" /><testcase classname="tests.test_density_directional_override" name="test_mass_to_volume_accepts_directional_volume_per_mass_density" time="0.001" /><testcase classname="tests.test_density_directional_override" name="test_mass_to_volume_keeps_legacy_mass_per_volume_density_compatible" time="0.001" /><testcase classname="tests.test_process_emissions_venting_regression" name="test_create_venting_with_carbon_composition_persists_fields" time="0.646" /><testcase classname="tests.test_process_emissions_venting_regression" name="test_create_venting_using_ncv_does_not_store_carbon_fields" time="0.138" /><testcase classname="tests.test_calc_engine_phase3.TestHealth" name="test_backend_reachable" time="0.289" /><testcase classname="tests.test_calc_engine_phase3.TestHealth" name="test_categories_listed" time="0.373" /><testcase classname="tests.test_calc_engine_phase3.TestHealth" name="test_emissions_listed" time="0.109" /><testcase classname="tests.test_calc_engine_phase3.TestExecuteByCategory" name="test_endpoint_exists_and_requires_auth" time="0.096" /><testcase classname="tests.test_calc_engine_phase3.TestExecuteByCategory" name="test_admin_user_can_access_endpoint" time="0.093" /><testcase classname="tests.test_calc_engine_phase3.TestExecuteByCategory" name="test_super_admin_can_access_endpoint" time="0.325"><skipped type="pytest.skip" message="Login failed for superadmin@ecotrack.com: 401 {&quot;detail&quot;:&quot;Incorrect email or password&quot;}">/app/backend/tests/test_calc_engine_phase3.py:104: Login failed for superadmin@ecotrack.com: 401 {"detail":"Incorrect email or password"}</skipped></testcase><testcase classname="tests.test_calc_engine_phase3.TestExecuteByCategory" name="test_with_real_category_if_tree_exists" time="0.187" /><testcase classname="tests.test_calc_engine_phase3.TestCalcEngineReads" name="test_list_variables" time="0.068" /><testcase classname="tests.test_calc_engine_phase3.TestCalcEngineReads" name="test_list_formulas" time="0.085" /><testcase classname="tests.test_calc_engine_phase3.TestCalcEngineReads" name="test_list_decision_trees" time="0.067" /></testsuite></testsuites>