<?xml version="1.0" encoding="utf-8"?><testsuites name="pytest tests"><testsuite name="pytest" errors="0" failures="0" skipped="0" tests="8" time="3.414" timestamp="2026-07-25T13:19:37.319678+00:00" hostname="agent-env-08bcf3d9-807e-486f-b2fb-322a6e2e49f3"><testcase classname="tests.test_p0_lifecycle_and_approvals_iter112.TestAssignmentDeletionLifecycle" name="test_delete_assignment_marks_tasks_cancelled" time="1.978" /><testcase classname="tests.test_p0_lifecycle_and_approvals_iter112.TestAssignmentDeletionLifecycle" name="test_delete_nonexistent_assignment_returns_404" time="0.099" /><testcase classname="tests.test_p0_lifecycle_and_approvals_iter112.TestAuditCancelledTasks" name="test_audit_endpoint_returns_cancelled_tasks" time="0.305" /><testcase classname="tests.test_p0_lifecycle_and_approvals_iter112.TestAuditCancelledTasks" name="test_audit_endpoint_orphaned_filter" time="0.096" /><testcase classname="tests.test_p0_lifecycle_and_approvals_iter112.TestPendingApprovalEditBlock" name="test_edit_with_pending_approval_returns_409" time="0.204" /><testcase classname="tests.test_p0_lifecycle_and_approvals_iter112.TestPendingApprovalEditBlock" name="test_admin_override_bypasses_pending_approval" time="0.161" /><testcase classname="tests.test_p0_lifecycle_and_approvals_iter112.TestMultiplePendingEditRequests" name="test_multiple_pending_edit_requests_blocked" time="0.272" /><testcase classname="tests.test_p0_lifecycle_and_approvals_iter112.TestMultiplePendingEditRequests" name="test_admin_override_bypasses_multiple_pending_edits" time="0.189" /></testsuite></testsuites>