<?xml version="1.0" encoding="utf-8"?><testsuites name="pytest tests"><testsuite name="pytest" errors="0" failures="0" skipped="0" tests="6" time="28.481" timestamp="2026-08-14T07:47:27.227454+00:00" hostname="agent-env-5f227f66-785e-4704-b249-04a954d95075"><testcase classname="backend.tests.test_internal_ai_spills_regression_iter167" name="test_water_approved_counts_are_reported_without_not_found" time="4.825" /><testcase classname="backend.tests.test_internal_ai_spills_regression_iter167" name="test_waste_spill_october_approval_routes_to_waste_spills[is waste spill metric for oct 2026 approved?]" time="6.720" /><testcase classname="backend.tests.test_internal_ai_spills_regression_iter167" name="test_waste_spill_october_approval_routes_to_waste_spills[is waste spill metric for october 2026 approved?]" time="4.868" /><testcase classname="backend.tests.test_internal_ai_spills_regression_iter167" name="test_waste_spillage_amount_uses_volume_of_spill_value_without_inferred_unit" time="3.945" /><testcase classname="backend.tests.test_internal_ai_spills_regression_iter167" name="test_retrieval_error_payload_never_formats_as_not_found" time="0.000" /><testcase classname="backend.tests.test_internal_ai_spills_regression_iter167" name="test_restricted_user_is_scoped_to_authorized_facilities_only" time="7.747" /></testsuite></testsuites>