<?xml version="1.0" encoding="utf-8"?><testsuites name="pytest tests"><testsuite name="pytest" errors="0" failures="1" skipped="0" tests="6" time="0.047" timestamp="2026-08-19T09:24:10.752382+00:00" hostname="agent-env-bc6c8c78-c2f9-49f7-b927-13dcb3706248"><testcase classname="backend.tests.test_scope1_custom_fuel_payload_contract_iter142.TestScope1CreateCustomFuelContract" name="test_build_dynamic_field_values_includes_required_custom_fuel_fields" time="0.000" /><testcase classname="backend.tests.test_scope1_custom_fuel_payload_contract_iter142.TestScope1CreateCustomFuelContract" name="test_build_dynamic_field_values_uses_decision_input_fallback_for_methodology" time="0.000" /><testcase classname="backend.tests.test_scope1_custom_fuel_payload_contract_iter142.TestScope1EditCustomFuelContract" name="test_build_dynamic_values_includes_required_custom_fuel_fields" time="0.000"><failure message="assert 'if (ctx.editUseCustomFuel)' in &quot;/**\n * Scope 1 Edit Module — Shared Helpers\n *\n * Mirrors the `Scope3FlatEdit` pattern for Scope 1 categories\n * (Stationary Combustion, Mobile Combustion, Fugitive Emissions,\n * and the generic Scope 1 fallback).\n *\n * Pure functions own:\n *   - `validateEditSubmission(ctx)` — all Scope-1-specific validations\n *     (override justifications, fuel selection, calc-engine result,\n *      override value validity, dynamic override/optional field checks,\n *      process-name requirements).\n *   - `buildEditPayload(ctx)` — byte-identical PUT payload to the\n *     legacy inline implementation in `Emissions.js`.\n *\n * IMPORTANT: behaviour, validation messages, and payload shape MUST stay\n * byte-identical with the legacy code. UI rendering of Scope 1 edit\n * remains in `Emissions.js` (existing inline JSX) — only logic is moved.\n *\n * Capability-aware: the module reference passed in via `ctx.module`\n * controls future per-category behaviour. Scope 1 has no capabilities\n * today; helpers are factored out for symmetry with Scope 3.\n */\n\n// ---------- field unit resolver (same logic as legacy inline) ----------\n\nconst getFieldUnitForSave = (field, ctx) =&gt; {\n  cons...ponsible_person_designation: formData.responsible_person_designation,\n    responsible_person_contact: formData.responsible_person_contact,\n\n    process_names: formData.process_names.filter((p) =&gt; p.name &amp;&amp; p.name.trim() !== '').map((p) =&gt; p.name),\n    process_descriptions: formData.process_names\n      .filter((p) =&gt; p.name &amp;&amp; p.name.trim() !== '')\n      .map((p) =&gt; ({ name: p.name, description: p.description || '' })),\n\n    // Override justification — Scope 1/2 only when any override enabled\n    ...((formData.scope === 'scope1' || formData.scope === 'scope2') &amp;&amp;\n      (isOverrideCV || isOverrideDensity || overrideEmissionFactorHeat) &amp;&amp; {\n        override_justification: overrideJustification,\n      }),\n  };\n}\n\n/**\n * Factory: binds a module reference for capability-aware overrides\n * in future. Use the same calling convention as `Scope3FlatEdit`.\n */\nexport function createScope1EditApi(module) {\n  return {\n    validateEditSubmission: (ctx) =&gt; validateEditSubmission({ ...ctx, module }),\n    buildEditPayload: (ctx) =&gt; buildEditPayload({ ...ctx, module }),\n  };\n}\n\nexport default {\n  validateEditSubmission,\n  buildEditPayload,\n  createScope1EditApi,\n};\n&quot;">backend/tests/test_scope1_custom_fuel_payload_contract_iter142.py:47: in test_build_dynamic_values_includes_required_custom_fuel_fields
    assert "if (ctx.editUseCustomFuel)" in content
E   assert 'if (ctx.editUseCustomFuel)' in "/**\n * Scope 1 Edit Module — Shared Helpers\n *\n * Mirrors the `Scope3FlatEdit` pattern for Scope 1 categories\n * (Stationary Combustion, Mobile Combustion, Fugitive Emissions,\n * and the generic Scope 1 fallback).\n *\n * Pure functions own:\n *   - `validateEditSubmission(ctx)` — all Scope-1-specific validations\n *     (override justifications, fuel selection, calc-engine result,\n *      override value validity, dynamic override/optional field checks,\n *      process-name requirements).\n *   - `buildEditPayload(ctx)` — byte-identical PUT payload to the\n *     legacy inline implementation in `Emissions.js`.\n *\n * IMPORTANT: behaviour, validation messages, and payload shape MUST stay\n * byte-identical with the legacy code. UI rendering of Scope 1 edit\n * remains in `Emissions.js` (existing inline JSX) — only logic is moved.\n *\n * Capability-aware: the module reference passed in via `ctx.module`\n * controls future per-category behaviour. Scope 1 has no capabilities\n * today; helpers are factored out for symmetry with Scope 3.\n */\n\n// ---------- field unit resolver (same logic as legacy inline) ----------\n\nconst getFieldUnitForSave = (field, ctx) =&gt; {\n  cons...ponsible_person_designation: formData.responsible_person_designation,\n    responsible_person_contact: formData.responsible_person_contact,\n\n    process_names: formData.process_names.filter((p) =&gt; p.name &amp;&amp; p.name.trim() !== '').map((p) =&gt; p.name),\n    process_descriptions: formData.process_names\n      .filter((p) =&gt; p.name &amp;&amp; p.name.trim() !== '')\n      .map((p) =&gt; ({ name: p.name, description: p.description || '' })),\n\n    // Override justification — Scope 1/2 only when any override enabled\n    ...((formData.scope === 'scope1' || formData.scope === 'scope2') &amp;&amp;\n      (isOverrideCV || isOverrideDensity || overrideEmissionFactorHeat) &amp;&amp; {\n        override_justification: overrideJustification,\n      }),\n  };\n}\n\n/**\n * Factory: binds a module reference for capability-aware overrides\n * in future. Use the same calling convention as `Scope3FlatEdit`.\n */\nexport function createScope1EditApi(module) {\n  return {\n    validateEditSubmission: (ctx) =&gt; validateEditSubmission({ ...ctx, module }),\n    buildEditPayload: (ctx) =&gt; buildEditPayload({ ...ctx, module }),\n  };\n}\n\nexport default {\n  validateEditSubmission,\n  buildEditPayload,\n  createScope1EditApi,\n};\n"</failure></testcase><testcase classname="backend.tests.test_scope1_custom_fuel_payload_contract_iter142.TestScope1EditCustomFuelContract" name="test_build_dynamic_values_accepts_object_or_string_methodology" time="0.000" /><testcase classname="backend.tests.test_scope1_custom_fuel_payload_contract_iter142.TestCustomFuelEditHydrationPriority" name="test_emissions_hydration_prefers_dynamic_field_values_qty_unit_with_legacy_fallbacks" time="0.000" /><testcase classname="backend.tests.test_scope1_custom_fuel_payload_contract_iter142.TestCustomFuelEditHydrationPriority" name="test_entry_form_hydration_prefers_dynamic_field_values_qty_unit_with_legacy_fallbacks" time="0.000" /></testsuite></testsuites>