<?xml version="1.0" encoding="utf-8"?><testsuites name="pytest tests"><testsuite name="pytest" errors="0" failures="0" skipped="0" tests="5" time="10.202" timestamp="2026-08-10T05:15:46.788770+00:00" hostname="agent-env-e2dbedf8-7485-494a-bf93-395795952cf3"><testcase classname="backend.tests.test_mis_sbti_targets_iter154" name="test_sbti_targets_discovery" time="1.009" /><testcase classname="backend.tests.test_mis_sbti_targets_iter154" name="test_mis_report_includes_all_active_sbti_targets" time="1.623" /><testcase classname="backend.tests.test_mis_sbti_targets_iter154" name="test_target_summary_and_regression_for_non_sbti_targets" time="0.000" /><testcase classname="backend.tests.test_mis_sbti_targets_iter154" name="test_pdf_contains_sbti_subsection_and_target_details" time="7.414" /><testcase classname="backend.tests.test_mis_sbti_targets_iter154" name="test_pdf_generated_for_visual_legend_review" time="0.000" /></testsuite></testsuites>