<?xml version="1.0" encoding="utf-8"?><testsuites name="pytest tests"><testsuite name="pytest" errors="0" failures="0" skipped="0" tests="2" time="5.477" timestamp="2026-08-06T15:44:05.345988+00:00" hostname="agent-env-ff714fba-26d8-435b-94d2-d331f2cf2829"><testcase classname="backend.tests.test_process_emissions_venting_regression" name="test_create_venting_with_carbon_composition_persists_fields" time="4.012" /><testcase classname="backend.tests.test_process_emissions_venting_regression" name="test_create_venting_using_ncv_does_not_store_carbon_fields" time="1.407" /></testsuite></testsuites>