<?xml version="1.0" encoding="utf-8"?><testsuites name="pytest tests"><testsuite name="pytest" errors="0" failures="1" skipped="0" tests="6" time="29.919" timestamp="2026-08-14T09:24:23.488976+00:00" hostname="agent-env-5f227f66-785e-4704-b249-04a954d95075"><testcase classname="backend.tests.test_internal_ai_energy_behaviors_iter172" name="test_renewable_energy_percentage_for_fy_2026_2027_returns_expected_formula_values" time="5.414" /><testcase classname="backend.tests.test_internal_ai_energy_behaviors_iter172" name="test_fy_normalization_accepts_long_and_short_forms_for_same_year[how much renewable energy % for FY 2026-2027]" time="4.927" /><testcase classname="backend.tests.test_internal_ai_energy_behaviors_iter172" name="test_fy_normalization_accepts_long_and_short_forms_for_same_year[how much renewable energy % for FY 2026-27]" time="4.141" /><testcase classname="backend.tests.test_internal_ai_energy_behaviors_iter172" name="test_fuel_energy_dec_2026_returns_environment_and_scope1_calculations_with_source_labels" time="5.384" /><testcase classname="backend.tests.test_internal_ai_energy_behaviors_iter172" name="test_generic_fuel_energy_phrase_does_not_trigger_literal_canonical_lookup_failure" time="5.229" /><testcase classname="backend.tests.test_internal_ai_energy_behaviors_iter172" name="test_restricted_user_does_not_receive_records_outside_assigned_facilities" time="4.736"><failure message="AssertionError: Restricted user should still receive authorized records (if present).&#10;assert []">backend/tests/test_internal_ai_energy_behaviors_iter172.py:168: in test_restricted_user_does_not_receive_records_outside_assigned_facilities
    assert energy_records, "Restricted user should still receive authorized records (if present)."
E   AssertionError: Restricted user should still receive authorized records (if present).
E   assert []</failure></testcase></testsuite></testsuites>