<?xml version="1.0" encoding="utf-8"?><testsuites name="pytest tests"><testsuite name="pytest" errors="0" failures="0" skipped="0" tests="11" time="2.377" timestamp="2026-08-07T05:27:36.511212+00:00" hostname="agent-env-6f406194-5866-460e-806a-b6545da588c8"><testcase classname="backend.tests.test_mis_reports_v1_full_iter140" name="test_admin_generate_emissions_summary_all_scopes_including_biogenic" time="0.667" /><testcase classname="backend.tests.test_mis_reports_v1_full_iter140" name="test_scope_filter_changes_summary_results" time="0.113" /><testcase classname="backend.tests.test_mis_reports_v1_full_iter140" name="test_report_generation_creates_history_entry" time="0.072" /><testcase classname="backend.tests.test_mis_reports_v1_full_iter140" name="test_export_endpoints_return_non_empty_file_with_valid_content_type[xlsx-application/vnd.openxmlformats-officedocument.spreadsheetml.sheet]" time="0.090" /><testcase classname="backend.tests.test_mis_reports_v1_full_iter140" name="test_export_endpoints_return_non_empty_file_with_valid_content_type[pdf-application/pdf]" time="0.044" /><testcase classname="backend.tests.test_mis_reports_v1_full_iter140" name="test_create_disabled_schedule_appears_without_delivery" time="0.677" /><testcase classname="backend.tests.test_mis_reports_v1_full_iter140" name="test_non_admin_cannot_access_generation_exports_schedules_or_deliveries[post-/api/mis-reports/emissions-summary]" time="0.332" /><testcase classname="backend.tests.test_mis_reports_v1_full_iter140" name="test_non_admin_cannot_access_generation_exports_schedules_or_deliveries[post-/api/mis-reports/emissions-summary/export/xlsx]" time="0.071" /><testcase classname="backend.tests.test_mis_reports_v1_full_iter140" name="test_non_admin_cannot_access_generation_exports_schedules_or_deliveries[get-/api/mis-reports/schedules]" time="0.077" /><testcase classname="backend.tests.test_mis_reports_v1_full_iter140" name="test_non_admin_cannot_access_generation_exports_schedules_or_deliveries[post-/api/mis-reports/schedules]" time="0.076" /><testcase classname="backend.tests.test_mis_reports_v1_full_iter140" name="test_non_admin_cannot_access_generation_exports_schedules_or_deliveries[get-/api/mis-reports/deliveries]" time="0.071" /></testsuite></testsuites>