<?xml version="1.0" encoding="utf-8"?><testsuites name="pytest tests"><testsuite name="pytest" errors="0" failures="1" skipped="0" tests="6" time="22.189" timestamp="2026-08-14T11:19:49.954226+00:00" hostname="agent-env-5f227f66-785e-4704-b249-04a954d95075"><testcase classname="backend.tests.test_internal_ai_combined_renewable_iter173" name="test_combined_renewable_fy_query_returns_three_denominator_sources_and_formula" time="5.231" /><testcase classname="backend.tests.test_internal_ai_combined_renewable_iter173" name="test_scope2_quantities_are_energy_activity_values_with_valid_units_only" time="3.375" /><testcase classname="backend.tests.test_internal_ai_combined_renewable_iter173" name="test_scope1_override_precedence_and_low_kgm3_density_exclusion" time="4.643" /><testcase classname="backend.tests.test_internal_ai_combined_renewable_iter173" name="test_environment_energy_source_row_remains_500_of_10000_kj" time="2.994" /><testcase classname="backend.tests.test_internal_ai_combined_renewable_iter173" name="test_authorization_boundary_restricts_combined_data_to_user_facilities" time="3.329" /><testcase classname="backend.tests.test_internal_ai_combined_renewable_iter173" name="test_combined_sources_have_no_duplicates_or_unitless_entries" time="2.536"><failure message="AssertionError: Duplicate scope2 source rows detected&#10;assert 10 == 7&#10; +  where 10 = len([('2026-05', 3233, 'kWh', False), ('2026-06', 32.2, 'MWh', False), ('2026-12', 7888, 'MWh', True), ('2026-10', 71.8, 'MWh', False), ('2026-09', 82782.0, 'kWh', False), ('2026-12', 7888.0, 'MWh', True), ...])&#10; +  and   7 = len({('2026-04', 1000, 'kWh', False), ('2026-05', 3233, 'kWh', False), ('2026-06', 32.2, 'MWh', False), ('2026-09', 82782.0, 'kWh', False), ('2026-10', 71.8, 'MWh', False), ('2026-11', 0.9, 'MWh', False), ...})&#10; +    where {('2026-04', 1000, 'kWh', False), ('2026-05', 3233, 'kWh', False), ('2026-06', 32.2, 'MWh', False), ('2026-09', 82782.0, 'kWh', False), ('2026-10', 71.8, 'MWh', False), ('2026-11', 0.9, 'MWh', False), ...} = set([('2026-05', 3233, 'kWh', False), ('2026-06', 32.2, 'MWh', False), ('2026-12', 7888, 'MWh', True), ('2026-10', 71.8, 'MWh', False), ('2026-09', 82782.0, 'kWh', False), ('2026-12', 7888.0, 'MWh', True), ...])">backend/tests/test_internal_ai_combined_renewable_iter173.py:283: in test_combined_sources_have_no_duplicates_or_unitless_entries
    assert len(scope2_keys) == len(set(scope2_keys)), "Duplicate scope2 source rows detected"
E   AssertionError: Duplicate scope2 source rows detected
E   assert 10 == 7
E    +  where 10 = len([('2026-05', 3233, 'kWh', False), ('2026-06', 32.2, 'MWh', False), ('2026-12', 7888, 'MWh', True), ('2026-10', 71.8, 'MWh', False), ('2026-09', 82782.0, 'kWh', False), ('2026-12', 7888.0, 'MWh', True), ...])
E    +  and   7 = len({('2026-04', 1000, 'kWh', False), ('2026-05', 3233, 'kWh', False), ('2026-06', 32.2, 'MWh', False), ('2026-09', 82782.0, 'kWh', False), ('2026-10', 71.8, 'MWh', False), ('2026-11', 0.9, 'MWh', False), ...})
E    +    where {('2026-04', 1000, 'kWh', False), ('2026-05', 3233, 'kWh', False), ('2026-06', 32.2, 'MWh', False), ('2026-09', 82782.0, 'kWh', False), ('2026-10', 71.8, 'MWh', False), ('2026-11', 0.9, 'MWh', False), ...} = set([('2026-05', 3233, 'kWh', False), ('2026-06', 32.2, 'MWh', False), ('2026-12', 7888, 'MWh', True), ('2026-10', 71.8, 'MWh', False), ('2026-09', 82782.0, 'kWh', False), ('2026-12', 7888.0, 'MWh', True), ...])</failure></testcase></testsuite></testsuites>