<?xml version="1.0" encoding="utf-8"?><testsuites name="pytest tests"><testsuite name="pytest" errors="0" failures="1" skipped="0" tests="7" time="10.419" timestamp="2026-08-09T16:27:09.077696+00:00" hostname="agent-env-c563cfe5-16e6-4973-86bc-c5dc709041c9"><testcase classname="tests.test_mis_supplier_incidents_iter154" name="test_governance_period_filter_helper" time="0.615" /><testcase classname="tests.test_mis_supplier_incidents_iter154" name="test_executive_report_top_level_keys" time="2.273" /><testcase classname="tests.test_mis_supplier_incidents_iter154" name="test_supplier_scores_have_completion_percent" time="0.000" /><testcase classname="tests.test_mis_supplier_incidents_iter154" name="test_supplier_scores_include_esg_and_ghg_completion" time="0.000" /><testcase classname="tests.test_mis_supplier_incidents_iter154" name="test_pdf_supplier_assessment_shows_scores" time="7.442" /><testcase classname="tests.test_mis_supplier_incidents_iter154" name="test_operational_trends_incidents_nonzero" time="0.000" /><testcase classname="tests.test_mis_supplier_incidents_iter154" name="test_incident_breakdown_current_period" time="0.000"><failure message="AssertionError: incident_breakdown missing from executive_summary&#10;assert {}">tests/test_mis_supplier_incidents_iter154.py:157: in test_incident_breakdown_current_period
    assert ib, "incident_breakdown missing from executive_summary"
E   AssertionError: incident_breakdown missing from executive_summary
E   assert {}</failure></testcase></testsuite></testsuites>