<?xml version="1.0" encoding="utf-8"?><testsuites name="pytest tests"><testsuite name="pytest" errors="0" failures="0" skipped="0" tests="22" time="0.731" timestamp="2026-08-12T07:01:39.074017+00:00" hostname="agent-env-4c95eb7d-1cbe-4222-9b0d-54fc8a95d5be"><testcase classname="tests.test_internal_ai_auxiliary_queries" name="test_aug_and_sept_are_explicit_calendar_months" time="0.001" /><testcase classname="tests.test_internal_ai_auxiliary_queries" name="test_property_brsr_approval_and_attachment_queries_use_explicit_routes" time="0.001" /><testcase classname="tests.test_internal_ai_auxiliary_queries" name="test_calorific_value_is_read_from_authorized_dynamic_inputs" time="0.001" /><testcase classname="tests.test_internal_ai_phase1_normalization.TestQuantityNormalization" name="test_dynamic_quantity_has_priority" time="0.000" /><testcase classname="tests.test_internal_ai_phase1_normalization.TestQuantityNormalization" name="test_legacy_quantity_is_supported" time="0.000" /><testcase classname="tests.test_internal_ai_phase1_normalization.TestQuantityNormalization" name="test_missing_quantity_is_explicit" time="0.000" /><testcase classname="tests.test_internal_ai_phase1_normalization.TestUnitResolution" name="test_audit_unit_has_priority_over_formula_and_record" time="0.000" /><testcase classname="tests.test_internal_ai_phase1_normalization.TestUnitResolution" name="test_formula_unit_is_used_when_audit_is_unavailable" time="0.000" /><testcase classname="tests.test_internal_ai_phase1_normalization.TestFuelResolution" name="test_canonical_and_approved_diesel_aliases_resolve" time="0.001" /><testcase classname="tests.test_internal_ai_phase1_normalization.TestFuelResolution" name="test_unknown_fuel_does_not_guess" time="0.000" /><testcase classname="tests.test_internal_ai_phase1_normalization.TestPeriodEvidence" name="test_monthly_and_annual_periods_are_distinguished" time="0.001" /><testcase classname="tests.test_internal_ai_phase2_query_understanding" name="test_consumption_contract_is_explicit_and_uses_emission_records" time="0.000" /><testcase classname="tests.test_internal_ai_phase2_query_understanding" name="test_scope_emission_contract_is_not_kpi_metadata_lookup" time="0.000" /><testcase classname="tests.test_internal_ai_phase2_query_understanding" name="test_methodology_contract_requires_relationship_sources" time="0.000" /><testcase classname="tests.test_internal_ai_phase2_query_understanding" name="test_version_and_audit_queries_are_distinct" time="0.000" /><testcase classname="tests.test_internal_ai_phase2_query_understanding" name="test_generic_scope_question_never_gains_an_unrelated_fuel_entity" time="0.000" /><testcase classname="tests.test_internal_ai_phase2_query_understanding" name="test_ambiguous_fuel_is_never_planned_as_found_data" time="0.000" /><testcase classname="tests.test_internal_ai_phase6_planner_executor" name="test_structured_planner_routes_consumption_and_version_history_deterministically" time="0.000" /><testcase classname="tests.test_internal_ai_phase6_planner_executor" name="test_unresolved_fuel_fails_closed_instead_of_broadening_the_query" time="0.000" /><testcase classname="tests.test_internal_ai_phase6_planner_executor" name="test_admin_scope_remains_organization_wide_while_explicit_empty_scope_stays_restricted" time="0.000" /><testcase classname="tests.test_internal_ai_phase6_planner_executor" name="test_executor_passes_only_prior_authorized_records_to_relationship_and_evidence" time="0.001" /><testcase classname="tests.test_internal_ai_record_history_names" name="test_record_history_keeps_stored_display_name_and_omits_internal_user_id" time="0.001" /></testsuite></testsuites>