<?xml version="1.0" encoding="utf-8"?><testsuites name="pytest tests"><testsuite name="pytest" errors="0" failures="0" skipped="0" tests="6" time="0.765" timestamp="2026-08-10T12:06:16.172037+00:00" hostname="agent-env-e2dbedf8-7485-494a-bf93-395795952cf3"><testcase classname="backend.tests.test_internal_ai_iter159_regression_scope_history" name="test_analytics_scope_variants_normalize_and_apply_org_facility_category_period[Scope 1]" time="0.002" /><testcase classname="backend.tests.test_internal_ai_iter159_regression_scope_history" name="test_analytics_scope_variants_normalize_and_apply_org_facility_category_period[scope 1]" time="0.001" /><testcase classname="backend.tests.test_internal_ai_iter159_regression_scope_history" name="test_analytics_scope_variants_normalize_and_apply_org_facility_category_period[1]" time="0.001" /><testcase classname="backend.tests.test_internal_ai_iter159_regression_scope_history" name="test_history_framework_version_query_is_org_scoped_and_allowlisted" time="0.001" /><testcase classname="backend.tests.test_internal_ai_iter159_regression_scope_history" name="test_brsr_version_history_query_is_org_scoped" time="0.001" /><testcase classname="backend.tests.test_internal_ai_iter159_regression_scope_history" name="test_gri_version_history_query_is_org_scoped" time="0.001" /></testsuite></testsuites>