<?xml version="1.0" encoding="utf-8"?><testsuites name="pytest tests"><testsuite name="pytest" errors="0" failures="0" skipped="0" tests="6" time="2.178" timestamp="2026-08-07T05:10:57.820585+00:00" hostname="agent-env-6f406194-5866-460e-806a-b6545da588c8"><testcase classname="backend.tests.test_reports_mis_v1_phase1" name="test_reports_catalog_admin_permission_aware" time="0.411" /><testcase classname="backend.tests.test_reports_mis_v1_phase1" name="test_reports_filter_schema_admin_active_facilities" time="0.327" /><testcase classname="backend.tests.test_reports_mis_v1_phase1" name="test_reports_history_admin_valid_org_response" time="0.367" /><testcase classname="backend.tests.test_reports_mis_v1_phase1" name="test_reports_catalog_non_admin_permission_restriction" time="0.277" /><testcase classname="backend.tests.test_reports_mis_v1_phase1" name="test_reports_filter_and_history_reject_non_admin" time="0.341" /><testcase classname="backend.tests.test_reports_mis_v1_phase1" name="test_reports_filter_schema_matches_supplier_org_facilities" time="0.385" /></testsuite></testsuites>