<?xml version="1.0" encoding="utf-8"?><testsuites name="pytest tests"><testsuite name="pytest" errors="0" failures="0" skipped="0" tests="3" time="0.357" timestamp="2026-08-15T10:01:46.722919+00:00" hostname="agent-env-5f227f66-785e-4704-b249-04a954d95075"><testcase classname="tests.test_internal_ai_brsr_regressions" name="test_generic_brsr_count_does_not_create_question_key_filter" time="0.004" /><testcase classname="tests.test_internal_ai_brsr_regressions" name="test_bare_year_range_resolves_as_financial_year" time="0.001" /><testcase classname="tests.test_internal_ai_brsr_regressions" name="test_brsr_history_resolves_response_keys_from_unified_collection" time="0.001" /></testsuite></testsuites>