<?xml version="1.0" encoding="utf-8"?><testsuites name="pytest tests"><testsuite name="pytest" errors="0" failures="0" skipped="0" tests="5" time="4.784" timestamp="2026-07-25T14:09:44.539861+00:00" hostname="agent-env-08bcf3d9-807e-486f-b2fb-322a6e2e49f3"><testcase classname="backend.tests.test_task_ownership_iter114.TestTaskOwnership" name="test_task_engine_initializes_ownership_fields_to_none" time="0.882" /><testcase classname="backend.tests.test_task_ownership_iter114.TestTaskOwnership" name="test_submit_without_approval_sets_completed_and_submitted" time="0.922" /><testcase classname="backend.tests.test_task_ownership_iter114.TestTaskOwnership" name="test_submit_with_approval_sets_submitted_but_not_completed" time="0.692" /><testcase classname="backend.tests.test_task_ownership_iter114.TestTaskOwnership" name="test_approval_sets_completed_and_approved" time="1.440" /><testcase classname="backend.tests.test_task_ownership_iter114.TestTaskOwnership" name="test_ownership_persists_after_reassignment" time="0.722" /></testsuite></testsuites>