<?xml version="1.0" encoding="utf-8"?><testsuites name="pytest tests"><testsuite name="pytest" errors="0" failures="1" skipped="0" tests="1" time="4.663" timestamp="2026-08-14T10:11:03.369562+00:00" hostname="agent-env-5f227f66-785e-4704-b249-04a954d95075"><testcase classname="backend.tests.test_internal_ai_energy_behaviors_iter172" name="test_renewable_energy_percentage_for_fy_2026_2027_returns_expected_formula_values" time="4.593"><failure message="AssertionError: Expected renewable_energy_results rows in raw_data. payload={'session_id': 'bc8c40de-3b3e-4dba-80c5-d195c057923d', 'answer': 'Renewable Energy % — combined energy ledger\nEnvironment renewable energy: 0.0005 GJ\nScope 2 renewable electricity: 56793.6 GJ\nScope 1 Fuel Energy: 1769.2589236000001 GJ\nScope 2 electricity energy: 58040.989199999996 GJ\nEnvironment total energy: 0.01 GJ\nFormula: (0.0005 + 56793.6) / (1769.2589236000001 + 58040.989199999996 + 0.01) × 100\nResult: 94.956287%', 'highlights': [{'label': 'State', 'value': 'FOUND'}, {'label': 'Records found', 'value': '1'}, {'label': 'Pending', 'value': '0'}, {'label': 'Approved', 'value': '0'}, {'label': 'Source', 'value': 'Environment → Energy'}], 'suggestion': None, 'response_type': 'metric', 'raw_data': {'environment_energy': {'section': 'environment', 'category': 'Energy', 'subcategory': None, 'metric_field_label': None, 'source_path': 'Environment → Energy', 'period': 'FY 2026–27', 'approval_status_filter': None, 'derived_metric': 'renewable_energy_percentage', 'state': 'FOUND', 'records_found': 1, 'matching_status_records': 1, 'approval_status_summary': {'PENDING': 0, 'APPROVED': 0, 'STATUS_UNAVAILABLE': 0, 'OTHER': 1}, 'aggregates': [{'period': None, 'value': 0.01, 'unit': 'GJ', 'records': 1, 'facilities': ['Facility B']}], 'derived_results': [], 'renewable_energy_results': [{'period': 'FY 2026-2027', 'renewable_value': 500.0, 'total_value': 10000.0, 'unit': 'Kilojoule (kJ)', 'percentage': 5.0, 'state': 'FOUND'}], 'records': [{'metric': 'Fuel Within Organization', 'category': 'Energy', 'subcategory': 'Fuel Within Organization', 'facility': 'Facility B', 'reporting_period': 'FY 2026-2027', 'metric_value': {'field_key': 'quantity', 'field_label': 'Total Energy Consumption', 'value': 10000, 'unit': 'Kilojoule (kJ)', 'state': 'AVAILABLE'}, 'value_state': 'AVAILABLE', 'operational_status': 'completed', 'approval_status': 'not_required', 'state': 'FOUND'}]}, 'ghg_energy': {'scope1_calculations': [{'fuel_type': 'Crude Oil', 'reporting_period': '2026-07', 'quantity': 4003.0, 'quantity_unit': 'L', 'density': 0.8734567901, 'density_unit': 'kg/L', 'density_source': 'fuel database default', 'ncv': 4.23e-05, 'ncv_unit': 'TJ/kg', 'ncv_source': 'fuel database default', 'energy_tj': 0.1478997306}, {'fuel_type': 'Petrol/Motor Gasoline', 'reporting_period': '2026-07', 'quantity': 3122.0, 'quantity_unit': 'L', 'density': 0.1, 'density_unit': 'kg/L', 'density_source': 'record override', 'ncv': 4.43e-05, 'ncv_unit': 'TJ/kg', 'ncv_source': 'fuel database default', 'energy_tj': 0.01383046}, {'fuel_type': 'Residual Fuel Oil', 'reporting_period': '2026-08', 'quantity': 789.0, 'quantity_unit': 'L', 'density': 0.961083086, 'density_unit': 'kg/L', 'density_source': 'fuel database default', 'ncv': 0.0003, 'ncv_unit': 'TJ/kg', 'ncv_source': 'record override', 'energy_tj': 0.2274883665}, {'fuel_type': 'Natural Gas', 'reporting_period': 'FY 2026-2027', 'quantity': 12.0, 'quantity_unit': 't', 'density': 0.0007, 'density_unit': 'kg/L', 'density_source': 'fuel database default', 'ncv': 4.8e-05, 'ncv_unit': 'TJ/kg', 'ncv_source': 'fuel database default', 'energy_tj': 0.576}, {'fuel_type': 'Petrol/Motor Gasoline', 'reporting_period': '2026-06', 'quantity': 345.0, 'quantity_unit': 'L', 'density': 0.001, 'density_unit': 'kg/L', 'density_source': 'record override', 'ncv': 0.0008, 'ncv_unit': 'TJ/kg', 'ncv_source': 'record override', 'energy_tj': 0.000276}, {'fuel_type': 'Residual Fuel Oil', 'reporting_period': '2026-08', 'quantity': 789.0, 'quantity_unit': 'L', 'density': 0.961083086, 'density_unit': 'kg/L', 'density_source': 'fuel database default', 'ncv': 0.0003, 'ncv_unit': 'TJ/kg', 'ncv_source': 'record override', 'energy_tj': 0.2274883665}, {'fuel_type': 'Natural Gas', 'reporting_period': 'FY 2026-2027', 'quantity': 12.0, 'quantity_unit': 't', 'density': 0.0007, 'density_unit': 'kg/L', 'density_source': 'fuel database default', 'ncv': 4.8e-05, 'ncv_unit': 'TJ/kg', 'ncv_source': 'fuel database default', 'energy_tj': 0.576}, {'fuel_type': 'Petrol/Motor Gasoline', 'reporting_period': '2026-06', 'quantity': 345.0, 'quantity_unit': 'L', 'density': 0.001, 'density_unit': 'kg/L', 'density_source': 'record override', 'ncv': 0.0008, 'ncv_unit': 'TJ/kg', 'ncv_source': 'record override', 'energy_tj': 0.000276}], 'scope2_electricity': [{'quantity': 3233, 'unit': 'kWh', 'renewable': False, 'period': '2026-05'}, {'quantity': 32.2, 'unit': 'MWh', 'renewable': False, 'period': '2026-06'}, {'quantity': 7888, 'unit': 'MWh', 'renewable': True, 'period': '2026-12'}, {'quantity': 71.8, 'unit': 'MWh', 'renewable': False, 'period': '2026-10'}, {'quantity': 82782.0, 'unit': 'kWh', 'renewable': False, 'period': '2026-09'}, {'quantity': 7888.0, 'unit': 'MWh', 'renewable': True, 'period': '2026-12'}, {'quantity': 0.9, 'unit': 'MWh', 'renewable': False, 'period': '2026-11'}, {'quantity': 71.8, 'unit': 'MWh', 'renewable': False, 'period': '2026-10'}, {'quantity': 82782.0, 'unit': 'kWh', 'renewable': False, 'period': '2026-09'}, {'quantity': 1000, 'unit': 'kWh', 'renewable': False, 'period': '2026-04'}], 'period': 'FY 2026–27'}}, 'chart': None, 'evidence': None, 'intent': 'kpi_lookup', 'query_type': 'esg_metric_lookup'}&#10;assert []">session = &lt;requests.sessions.Session object at 0xfafb673de990&gt;
tokens = {'admin': 'eyJhbGciOiJIUzI1NiIsInR5cCI6IkpXVCJ9.eyJzdWIiOiJlM2U3ZWM3ZS01YjNkLTQwMTEtYTc1Mi00MGNkNjdiZTg0YzAiLCJleHAiOj...GMtYWVkMS1jMTRkNWE3MWY2YTkiLCJleHAiOjE3ODY3MDU4NjQsInR5cGUiOiJhY2Nlc3MifQ.1_GlvWDx3ngIHatNJIwWloVXFZJ9Il3XK3kcApJHlbk'}

    def test_renewable_energy_percentage_for_fy_2026_2027_returns_expected_formula_values(session: requests.Session, tokens: dict[str, str]):
        payload = _chat(session, tokens["admin"], "how much renewable energy % for FY 2026-2027")
        answer_lower = (payload.get("answer") or "").lower()
    
        assert payload.get("query_type") == "esg_metric_lookup"
        assert "not_found" not in answer_lower
        assert "renewable energy" in answer_lower
        assert "formula" in answer_lower
    
        rows = _renewable_rows(payload)
&gt;       assert rows, f"Expected renewable_energy_results rows in raw_data. payload={payload}"
E       AssertionError: Expected renewable_energy_results rows in raw_data. payload={'session_id': 'bc8c40de-3b3e-4dba-80c5-d195c057923d', 'answer': 'Renewable Energy % — combined energy ledger\nEnvironment renewable energy: 0.0005 GJ\nScope 2 renewable electricity: 56793.6 GJ\nScope 1 Fuel Energy: 1769.2589236000001 GJ\nScope 2 electricity energy: 58040.989199999996 GJ\nEnvironment total energy: 0.01 GJ\nFormula: (0.0005 + 56793.6) / (1769.2589236000001 + 58040.989199999996 + 0.01) × 100\nResult: 94.956287%', 'highlights': [{'label': 'State', 'value': 'FOUND'}, {'label': 'Records found', 'value': '1'}, {'label': 'Pending', 'value': '0'}, {'label': 'Approved', 'value': '0'}, {'label': 'Source', 'value': 'Environment → Energy'}], 'suggestion': None, 'response_type': 'metric', 'raw_data': {'environment_energy': {'section': 'environment', 'category': 'Energy', 'subcategory': None, 'metric_field_label': None, 'source_path': 'Environment → Energy', 'period': 'FY 2026–27', 'approval_status_filter': None, 'derived_metric': 'renewable_energy_percentage', 'state': 'FOUND', 'records_found': 1, 'matching_status_records': 1, 'approval_status_summary': {'PENDING': 0, 'APPROVED': 0, 'STATUS_UNAVAILABLE': 0, 'OTHER': 1}, 'aggregates': [{'period': None, 'value': 0.01, 'unit': 'GJ', 'records': 1, 'facilities': ['Facility B']}], 'derived_results': [], 'renewable_energy_results': [{'period': 'FY 2026-2027', 'renewable_value': 500.0, 'total_value': 10000.0, 'unit': 'Kilojoule (kJ)', 'percentage': 5.0, 'state': 'FOUND'}], 'records': [{'metric': 'Fuel Within Organization', 'category': 'Energy', 'subcategory': 'Fuel Within Organization', 'facility': 'Facility B', 'reporting_period': 'FY 2026-2027', 'metric_value': {'field_key': 'quantity', 'field_label': 'Total Energy Consumption', 'value': 10000, 'unit': 'Kilojoule (kJ)', 'state': 'AVAILABLE'}, 'value_state': 'AVAILABLE', 'operational_status': 'completed', 'approval_status': 'not_required', 'state': 'FOUND'}]}, 'ghg_energy': {'scope1_calculations': [{'fuel_type': 'Crude Oil', 'reporting_period': '2026-07', 'quantity': 4003.0, 'quantity_unit': 'L', 'density': 0.8734567901, 'density_unit': 'kg/L', 'density_source': 'fuel database default', 'ncv': 4.23e-05, 'ncv_unit': 'TJ/kg', 'ncv_source': 'fuel database default', 'energy_tj': 0.1478997306}, {'fuel_type': 'Petrol/Motor Gasoline', 'reporting_period': '2026-07', 'quantity': 3122.0, 'quantity_unit': 'L', 'density': 0.1, 'density_unit': 'kg/L', 'density_source': 'record override', 'ncv': 4.43e-05, 'ncv_unit': 'TJ/kg', 'ncv_source': 'fuel database default', 'energy_tj': 0.01383046}, {'fuel_type': 'Residual Fuel Oil', 'reporting_period': '2026-08', 'quantity': 789.0, 'quantity_unit': 'L', 'density': 0.961083086, 'density_unit': 'kg/L', 'density_source': 'fuel database default', 'ncv': 0.0003, 'ncv_unit': 'TJ/kg', 'ncv_source': 'record override', 'energy_tj': 0.2274883665}, {'fuel_type': 'Natural Gas', 'reporting_period': 'FY 2026-2027', 'quantity': 12.0, 'quantity_unit': 't', 'density': 0.0007, 'density_unit': 'kg/L', 'density_source': 'fuel database default', 'ncv': 4.8e-05, 'ncv_unit': 'TJ/kg', 'ncv_source': 'fuel database default', 'energy_tj': 0.576}, {'fuel_type': 'Petrol/Motor Gasoline', 'reporting_period': '2026-06', 'quantity': 345.0, 'quantity_unit': 'L', 'density': 0.001, 'density_unit': 'kg/L', 'density_source': 'record override', 'ncv': 0.0008, 'ncv_unit': 'TJ/kg', 'ncv_source': 'record override', 'energy_tj': 0.000276}, {'fuel_type': 'Residual Fuel Oil', 'reporting_period': '2026-08', 'quantity': 789.0, 'quantity_unit': 'L', 'density': 0.961083086, 'density_unit': 'kg/L', 'density_source': 'fuel database default', 'ncv': 0.0003, 'ncv_unit': 'TJ/kg', 'ncv_source': 'record override', 'energy_tj': 0.2274883665}, {'fuel_type': 'Natural Gas', 'reporting_period': 'FY 2026-2027', 'quantity': 12.0, 'quantity_unit': 't', 'density': 0.0007, 'density_unit': 'kg/L', 'density_source': 'fuel database default', 'ncv': 4.8e-05, 'ncv_unit': 'TJ/kg', 'ncv_source': 'fuel database default', 'energy_tj': 0.576}, {'fuel_type': 'Petrol/Motor Gasoline', 'reporting_period': '2026-06', 'quantity': 345.0, 'quantity_unit': 'L', 'density': 0.001, 'density_unit': 'kg/L', 'density_source': 'record override', 'ncv': 0.0008, 'ncv_unit': 'TJ/kg', 'ncv_source': 'record override', 'energy_tj': 0.000276}], 'scope2_electricity': [{'quantity': 3233, 'unit': 'kWh', 'renewable': False, 'period': '2026-05'}, {'quantity': 32.2, 'unit': 'MWh', 'renewable': False, 'period': '2026-06'}, {'quantity': 7888, 'unit': 'MWh', 'renewable': True, 'period': '2026-12'}, {'quantity': 71.8, 'unit': 'MWh', 'renewable': False, 'period': '2026-10'}, {'quantity': 82782.0, 'unit': 'kWh', 'renewable': False, 'period': '2026-09'}, {'quantity': 7888.0, 'unit': 'MWh', 'renewable': True, 'period': '2026-12'}, {'quantity': 0.9, 'unit': 'MWh', 'renewable': False, 'period': '2026-11'}, {'quantity': 71.8, 'unit': 'MWh', 'renewable': False, 'period': '2026-10'}, {'quantity': 82782.0, 'unit': 'kWh', 'renewable': False, 'period': '2026-09'}, {'quantity': 1000, 'unit': 'kWh', 'renewable': False, 'period': '2026-04'}], 'period': 'FY 2026–27'}}, 'chart': None, 'evidence': None, 'intent': 'kpi_lookup', 'query_type': 'esg_metric_lookup'}
E       assert []

backend/tests/test_internal_ai_energy_behaviors_iter172.py:105: AssertionError</failure></testcase></testsuite></testsuites>