<?xml version="1.0" encoding="utf-8"?><testsuites name="pytest tests"><testsuite name="pytest" errors="0" failures="0" skipped="0" tests="8" time="0.023" timestamp="2026-08-08T13:47:18.835368+00:00" hostname="agent-env-7659aa9b-a9dd-4e72-8301-78b52bad325e"><testcase classname="tests.test_mis_reporting_period_service" name="test_monthly_fy_august_current_previous_ytd_and_previous_year" time="0.000" /><testcase classname="tests.test_mis_reporting_period_service" name="test_monthly_calendar_year_august_ytd_starts_january" time="0.000" /><testcase classname="tests.test_mis_reporting_period_service" name="test_monthly_mid_period_is_labeled_month_to_date" time="0.000" /><testcase classname="tests.test_mis_reporting_period_service" name="test_weekly_monday_sunday_and_364_day_previous_year_mapping" time="0.000" /><testcase classname="tests.test_mis_reporting_period_service" name="test_quarterly_fy_q2_uses_april_start_calendar" time="0.000" /><testcase classname="tests.test_mis_reporting_period_service" name="test_quarterly_calendar_year_q3_and_ytd" time="0.000" /><testcase classname="tests.test_mis_reporting_period_service" name="test_yearly_fy_rollover_is_complete_at_year_end" time="0.000" /><testcase classname="tests.test_mis_reporting_period_service" name="test_leap_year_month_end_is_calculated_safely" time="0.000" /></testsuite></testsuites>