<?xml version="1.0" encoding="utf-8"?><testsuites name="pytest tests"><testsuite name="pytest" errors="0" failures="0" skipped="0" tests="20" time="1.029" timestamp="2026-08-09T07:29:29.941741+00:00" hostname="agent-env-7659aa9b-a9dd-4e72-8301-78b52bad325e"><testcase classname="backend.tests.test_mis_comparison_and_contracts_iter145" name="test_comparison_status_zero_baseline_returns_new_activity_message" time="0.000" /><testcase classname="backend.tests.test_mis_comparison_and_contracts_iter145" name="test_comparison_status_large_increase_returns_review_recommended_message" time="0.000" /><testcase classname="backend.tests.test_mis_comparison_and_contracts_iter145" name="test_comparison_status_renewable_higher_behaves_opposite_to_energy_lower" time="0.000" /><testcase classname="backend.tests.test_mis_comparison_and_contracts_iter145" name="test_target_direction_missing_explicit_direction_returns_direction_required" time="0.000" /><testcase classname="backend.tests.test_mis_comparison_and_contracts_iter145" name="test_target_direction_changes_status_for_increase_and_decrease_goals" time="0.000" /><testcase classname="backend.tests.test_mis_comparison_and_contracts_iter145" name="test_pdf_builder_contract_contains_required_management_table_content" time="0.000" /><testcase classname="backend.tests.test_mis_comparison_and_contracts_iter145" name="test_pdf_builder_contract_contains_row_level_units_for_energy_water_waste" time="0.000" /><testcase classname="backend.tests.test_mis_comparison_and_contracts_iter145" name="test_service_contract_has_overall_management_and_facility_status_fields" time="0.000" /><testcase classname="backend.tests.test_mis_comparison_and_contracts_iter145" name="test_inferred_legacy_target_direction_expected_mappings" time="0.000" /><testcase classname="backend.tests.test_mis_comparison_and_contracts_iter145" name="test_enrich_targets_direction_precedence_and_legacy_name_fallback" time="0.038" /><testcase classname="backend.tests.test_mis_reporting_period_service" name="test_monthly_fy_august_current_previous_ytd_and_previous_year" time="0.000" /><testcase classname="backend.tests.test_mis_reporting_period_service" name="test_monthly_calendar_year_august_ytd_starts_january" time="0.000" /><testcase classname="backend.tests.test_mis_reporting_period_service" name="test_monthly_mid_period_is_labeled_month_to_date" time="0.000" /><testcase classname="backend.tests.test_mis_reporting_period_service" name="test_weekly_monday_sunday_and_364_day_previous_year_mapping" time="0.000" /><testcase classname="backend.tests.test_mis_reporting_period_service" name="test_quarterly_fy_q2_uses_april_start_calendar" time="0.000" /><testcase classname="backend.tests.test_mis_reporting_period_service" name="test_quarterly_calendar_year_q3_and_ytd" time="0.000" /><testcase classname="backend.tests.test_mis_reporting_period_service" name="test_yearly_fy_rollover_is_complete_at_year_end" time="0.000" /><testcase classname="backend.tests.test_mis_reporting_period_service" name="test_leap_year_month_end_is_calculated_safely" time="0.000" /><testcase classname="backend.tests.test_mis_resource_snapshot_source_of_truth_iter147" name="test_build_resource_snapshot_calls_dashboard_metrics_and_maps_resources" time="0.001" /><testcase classname="backend.tests.test_mis_resource_snapshot_source_of_truth_iter147" name="test_build_resource_snapshot_does_not_call_environment_detail_or_recycled_water_override" time="0.001" /></testsuite></testsuites>