<?xml version="1.0" encoding="utf-8"?><testsuites name="pytest tests"><testsuite name="pytest" errors="0" failures="0" skipped="0" tests="2" time="0.494" timestamp="2026-08-12T11:06:20.148455+00:00" hostname="agent-env-4c95eb7d-1cbe-4222-9b0d-54fc8a95d5be"><testcase classname="tests.test_question_response_timeline" name="test_brsr_timeline_keeps_submitter_value_distinct_from_approver_final_value" time="0.000" /><testcase classname="tests.test_question_response_timeline" name="test_gri_rejection_is_year_scoped_and_exposes_reason" time="0.000" /></testsuite></testsuites>