<?xml version="1.0" encoding="utf-8"?><testsuites name="pytest tests"><testsuite name="pytest" errors="0" failures="0" skipped="0" tests="28" time="0.748" timestamp="2026-08-12T06:05:19.289897+00:00" hostname="agent-env-4c95eb7d-1cbe-4222-9b0d-54fc8a95d5be"><testcase classname="tests.test_internal_ai_phase2_query_understanding" name="test_consumption_contract_is_explicit_and_uses_emission_records" time="0.001" /><testcase classname="tests.test_internal_ai_phase2_query_understanding" name="test_scope_emission_contract_is_not_kpi_metadata_lookup" time="0.000" /><testcase classname="tests.test_internal_ai_phase2_query_understanding" name="test_methodology_contract_requires_relationship_sources" time="0.000" /><testcase classname="tests.test_internal_ai_phase2_query_understanding" name="test_version_and_audit_queries_are_distinct" time="0.000" /><testcase classname="tests.test_internal_ai_phase2_query_understanding" name="test_generic_scope_question_never_gains_an_unrelated_fuel_entity" time="0.000" /><testcase classname="tests.test_internal_ai_phase2_query_understanding" name="test_ambiguous_fuel_is_never_planned_as_found_data" time="0.000" /><testcase classname="tests.test_internal_ai_phase6_planner_executor" name="test_structured_planner_routes_consumption_and_version_history_deterministically" time="0.000" /><testcase classname="tests.test_internal_ai_phase6_planner_executor" name="test_unresolved_fuel_fails_closed_instead_of_broadening_the_query" time="0.000" /><testcase classname="tests.test_internal_ai_phase6_planner_executor" name="test_admin_scope_remains_organization_wide_while_explicit_empty_scope_stays_restricted" time="0.000" /><testcase classname="tests.test_internal_ai_phase6_planner_executor" name="test_executor_passes_only_prior_authorized_records_to_relationship_and_evidence" time="0.001" /><testcase classname="tests.test_internal_ai_identifier_privacy" name="test_evidence_payload_excludes_internal_record_formula_and_version_identifiers" time="0.000" /><testcase classname="tests.test_internal_ai_phase1_normalization.TestQuantityNormalization" name="test_dynamic_quantity_has_priority" time="0.000" /><testcase classname="tests.test_internal_ai_phase1_normalization.TestQuantityNormalization" name="test_legacy_quantity_is_supported" time="0.000" /><testcase classname="tests.test_internal_ai_phase1_normalization.TestQuantityNormalization" name="test_missing_quantity_is_explicit" time="0.000" /><testcase classname="tests.test_internal_ai_phase1_normalization.TestUnitResolution" name="test_audit_unit_has_priority_over_formula_and_record" time="0.000" /><testcase classname="tests.test_internal_ai_phase1_normalization.TestUnitResolution" name="test_formula_unit_is_used_when_audit_is_unavailable" time="0.000" /><testcase classname="tests.test_internal_ai_phase1_normalization.TestFuelResolution" name="test_canonical_and_approved_diesel_aliases_resolve" time="0.001" /><testcase classname="tests.test_internal_ai_phase1_normalization.TestFuelResolution" name="test_unknown_fuel_does_not_guess" time="0.000" /><testcase classname="tests.test_internal_ai_phase1_normalization.TestPeriodEvidence" name="test_monthly_and_annual_periods_are_distinguished" time="0.001" /><testcase classname="tests.test_internal_ai_phase3_relationships" name="test_relationship_resolver_uses_authorized_record_chain_and_audit_unit" time="0.001" /><testcase classname="tests.test_internal_ai_phase3_relationships" name="test_relationship_resolver_marks_missing_formula_or_version_as_partial" time="0.000" /><testcase classname="tests.test_internal_ai_phase4_evidence" name="test_exact_record_is_found" time="0.000" /><testcase classname="tests.test_internal_ai_phase4_evidence" name="test_annual_value_is_partial_and_explicitly_derived" time="0.000" /><testcase classname="tests.test_internal_ai_phase4_evidence" name="test_different_period_is_not_reported_as_found_exactly" time="0.000" /><testcase classname="tests.test_internal_ai_phase4_evidence" name="test_missing_ambiguous_unsupported_and_relationship_states_are_explicit" time="0.000" /><testcase classname="tests.test_internal_ai_phase5_context" name="test_context_persists_only_normalized_query_dimensions" time="0.000" /><testcase classname="tests.test_internal_ai_phase5_context" name="test_follow_up_inherits_diesel_and_july_deterministically" time="0.000" /><testcase classname="tests.test_internal_ai_phase5_context" name="test_fresh_query_does_not_borrow_previous_entity" time="0.000" /></testsuite></testsuites>