<?xml version="1.0" encoding="utf-8"?><testsuites name="pytest tests"><testsuite name="pytest" errors="0" failures="0" skipped="0" tests="7" time="1.781" timestamp="2026-07-27T13:15:05.110548+00:00" hostname="agent-env-93d0d05f-62d3-42bb-bee5-39ae20ff9665"><testcase classname="backend.tests.test_gri_history_and_draft_clear_iter126.TestSaveAsDraftNoWriteError" name="test_save_as_draft_new_key" time="0.839" /><testcase classname="backend.tests.test_gri_history_and_draft_clear_iter126.TestSaveAsDraftNoWriteError" name="test_save_as_draft_then_final" time="0.096" /><testcase classname="backend.tests.test_gri_history_and_draft_clear_iter126.TestVersionHistoryParent" name="test_parent_history_includes_subparts" time="0.195" /><testcase classname="backend.tests.test_gri_history_and_draft_clear_iter126.TestVersionHistoryParent" name="test_exact_key_history_still_works" time="0.095" /><testcase classname="backend.tests.test_gri_history_and_draft_clear_iter126.TestDraftClearedAfterFinalSave" name="test_draft_cleared_after_final_save" time="0.244" /><testcase classname="backend.tests.test_gri_history_and_draft_clear_iter126.TestQuestionnaireReturnsApprovedValue" name="test_approved_value_returned_no_user_draft" time="0.203" /><testcase classname="backend.tests.test_gri_history_and_draft_clear_iter126.TestQuestionnaireGriEndpoint" name="test_get_gri_section_returns_has_user_draft" time="0.053" /></testsuite></testsuites>