<?xml version="1.0" encoding="utf-8"?><testsuites name="pytest tests"><testsuite name="pytest" errors="0" failures="0" skipped="0" tests="4" time="0.447" timestamp="2026-08-09T08:08:46.174520+00:00" hostname="agent-env-7659aa9b-a9dd-4e72-8301-78b52bad325e"><testcase classname="backend.tests.test_mis_incidents_operational_trends_iter151" name="test_incidents_section_renders_only_available_operational_series_with_expected_specs" time="0.001" /><testcase classname="backend.tests.test_mis_incidents_operational_trends_iter151" name="test_incidents_section_shows_unavailable_note_when_all_series_have_no_values" time="0.000" /><testcase classname="backend.tests.test_mis_incidents_operational_trends_iter151" name="test_incidents_section_pads_single_chart_row_with_spacer" time="0.000" /><testcase classname="backend.tests.test_mis_incidents_operational_trends_iter151" name="test_incidents_section_shows_unavailable_note_when_operational_trends_dict_missing" time="0.000" /></testsuite></testsuites>