<?xml version="1.0" encoding="utf-8"?><testsuites name="pytest tests"><testsuite name="pytest" errors="0" failures="0" skipped="0" tests="5" time="1.748" timestamp="2026-08-20T08:53:39.521631+00:00" hostname="agent-env-bc6c8c78-c2f9-49f7-b927-13dcb3706248"><testcase classname="backend.tests.test_density_directional_override" name="test_volume_to_mass_accepts_directional_mass_per_volume_density" time="0.001" /><testcase classname="backend.tests.test_density_directional_override" name="test_mass_to_volume_accepts_directional_volume_per_mass_density" time="0.001" /><testcase classname="backend.tests.test_density_directional_override" name="test_mass_to_volume_keeps_legacy_mass_per_volume_density_compatible" time="0.001" /><testcase classname="backend.tests.test_process_emissions_venting_regression" name="test_create_venting_with_carbon_composition_persists_fields" time="1.311" /><testcase classname="backend.tests.test_process_emissions_venting_regression" name="test_create_venting_using_ncv_does_not_store_carbon_fields" time="0.173" /></testsuite></testsuites>