<?xml version="1.0" encoding="utf-8"?><testsuites name="pytest tests"><testsuite name="pytest" errors="0" failures="0" skipped="0" tests="3" time="0.392" timestamp="2026-08-09T08:03:11.626253+00:00" hostname="agent-env-7659aa9b-a9dd-4e72-8301-78b52bad325e"><testcase classname="backend.tests.test_mis_exec_summary_energy_ghg_iter150" name="test_exec_summary_includes_energy_when_selected_sections_is_ghg" time="0.001" /><testcase classname="backend.tests.test_mis_exec_summary_energy_ghg_iter150" name="test_exec_summary_keeps_energy_when_selected_sections_is_energy" time="0.000" /><testcase classname="backend.tests.test_mis_exec_summary_energy_ghg_iter150" name="test_exec_summary_includes_energy_when_selected_sections_is_empty_include_all" time="0.001" /></testsuite></testsuites>