<?xml version="1.0" encoding="utf-8"?><testsuites name="pytest tests"><testsuite name="pytest" errors="0" failures="0" skipped="0" tests="11" time="0.386" timestamp="2026-08-15T09:30:15.946785+00:00" hostname="agent-env-5f227f66-785e-4704-b249-04a954d95075"><testcase classname="tests.test_internal_ai_auxiliary_queries" name="test_aug_and_sept_are_explicit_calendar_months" time="0.001" /><testcase classname="tests.test_internal_ai_auxiliary_queries" name="test_property_brsr_approval_and_attachment_queries_use_explicit_routes" time="0.005" /><testcase classname="tests.test_internal_ai_auxiliary_queries" name="test_brsr_specific_questions_preserve_framework_routing_and_scope" time="0.001" /><testcase classname="tests.test_internal_ai_auxiliary_queries" name="test_water_status_and_consumption_queries_use_authorized_environment_records" time="0.001" /><testcase classname="tests.test_internal_ai_auxiliary_queries" name="test_calorific_value_is_read_from_authorized_dynamic_inputs" time="0.001" /><testcase classname="tests.test_internal_ai_phase2_query_understanding" name="test_consumption_contract_is_explicit_and_uses_emission_records" time="0.000" /><testcase classname="tests.test_internal_ai_phase2_query_understanding" name="test_scope_emission_contract_is_not_kpi_metadata_lookup" time="0.000" /><testcase classname="tests.test_internal_ai_phase2_query_understanding" name="test_methodology_contract_requires_relationship_sources" time="0.000" /><testcase classname="tests.test_internal_ai_phase2_query_understanding" name="test_version_and_audit_queries_are_distinct" time="0.000" /><testcase classname="tests.test_internal_ai_phase2_query_understanding" name="test_generic_scope_question_never_gains_an_unrelated_fuel_entity" time="0.000" /><testcase classname="tests.test_internal_ai_phase2_query_understanding" name="test_ambiguous_fuel_is_never_planned_as_found_data" time="0.000" /></testsuite></testsuites>