<?xml version="1.0" encoding="utf-8"?><testsuites name="pytest tests"><testsuite name="pytest" errors="0" failures="0" skipped="0" tests="20" time="15.921" timestamp="2026-08-17T10:50:20.223805+00:00" hostname="agent-env-bc6c8c78-c2f9-49f7-b927-13dcb3706248"><testcase classname="backend.tests.test_internal_ai_period_comparison" name="test_extracts_two_months_and_inherits_single_explicit_year" time="0.001" /><testcase classname="backend.tests.test_internal_ai_period_comparison" name="test_extracts_any_number_of_months_and_inherits_a_trailing_year" time="0.000" /><testcase classname="backend.tests.test_internal_ai_period_comparison" name="test_extracts_any_number_of_explicit_cross_year_months" time="0.000" /><testcase classname="backend.tests.test_internal_ai_period_comparison" name="test_expands_all_fiscal_months_for_an_implicit_comparison_request" time="0.000" /><testcase classname="backend.tests.test_internal_ai_period_comparison" name="test_all_fiscal_months_without_comparison_wording_does_not_change_single_period_behavior" time="0.000" /><testcase classname="backend.tests.test_internal_ai_period_comparison" name="test_comparison_requires_an_explicit_year_for_ambiguous_months" time="0.000" /><testcase classname="backend.tests.test_internal_ai_period_comparison" name="test_scope_comparison_becomes_emissions_plan_even_without_emissions_wording" time="0.003" /><testcase classname="backend.tests.test_internal_ai_period_comparison" name="test_implicit_fy_month_comparison_becomes_a_strict_emissions_plan" time="0.001" /><testcase classname="backend.tests.test_internal_ai_period_comparison" name="test_executor_runs_each_comparison_period_as_an_exact_independent_query" time="0.001" /><testcase classname="backend.tests.test_internal_ai_period_comparison" name="test_executor_runs_every_requested_comparison_period" time="0.001" /><testcase classname="backend.tests.test_internal_ai_period_comparison" name="test_deduplicates_repeated_current_record_before_aggregation" time="0.000" /><testcase classname="backend.tests.test_internal_ai_period_comparison" name="test_calculated_emissions_default_to_the_platform_tco2e_standard" time="0.000" /><testcase classname="backend.tests.test_internal_ai_period_comparison" name="test_comparison_response_includes_totals_categories_and_variance_table" time="0.001" /><testcase classname="backend.tests.test_internal_ai_period_comparison" name="test_comparison_response_renders_every_period_with_reference_variances" time="0.001" /><testcase classname="backend.tests.test_internal_ai_response_safety" name="test_response_safety_removes_nested_database_identifiers_without_dropping_values" time="0.000" /><testcase classname="backend.tests.test_internal_ai_response_safety" name="test_response_builder_legacy_private_exports_remain_backward_compatible" time="0.000" /><testcase classname="backend.tests.test_internal_ai_response_safety" name="test_live_response_raw_data_contains_no_uuid_values" time="5.408" /><testcase classname="backend.tests.test_internal_ai_live_query_categories" name="test_live_single_metric_question_returns_a_period_bound_emissions_answer" time="3.301" /><testcase classname="backend.tests.test_internal_ai_live_query_categories" name="test_live_year_over_year_question_uses_explicit_comparison_periods" time="2.898" /><testcase classname="backend.tests.test_internal_ai_live_query_categories" name="test_live_scope_breakdown_question_preserves_scope_and_emissions_contract" time="3.648" /></testsuite></testsuites>