<?xml version="1.0" encoding="utf-8"?><testsuites name="pytest tests"><testsuite name="pytest" errors="0" failures="0" skipped="0" tests="12" time="4.802" timestamp="2026-08-11T06:31:01.540911+00:00" hostname="agent-env-e915f622-494f-4363-98cf-51f1832930f8"><testcase classname="tests.test_sustainability_config_iter162.TestModules" name="test_list_modules" time="1.535" /><testcase classname="tests.test_sustainability_config_iter162.TestModules" name="test_module_crud_lifecycle" time="0.559" /><testcase classname="tests.test_sustainability_config_iter162.TestModules" name="test_invalid_module_code_rejected" time="0.080" /><testcase classname="tests.test_sustainability_config_iter162.TestCategories" name="test_category_crud" time="0.376" /><testcase classname="tests.test_sustainability_config_iter162.TestCategories" name="test_category_under_missing_module_404" time="0.080" /><testcase classname="tests.test_sustainability_config_iter162.TestKPIs" name="test_kpi_crud" time="0.538" /><testcase classname="tests.test_sustainability_config_iter162.TestFieldConfigs" name="test_field_config_create_and_versioning" time="0.667" /><testcase classname="tests.test_sustainability_config_iter162.TestCalculations" name="test_calc_crud" time="0.515" /><testcase classname="tests.test_sustainability_config_iter162.TestTreeAndMigrate" name="test_config_tree" time="0.112" /><testcase classname="tests.test_sustainability_config_iter162.TestTreeAndMigrate" name="test_migrate_idempotent" time="0.099" /><testcase classname="tests.test_sustainability_config_iter162.TestOrgIsolation" name="test_orgb_has_different_modules" time="0.084" /><testcase classname="tests.test_sustainability_config_iter162.TestOrgIsolation" name="test_orgb_direct_db_check" time="0.080" /></testsuite></testsuites>