<?xml version="1.0" encoding="utf-8"?><testsuites name="pytest tests"><testsuite name="pytest" errors="0" failures="0" skipped="9" tests="516" time="11.476" timestamp="2026-08-17T17:31:04.178353+00:00" hostname="agent-env-bc6c8c78-c2f9-49f7-b927-13dcb3706248"><testcase classname="backend.tests.golden.test_c7_safety_net" name="test_c7_fixture_identity_and_coverage" time="0.009" /><testcase classname="backend.tests.golden.test_c7_safety_net" name="test_c7_authoritative_calculator_replay_is_unchanged[monthly-activity-car]" time="0.875" /><testcase classname="backend.tests.golden.test_c7_safety_net" name="test_c7_authoritative_calculator_replay_is_unchanged[monthly-supplier-bike]" time="0.082" /><testcase classname="backend.tests.golden.test_c7_safety_net" name="test_c7_authoritative_calculator_replay_is_unchanged[yearly-activity-wfh]" time="0.082" /><testcase classname="backend.tests.golden.test_c7_safety_net" name="test_c7_saved_aggregate_contract_is_unchanged[monthly-two-employee-air]" time="0.000" /><testcase classname="backend.tests.golden.test_c7_safety_net" name="test_c7_saved_aggregate_contract_is_unchanged[yearly-two-employee-taxi]" time="0.000" /><testcase classname="backend.tests.golden.test_c7_safety_net" name="test_c7_saved_aggregate_contract_is_unchanged[legacy-full-year-two-employee]" time="0.000" /><testcase classname="backend.tests.golden.test_c7_safety_net" name="test_c7_saved_aggregate_contract_is_unchanged[legacy-zero-activity]" time="0.000" /><testcase classname="backend.tests.golden.test_c7_safety_net" name="test_c7_contract_models_keep_monthly_and_yearly_payload_fields" time="0.006" /><testcase classname="backend.tests.golden.test_ghg_golden_api_contract" name="test_model_field_names_unchanged[EmissionRecordCreate]" time="0.011" /><testcase classname="backend.tests.golden.test_ghg_golden_api_contract" name="test_model_field_names_unchanged[EmissionRecordResponse]" time="0.000" /><testcase classname="backend.tests.golden.test_ghg_golden_api_contract" name="test_model_field_names_unchanged[EmissionHistoryResponse]" time="0.000" /><testcase classname="backend.tests.golden.test_ghg_golden_api_contract" name="test_model_field_types_unchanged[EmissionRecordCreate]" time="0.000" /><testcase classname="backend.tests.golden.test_ghg_golden_api_contract" name="test_model_field_types_unchanged[EmissionRecordResponse]" time="0.000" /><testcase classname="backend.tests.golden.test_ghg_golden_api_contract" name="test_model_field_types_unchanged[EmissionHistoryResponse]" time="0.000" /><testcase classname="backend.tests.golden.test_ghg_golden_calculation" name="test_baseline_is_populated" time="0.000" /><testcase classname="backend.tests.golden.test_ghg_golden_calculation" name="test_calculation_output_unchanged[biogenic_c10_processing_of_sold_products_activity_basis_yearly_standard_fuel_scope3__0]" time="0.486" /><testcase classname="backend.tests.golden.test_ghg_golden_calculation" name="test_calculation_output_unchanged[biogenic_c11_use_of_sold_products_activity_basis_monthly_standard_fuel_scope3__0]" time="0.000" /><testcase classname="backend.tests.golden.test_ghg_golden_calculation" name="test_calculation_output_unchanged[biogenic_c8_upstream_leased_assets_activity_basis_yearly_standard_fuel_scope3__0]" time="0.000" /><testcase classname="backend.tests.golden.test_ghg_golden_calculation" name="test_calculation_output_unchanged[biogenic_mobile_combustion_monthly_standard_fuel_scope1__0]" time="0.000" /><testcase classname="backend.tests.golden.test_ghg_golden_calculation" name="test_calculation_output_unchanged[biogenic_stationary_combustion_monthly_standard_fuel_scope1__0]" time="0.000" /><testcase classname="backend.tests.golden.test_ghg_golden_calculation" name="test_calculation_output_unchanged[biogenic_stationary_combustion_monthly_standard_fuel_scope1__1]" time="0.000" /><testcase classname="backend.tests.golden.test_ghg_golden_calculation" name="test_calculation_output_unchanged[biogenic_stationary_combustion_monthly_standard_fuel_scope1__2]" time="0.000" /><testcase classname="backend.tests.golden.test_ghg_golden_calculation" name="test_calculation_output_unchanged[biogenic_stationary_combustion_yearly_standard_fuel_scope1__0]" time="0.000" /><testcase classname="backend.tests.golden.test_ghg_golden_calculation" name="test_calculation_output_unchanged[scope1_flaring_stationary_combustion_monthly_custom_fuel__0]" time="0.000" /><testcase classname="backend.tests.golden.test_ghg_golden_calculation" name="test_calculation_output_unchanged[scope1_flaring_stationary_combustion_monthly_standard_fuel__0]" time="0.000" /><testcase classname="backend.tests.golden.test_ghg_golden_calculation" name="test_calculation_output_unchanged[scope1_fugitive_emissions_monthly_standard_fuel__1]" time="0.000" /><testcase classname="backend.tests.golden.test_ghg_golden_calculation" name="test_calculation_output_unchanged[scope1_fugitive_emissions_monthly_standard_fuel__2]" time="0.000" /><testcase classname="backend.tests.golden.test_ghg_golden_calculation" name="test_calculation_output_unchanged[scope1_mobile_combustion_monthly_standard_fuel__0]" time="0.000" /><testcase classname="backend.tests.golden.test_ghg_golden_calculation" name="test_calculation_output_unchanged[scope1_mobile_combustion_monthly_standard_fuel__1]" time="0.000" /><testcase classname="backend.tests.golden.test_ghg_golden_calculation" name="test_calculation_output_unchanged[scope1_mobile_combustion_yearly_standard_fuel__0]" time="0.000" /><testcase classname="backend.tests.golden.test_ghg_golden_calculation" name="test_calculation_output_unchanged[scope1_process_emissions_monthly_standard_fuel_ch4_overall_combustion__0]" time="0.000" /><testcase classname="backend.tests.golden.test_ghg_golden_calculation" name="test_calculation_output_unchanged[scope1_process_emissions_monthly_standard_fuel_venting__0]" time="0.000" /><testcase classname="backend.tests.golden.test_ghg_golden_calculation" name="test_calculation_output_unchanged[scope1_stationary_combustion_monthly_custom_fuel__0]" time="0.000" /><testcase classname="backend.tests.golden.test_ghg_golden_calculation" name="test_calculation_output_unchanged[scope1_stationary_combustion_monthly_custom_fuel__1]" time="0.000" /><testcase classname="backend.tests.golden.test_ghg_golden_calculation" name="test_calculation_output_unchanged[scope1_stationary_combustion_monthly_standard_fuel__1]" time="0.000" /><testcase classname="backend.tests.golden.test_ghg_golden_calculation" name="test_calculation_output_unchanged[scope1_stationary_combustion_monthly_standard_fuel__2]" time="0.000" /><testcase classname="backend.tests.golden.test_ghg_golden_calculation" name="test_calculation_output_unchanged[scope1_stationary_combustion_yearly_standard_fuel__0]" time="0.000" /><testcase classname="backend.tests.golden.test_ghg_golden_calculation" name="test_calculation_output_unchanged[scope1_stationary_combustion_yearly_standard_fuel__1]" time="0.000" /><testcase classname="backend.tests.golden.test_ghg_golden_calculation" name="test_calculation_output_unchanged[scope2_purchased_electricity_monthly_standard_fuel__0]" time="0.000" /><testcase classname="backend.tests.golden.test_ghg_golden_calculation" name="test_calculation_output_unchanged[scope2_purchased_electricity_monthly_standard_fuel__2]" time="0.000" /><testcase classname="backend.tests.golden.test_ghg_golden_calculation" name="test_calculation_output_unchanged[scope2_purchased_electricity_yearly_standard_fuel__0]" time="0.000" /><testcase classname="backend.tests.golden.test_ghg_golden_calculation" name="test_calculation_output_unchanged[scope2_purchased_electricity_yearly_standard_fuel__1]" time="0.000" /><testcase classname="backend.tests.golden.test_ghg_golden_calculation" name="test_calculation_output_unchanged[scope2_purchased_electricity_yearly_standard_fuel__2]" time="0.000" /><testcase classname="backend.tests.golden.test_ghg_golden_calculation" name="test_calculation_output_unchanged[scope2_purchased_steam_heat_monthly_standard_fuel__0]" time="0.000" /><testcase classname="backend.tests.golden.test_ghg_golden_calculation" name="test_calculation_output_unchanged[scope3_c1_purchased_goods_and_services_activity_basis_monthly_standard_fuel__0]" time="0.000" /><testcase classname="backend.tests.golden.test_ghg_golden_calculation" name="test_calculation_output_unchanged[scope3_c1_purchased_goods_and_services_activity_basis_yearly_standard_fuel__0]" time="0.000" /><testcase classname="backend.tests.golden.test_ghg_golden_calculation" name="test_calculation_output_unchanged[scope3_c1_purchased_goods_and_services_activity_basis_yearly_standard_fuel__1]" time="0.000" /><testcase classname="backend.tests.golden.test_ghg_golden_calculation" name="test_calculation_output_unchanged[scope3_c1_purchased_goods_and_services_spend_basis_monthly_standard_fuel__0]" time="0.000" /><testcase classname="backend.tests.golden.test_ghg_golden_calculation" name="test_calculation_output_unchanged[scope3_c1_purchased_goods_and_services_spend_basis_monthly_standard_fuel__1]" time="0.000" /><testcase classname="backend.tests.golden.test_ghg_golden_calculation" name="test_calculation_output_unchanged[scope3_c1_purchased_goods_and_services_spend_basis_monthly_standard_fuel__2]" time="0.000" /><testcase classname="backend.tests.golden.test_ghg_golden_calculation" name="test_calculation_output_unchanged[scope3_c1_purchased_goods_and_services_supplier_basis_yearly_standard_fuel__0]" time="0.000" /><testcase classname="backend.tests.golden.test_ghg_golden_calculation" name="test_calculation_output_unchanged[scope3_c10_processing_of_sold_products_activity_basis_unspecified_standard_fuel__0]" time="0.000" /><testcase classname="backend.tests.golden.test_ghg_golden_calculation" name="test_calculation_output_unchanged[scope3_c10_processing_of_sold_products_activity_basis_unspecified_standard_fuel__1]" time="0.000" /><testcase classname="backend.tests.golden.test_ghg_golden_calculation" name="test_calculation_output_unchanged[scope3_c11_use_of_sold_products_activity_basis_monthly_standard_fuel__0]" time="0.000" /><testcase classname="backend.tests.golden.test_ghg_golden_calculation" name="test_calculation_output_unchanged[scope3_c11_use_of_sold_products_activity_basis_monthly_standard_fuel__1]" time="0.000" /><testcase classname="backend.tests.golden.test_ghg_golden_calculation" name="test_calculation_output_unchanged[scope3_c11_use_of_sold_products_activity_basis_monthly_standard_fuel__2]" time="0.000" /><testcase classname="backend.tests.golden.test_ghg_golden_calculation" name="test_calculation_output_unchanged[scope3_c12_end_of_life_treatment_of_sold_products_activity_basis_monthly_standard_fuel__0]" time="0.000" /><testcase classname="backend.tests.golden.test_ghg_golden_calculation" name="test_calculation_output_unchanged[scope3_c13_downstream_leased_assets_activity_basis_monthly_standard_fuel__0]" time="0.000" /><testcase classname="backend.tests.golden.test_ghg_golden_calculation" name="test_calculation_output_unchanged[scope3_c13_downstream_leased_assets_activity_basis_monthly_standard_fuel__1]" time="0.000" /><testcase classname="backend.tests.golden.test_ghg_golden_calculation" name="test_calculation_output_unchanged[scope3_c14_franchises_activity_basis_yearly_standard_fuel__0]" time="0.000" /><testcase classname="backend.tests.golden.test_ghg_golden_calculation" name="test_calculation_output_unchanged[scope3_c15_investments_supplier_basis_monthly_standard_fuel__0]" time="0.000" /><testcase classname="backend.tests.golden.test_ghg_golden_calculation" name="test_calculation_output_unchanged[scope3_c15_investments_supplier_basis_monthly_standard_fuel__1]" time="0.000" /><testcase classname="backend.tests.golden.test_ghg_golden_calculation" name="test_calculation_output_unchanged[scope3_c2_capital_goods_activity_basis_monthly_standard_fuel__0]" time="0.000" /><testcase classname="backend.tests.golden.test_ghg_golden_calculation" name="test_calculation_output_unchanged[scope3_c2_capital_goods_activity_basis_yearly_standard_fuel__0]" time="0.000" /><testcase classname="backend.tests.golden.test_ghg_golden_calculation" name="test_calculation_output_unchanged[scope3_c2_capital_goods_spend_basis_monthly_standard_fuel__0]" time="0.000" /><testcase classname="backend.tests.golden.test_ghg_golden_calculation" name="test_calculation_output_unchanged[scope3_c2_capital_goods_spend_basis_monthly_standard_fuel__1]" time="0.000" /><testcase classname="backend.tests.golden.test_ghg_golden_calculation" name="test_calculation_output_unchanged[scope3_c2_capital_goods_spend_basis_yearly_standard_fuel__0]" time="0.000" /><testcase classname="backend.tests.golden.test_ghg_golden_calculation" name="test_calculation_output_unchanged[scope3_c2_capital_goods_supplier_basis_unspecified_standard_fuel__0]" time="0.000" /><testcase classname="backend.tests.golden.test_ghg_golden_calculation" name="test_calculation_output_unchanged[scope3_c2_capital_goods_supplier_basis_unspecified_standard_fuel__1]" time="0.000" /><testcase classname="backend.tests.golden.test_ghg_golden_calculation" name="test_calculation_output_unchanged[scope3_c2_capital_goods_supplier_basis_unspecified_standard_fuel__2]" time="0.000" /><testcase classname="backend.tests.golden.test_ghg_golden_calculation" name="test_calculation_output_unchanged[scope3_c3_fuel_and_energy_related_activities_not_included_in_scope_1_or_scope_2_activity_basis_monthly_standard_fuel__0]" time="0.000" /><testcase classname="backend.tests.golden.test_ghg_golden_calculation" name="test_calculation_output_unchanged[scope3_c3_fuel_and_energy_related_activities_not_included_in_scope_1_or_scope_2_activity_basis_monthly_standard_fuel__1]" time="0.000" /><testcase classname="backend.tests.golden.test_ghg_golden_calculation" name="test_calculation_output_unchanged[scope3_c3_fuel_and_energy_related_activities_not_included_in_scope_1_or_scope_2_activity_basis_monthly_standard_fuel__2]" time="0.000" /><testcase classname="backend.tests.golden.test_ghg_golden_calculation" name="test_calculation_output_unchanged[scope3_c3_fuel_and_energy_related_activities_not_included_in_scope_1_or_scope_2_activity_basis_yearly_standard_fuel__0]" time="0.000" /><testcase classname="backend.tests.golden.test_ghg_golden_calculation" name="test_calculation_output_unchanged[scope3_c3_fuel_and_energy_related_activities_not_included_in_scope_1_or_scope_2_supplier_basis_monthly_standard_fuel__0]" time="0.000" /><testcase classname="backend.tests.golden.test_ghg_golden_calculation" name="test_calculation_output_unchanged[scope3_c3_fuel_and_energy_related_activities_not_included_in_scope_1_or_scope_2_supplier_basis_monthly_standard_fuel__1]" time="0.000" /><testcase classname="backend.tests.golden.test_ghg_golden_calculation" name="test_calculation_output_unchanged[scope3_c4_upstream_transportation_and_distribution_activity_basis_yearly_standard_fuel__0]" time="0.000" /><testcase classname="backend.tests.golden.test_ghg_golden_calculation" name="test_calculation_output_unchanged[scope3_c4_upstream_transportation_and_distribution_spend_basis_unspecified_standard_fuel__0]" time="0.000" /><testcase classname="backend.tests.golden.test_ghg_golden_calculation" name="test_calculation_output_unchanged[scope3_c4_upstream_transportation_and_distribution_spend_basis_yearly_standard_fuel__0]" time="0.000" /><testcase classname="backend.tests.golden.test_ghg_golden_calculation" name="test_calculation_output_unchanged[scope3_c4_upstream_transportation_and_distribution_spend_basis_yearly_standard_fuel__1]" time="0.000" /><testcase classname="backend.tests.golden.test_ghg_golden_calculation" name="test_calculation_output_unchanged[scope3_c5_waste_generated_in_operations_activity_basis_monthly_standard_fuel__0]" time="0.000" /><testcase classname="backend.tests.golden.test_ghg_golden_calculation" name="test_calculation_output_unchanged[scope3_c5_waste_generated_in_operations_supplier_basis_unspecified_standard_fuel__0]" time="0.000" /><testcase classname="backend.tests.golden.test_ghg_golden_calculation" name="test_calculation_output_unchanged[scope3_c5_waste_generated_in_operations_supplier_basis_yearly_standard_fuel__0]" time="0.000" /><testcase classname="backend.tests.golden.test_ghg_golden_calculation" name="test_calculation_output_unchanged[scope3_c6_business_travel_activity_basis_monthly_standard_fuel__0]" time="0.000" /><testcase classname="backend.tests.golden.test_ghg_golden_calculation" name="test_calculation_output_unchanged[scope3_c6_business_travel_activity_basis_monthly_standard_fuel__2]" time="0.000" /><testcase classname="backend.tests.golden.test_ghg_golden_calculation" name="test_calculation_output_unchanged[scope3_c6_business_travel_activity_basis_yearly_standard_fuel__0]" time="0.000" /><testcase classname="backend.tests.golden.test_ghg_golden_calculation" name="test_calculation_output_unchanged[scope3_c6_business_travel_activity_basis_yearly_standard_fuel__1]" time="0.000" /><testcase classname="backend.tests.golden.test_ghg_golden_calculation" name="test_calculation_output_unchanged[scope3_c6_business_travel_activity_basis_yearly_standard_fuel__2]" time="0.000" /><testcase classname="backend.tests.golden.test_ghg_golden_calculation" name="test_calculation_output_unchanged[scope3_c6_business_travel_supplier_basis_monthly_standard_fuel__0]" time="0.000" /><testcase classname="backend.tests.golden.test_ghg_golden_calculation" name="test_calculation_output_unchanged[scope3_c6_business_travel_supplier_basis_monthly_standard_fuel__1]" time="0.000" /><testcase classname="backend.tests.golden.test_ghg_golden_calculation" name="test_calculation_output_unchanged[scope3_c8_upstream_leased_assets_activity_basis_monthly_standard_fuel__0]" time="0.000" /><testcase classname="backend.tests.golden.test_ghg_golden_calculation" name="test_calculation_output_unchanged[scope3_c8_upstream_leased_assets_activity_basis_monthly_standard_fuel__1]" time="0.000" /><testcase classname="backend.tests.golden.test_ghg_golden_calculation" name="test_calculation_output_unchanged[scope3_c8_upstream_leased_assets_activity_basis_unspecified_standard_fuel__0]" time="0.000" /><testcase classname="backend.tests.golden.test_ghg_golden_calculation" name="test_calculation_output_unchanged[scope3_c8_upstream_leased_assets_activity_basis_yearly_standard_fuel__0]" time="0.000" /><testcase classname="backend.tests.golden.test_ghg_golden_calculation" name="test_calculation_output_unchanged[scope3_c8_upstream_leased_assets_activity_basis_yearly_standard_fuel__1]" time="0.000" /><testcase classname="backend.tests.golden.test_ghg_golden_calculation" name="test_calculation_output_unchanged[scope3_c8_upstream_leased_assets_supplier_basis_monthly_standard_fuel__0]" time="0.000" /><testcase classname="backend.tests.golden.test_ghg_golden_calculation" name="test_calculation_output_unchanged[scope3_c8_upstream_leased_assets_supplier_basis_unspecified_standard_fuel__0]" time="0.000" /><testcase classname="backend.tests.golden.test_ghg_golden_calculation" name="test_calculation_output_unchanged[scope3_c9_downstream_transportation_and_distribution_activity_basis_monthly_standard_fuel__0]" time="0.000" /><testcase classname="backend.tests.golden.test_ghg_golden_calculation" name="test_calculation_output_unchanged[scope3_c9_downstream_transportation_and_distribution_activity_basis_unspecified_standard_fuel__0]" time="0.000" /><testcase classname="backend.tests.golden.test_ghg_golden_calculation" name="test_calculation_output_unchanged[scope3_c9_downstream_transportation_and_distribution_activity_basis_unspecified_standard_fuel__1]" time="0.000" /><testcase classname="backend.tests.golden.test_ghg_golden_calculation" name="test_calculation_output_unchanged[scope3_c9_downstream_transportation_and_distribution_activity_basis_unspecified_standard_fuel__2]" time="0.000" /><testcase classname="backend.tests.golden.test_ghg_golden_calculation" name="test_calculation_output_unchanged[scope3_c9_downstream_transportation_and_distribution_activity_basis_yearly_standard_fuel__0]" time="0.000" /><testcase classname="backend.tests.golden.test_ghg_golden_calculation" name="test_calculation_output_unchanged[scope3_c9_downstream_transportation_and_distribution_activity_basis_yearly_standard_fuel__1]" time="0.000" /><testcase classname="backend.tests.golden.test_ghg_golden_calculation" name="test_calculation_output_unchanged[scope3_c9_downstream_transportation_and_distribution_spend_basis_monthly_standard_fuel__0]" time="0.000" /><testcase classname="backend.tests.golden.test_ghg_golden_calculation" name="test_replay_never_persists[biogenic_c10_processing_of_sold_products_activity_basis_yearly_standard_fuel_scope3__0]" time="0.000" /><testcase classname="backend.tests.golden.test_ghg_golden_calculation" name="test_replay_never_persists[biogenic_c11_use_of_sold_products_activity_basis_monthly_standard_fuel_scope3__0]" time="0.000" /><testcase classname="backend.tests.golden.test_ghg_golden_calculation" name="test_replay_never_persists[biogenic_c8_upstream_leased_assets_activity_basis_yearly_standard_fuel_scope3__0]" time="0.000" /><testcase classname="backend.tests.golden.test_ghg_golden_calculation" name="test_replay_never_persists[biogenic_mobile_combustion_monthly_standard_fuel_scope1__0]" time="0.000" /><testcase classname="backend.tests.golden.test_ghg_golden_calculation" name="test_replay_never_persists[biogenic_stationary_combustion_monthly_standard_fuel_scope1__0]" time="0.000" /><testcase classname="backend.tests.golden.test_ghg_golden_calculation" name="test_replay_never_persists[biogenic_stationary_combustion_monthly_standard_fuel_scope1__1]" time="0.000" /><testcase classname="backend.tests.golden.test_ghg_golden_calculation" name="test_replay_never_persists[biogenic_stationary_combustion_monthly_standard_fuel_scope1__2]" time="0.000" /><testcase classname="backend.tests.golden.test_ghg_golden_calculation" name="test_replay_never_persists[biogenic_stationary_combustion_yearly_standard_fuel_scope1__0]" time="0.000" /><testcase classname="backend.tests.golden.test_ghg_golden_calculation" name="test_replay_never_persists[scope1_flaring_stationary_combustion_monthly_custom_fuel__0]" time="0.000" /><testcase classname="backend.tests.golden.test_ghg_golden_calculation" name="test_replay_never_persists[scope1_flaring_stationary_combustion_monthly_standard_fuel__0]" time="0.000" /><testcase classname="backend.tests.golden.test_ghg_golden_calculation" name="test_replay_never_persists[scope1_fugitive_emissions_monthly_standard_fuel__1]" time="0.000" /><testcase classname="backend.tests.golden.test_ghg_golden_calculation" name="test_replay_never_persists[scope1_fugitive_emissions_monthly_standard_fuel__2]" time="0.000" /><testcase classname="backend.tests.golden.test_ghg_golden_calculation" name="test_replay_never_persists[scope1_mobile_combustion_monthly_standard_fuel__0]" time="0.000" /><testcase classname="backend.tests.golden.test_ghg_golden_calculation" name="test_replay_never_persists[scope1_mobile_combustion_monthly_standard_fuel__1]" time="0.000" /><testcase classname="backend.tests.golden.test_ghg_golden_calculation" name="test_replay_never_persists[scope1_mobile_combustion_yearly_standard_fuel__0]" time="0.000" /><testcase classname="backend.tests.golden.test_ghg_golden_calculation" name="test_replay_never_persists[scope1_process_emissions_monthly_standard_fuel_ch4_overall_combustion__0]" time="0.000" /><testcase classname="backend.tests.golden.test_ghg_golden_calculation" name="test_replay_never_persists[scope1_process_emissions_monthly_standard_fuel_venting__0]" time="0.000" /><testcase classname="backend.tests.golden.test_ghg_golden_calculation" name="test_replay_never_persists[scope1_stationary_combustion_monthly_custom_fuel__0]" time="0.000" /><testcase classname="backend.tests.golden.test_ghg_golden_calculation" name="test_replay_never_persists[scope1_stationary_combustion_monthly_custom_fuel__1]" time="0.000" /><testcase classname="backend.tests.golden.test_ghg_golden_calculation" name="test_replay_never_persists[scope1_stationary_combustion_monthly_standard_fuel__1]" time="0.000" /><testcase classname="backend.tests.golden.test_ghg_golden_calculation" name="test_replay_never_persists[scope1_stationary_combustion_monthly_standard_fuel__2]" time="0.000" /><testcase classname="backend.tests.golden.test_ghg_golden_calculation" name="test_replay_never_persists[scope1_stationary_combustion_yearly_standard_fuel__0]" time="0.000" /><testcase classname="backend.tests.golden.test_ghg_golden_calculation" name="test_replay_never_persists[scope1_stationary_combustion_yearly_standard_fuel__1]" time="0.000" /><testcase classname="backend.tests.golden.test_ghg_golden_calculation" name="test_replay_never_persists[scope2_purchased_electricity_monthly_standard_fuel__0]" time="0.000" /><testcase classname="backend.tests.golden.test_ghg_golden_calculation" name="test_replay_never_persists[scope2_purchased_electricity_monthly_standard_fuel__2]" time="0.000" /><testcase classname="backend.tests.golden.test_ghg_golden_calculation" name="test_replay_never_persists[scope2_purchased_electricity_yearly_standard_fuel__0]" time="0.000" /><testcase classname="backend.tests.golden.test_ghg_golden_calculation" name="test_replay_never_persists[scope2_purchased_electricity_yearly_standard_fuel__1]" time="0.000" /><testcase classname="backend.tests.golden.test_ghg_golden_calculation" name="test_replay_never_persists[scope2_purchased_electricity_yearly_standard_fuel__2]" time="0.000" /><testcase classname="backend.tests.golden.test_ghg_golden_calculation" name="test_replay_never_persists[scope2_purchased_steam_heat_monthly_standard_fuel__0]" time="0.000" /><testcase classname="backend.tests.golden.test_ghg_golden_calculation" name="test_replay_never_persists[scope3_c1_purchased_goods_and_services_activity_basis_monthly_standard_fuel__0]" time="0.000" /><testcase classname="backend.tests.golden.test_ghg_golden_calculation" name="test_replay_never_persists[scope3_c1_purchased_goods_and_services_activity_basis_yearly_standard_fuel__0]" time="0.000" /><testcase classname="backend.tests.golden.test_ghg_golden_calculation" name="test_replay_never_persists[scope3_c1_purchased_goods_and_services_activity_basis_yearly_standard_fuel__1]" time="0.000" /><testcase classname="backend.tests.golden.test_ghg_golden_calculation" name="test_replay_never_persists[scope3_c1_purchased_goods_and_services_spend_basis_monthly_standard_fuel__0]" time="0.000" /><testcase classname="backend.tests.golden.test_ghg_golden_calculation" name="test_replay_never_persists[scope3_c1_purchased_goods_and_services_spend_basis_monthly_standard_fuel__1]" time="0.000" /><testcase classname="backend.tests.golden.test_ghg_golden_calculation" name="test_replay_never_persists[scope3_c1_purchased_goods_and_services_spend_basis_monthly_standard_fuel__2]" time="0.000" /><testcase classname="backend.tests.golden.test_ghg_golden_calculation" name="test_replay_never_persists[scope3_c1_purchased_goods_and_services_supplier_basis_yearly_standard_fuel__0]" time="0.000" /><testcase classname="backend.tests.golden.test_ghg_golden_calculation" name="test_replay_never_persists[scope3_c10_processing_of_sold_products_activity_basis_unspecified_standard_fuel__0]" time="0.000" /><testcase classname="backend.tests.golden.test_ghg_golden_calculation" name="test_replay_never_persists[scope3_c10_processing_of_sold_products_activity_basis_unspecified_standard_fuel__1]" time="0.000" /><testcase classname="backend.tests.golden.test_ghg_golden_calculation" name="test_replay_never_persists[scope3_c11_use_of_sold_products_activity_basis_monthly_standard_fuel__0]" time="0.000" /><testcase classname="backend.tests.golden.test_ghg_golden_calculation" name="test_replay_never_persists[scope3_c11_use_of_sold_products_activity_basis_monthly_standard_fuel__1]" time="0.000" /><testcase classname="backend.tests.golden.test_ghg_golden_calculation" name="test_replay_never_persists[scope3_c11_use_of_sold_products_activity_basis_monthly_standard_fuel__2]" time="0.000" /><testcase classname="backend.tests.golden.test_ghg_golden_calculation" name="test_replay_never_persists[scope3_c12_end_of_life_treatment_of_sold_products_activity_basis_monthly_standard_fuel__0]" time="0.000" /><testcase classname="backend.tests.golden.test_ghg_golden_calculation" name="test_replay_never_persists[scope3_c13_downstream_leased_assets_activity_basis_monthly_standard_fuel__0]" time="0.000" /><testcase classname="backend.tests.golden.test_ghg_golden_calculation" name="test_replay_never_persists[scope3_c13_downstream_leased_assets_activity_basis_monthly_standard_fuel__1]" time="0.000" /><testcase classname="backend.tests.golden.test_ghg_golden_calculation" name="test_replay_never_persists[scope3_c14_franchises_activity_basis_yearly_standard_fuel__0]" time="0.000" /><testcase classname="backend.tests.golden.test_ghg_golden_calculation" name="test_replay_never_persists[scope3_c15_investments_supplier_basis_monthly_standard_fuel__0]" time="0.000" /><testcase classname="backend.tests.golden.test_ghg_golden_calculation" name="test_replay_never_persists[scope3_c15_investments_supplier_basis_monthly_standard_fuel__1]" time="0.000" /><testcase classname="backend.tests.golden.test_ghg_golden_calculation" name="test_replay_never_persists[scope3_c2_capital_goods_activity_basis_monthly_standard_fuel__0]" time="0.000" /><testcase classname="backend.tests.golden.test_ghg_golden_calculation" name="test_replay_never_persists[scope3_c2_capital_goods_activity_basis_yearly_standard_fuel__0]" time="0.000" /><testcase classname="backend.tests.golden.test_ghg_golden_calculation" name="test_replay_never_persists[scope3_c2_capital_goods_spend_basis_monthly_standard_fuel__0]" time="0.000" /><testcase classname="backend.tests.golden.test_ghg_golden_calculation" name="test_replay_never_persists[scope3_c2_capital_goods_spend_basis_monthly_standard_fuel__1]" time="0.000" /><testcase classname="backend.tests.golden.test_ghg_golden_calculation" name="test_replay_never_persists[scope3_c2_capital_goods_spend_basis_yearly_standard_fuel__0]" time="0.000" /><testcase classname="backend.tests.golden.test_ghg_golden_calculation" name="test_replay_never_persists[scope3_c2_capital_goods_supplier_basis_unspecified_standard_fuel__0]" time="0.000" /><testcase classname="backend.tests.golden.test_ghg_golden_calculation" name="test_replay_never_persists[scope3_c2_capital_goods_supplier_basis_unspecified_standard_fuel__1]" time="0.000" /><testcase classname="backend.tests.golden.test_ghg_golden_calculation" name="test_replay_never_persists[scope3_c2_capital_goods_supplier_basis_unspecified_standard_fuel__2]" time="0.000" /><testcase classname="backend.tests.golden.test_ghg_golden_calculation" name="test_replay_never_persists[scope3_c3_fuel_and_energy_related_activities_not_included_in_scope_1_or_scope_2_activity_basis_monthly_standard_fuel__0]" time="0.000" /><testcase classname="backend.tests.golden.test_ghg_golden_calculation" name="test_replay_never_persists[scope3_c3_fuel_and_energy_related_activities_not_included_in_scope_1_or_scope_2_activity_basis_monthly_standard_fuel__1]" time="0.000" /><testcase classname="backend.tests.golden.test_ghg_golden_calculation" name="test_replay_never_persists[scope3_c3_fuel_and_energy_related_activities_not_included_in_scope_1_or_scope_2_activity_basis_monthly_standard_fuel__2]" time="0.000" /><testcase classname="backend.tests.golden.test_ghg_golden_calculation" name="test_replay_never_persists[scope3_c3_fuel_and_energy_related_activities_not_included_in_scope_1_or_scope_2_activity_basis_yearly_standard_fuel__0]" time="0.000" /><testcase classname="backend.tests.golden.test_ghg_golden_calculation" name="test_replay_never_persists[scope3_c3_fuel_and_energy_related_activities_not_included_in_scope_1_or_scope_2_supplier_basis_monthly_standard_fuel__0]" time="0.000" /><testcase classname="backend.tests.golden.test_ghg_golden_calculation" name="test_replay_never_persists[scope3_c3_fuel_and_energy_related_activities_not_included_in_scope_1_or_scope_2_supplier_basis_monthly_standard_fuel__1]" time="0.000" /><testcase classname="backend.tests.golden.test_ghg_golden_calculation" name="test_replay_never_persists[scope3_c4_upstream_transportation_and_distribution_activity_basis_yearly_standard_fuel__0]" time="0.000" /><testcase classname="backend.tests.golden.test_ghg_golden_calculation" name="test_replay_never_persists[scope3_c4_upstream_transportation_and_distribution_spend_basis_unspecified_standard_fuel__0]" time="0.000" /><testcase classname="backend.tests.golden.test_ghg_golden_calculation" name="test_replay_never_persists[scope3_c4_upstream_transportation_and_distribution_spend_basis_yearly_standard_fuel__0]" time="0.000" /><testcase classname="backend.tests.golden.test_ghg_golden_calculation" name="test_replay_never_persists[scope3_c4_upstream_transportation_and_distribution_spend_basis_yearly_standard_fuel__1]" time="0.000" /><testcase classname="backend.tests.golden.test_ghg_golden_calculation" name="test_replay_never_persists[scope3_c5_waste_generated_in_operations_activity_basis_monthly_standard_fuel__0]" time="0.000" /><testcase classname="backend.tests.golden.test_ghg_golden_calculation" name="test_replay_never_persists[scope3_c5_waste_generated_in_operations_supplier_basis_unspecified_standard_fuel__0]" time="0.000" /><testcase classname="backend.tests.golden.test_ghg_golden_calculation" name="test_replay_never_persists[scope3_c5_waste_generated_in_operations_supplier_basis_yearly_standard_fuel__0]" time="0.000" /><testcase classname="backend.tests.golden.test_ghg_golden_calculation" name="test_replay_never_persists[scope3_c6_business_travel_activity_basis_monthly_standard_fuel__0]" time="0.000" /><testcase classname="backend.tests.golden.test_ghg_golden_calculation" name="test_replay_never_persists[scope3_c6_business_travel_activity_basis_monthly_standard_fuel__2]" time="0.000" /><testcase classname="backend.tests.golden.test_ghg_golden_calculation" name="test_replay_never_persists[scope3_c6_business_travel_activity_basis_yearly_standard_fuel__0]" time="0.000" /><testcase classname="backend.tests.golden.test_ghg_golden_calculation" name="test_replay_never_persists[scope3_c6_business_travel_activity_basis_yearly_standard_fuel__1]" time="0.000" /><testcase classname="backend.tests.golden.test_ghg_golden_calculation" name="test_replay_never_persists[scope3_c6_business_travel_activity_basis_yearly_standard_fuel__2]" time="0.000" /><testcase classname="backend.tests.golden.test_ghg_golden_calculation" name="test_replay_never_persists[scope3_c6_business_travel_supplier_basis_monthly_standard_fuel__0]" time="0.000" /><testcase classname="backend.tests.golden.test_ghg_golden_calculation" name="test_replay_never_persists[scope3_c6_business_travel_supplier_basis_monthly_standard_fuel__1]" time="0.000" /><testcase classname="backend.tests.golden.test_ghg_golden_calculation" name="test_replay_never_persists[scope3_c8_upstream_leased_assets_activity_basis_monthly_standard_fuel__0]" time="0.000" /><testcase classname="backend.tests.golden.test_ghg_golden_calculation" name="test_replay_never_persists[scope3_c8_upstream_leased_assets_activity_basis_monthly_standard_fuel__1]" time="0.000" /><testcase classname="backend.tests.golden.test_ghg_golden_calculation" name="test_replay_never_persists[scope3_c8_upstream_leased_assets_activity_basis_unspecified_standard_fuel__0]" time="0.000" /><testcase classname="backend.tests.golden.test_ghg_golden_calculation" name="test_replay_never_persists[scope3_c8_upstream_leased_assets_activity_basis_yearly_standard_fuel__0]" time="0.000" /><testcase classname="backend.tests.golden.test_ghg_golden_calculation" name="test_replay_never_persists[scope3_c8_upstream_leased_assets_activity_basis_yearly_standard_fuel__1]" time="0.000" /><testcase classname="backend.tests.golden.test_ghg_golden_calculation" name="test_replay_never_persists[scope3_c8_upstream_leased_assets_supplier_basis_monthly_standard_fuel__0]" time="0.000" /><testcase classname="backend.tests.golden.test_ghg_golden_calculation" name="test_replay_never_persists[scope3_c8_upstream_leased_assets_supplier_basis_unspecified_standard_fuel__0]" time="0.000" /><testcase classname="backend.tests.golden.test_ghg_golden_calculation" name="test_replay_never_persists[scope3_c9_downstream_transportation_and_distribution_activity_basis_monthly_standard_fuel__0]" time="0.000" /><testcase classname="backend.tests.golden.test_ghg_golden_calculation" name="test_replay_never_persists[scope3_c9_downstream_transportation_and_distribution_activity_basis_unspecified_standard_fuel__0]" time="0.000" /><testcase classname="backend.tests.golden.test_ghg_golden_calculation" name="test_replay_never_persists[scope3_c9_downstream_transportation_and_distribution_activity_basis_unspecified_standard_fuel__1]" time="0.000" /><testcase classname="backend.tests.golden.test_ghg_golden_calculation" name="test_replay_never_persists[scope3_c9_downstream_transportation_and_distribution_activity_basis_unspecified_standard_fuel__2]" time="0.000" /><testcase classname="backend.tests.golden.test_ghg_golden_calculation" name="test_replay_never_persists[scope3_c9_downstream_transportation_and_distribution_activity_basis_yearly_standard_fuel__0]" time="0.000" /><testcase classname="backend.tests.golden.test_ghg_golden_calculation" name="test_replay_never_persists[scope3_c9_downstream_transportation_and_distribution_activity_basis_yearly_standard_fuel__1]" time="0.000" /><testcase classname="backend.tests.golden.test_ghg_golden_calculation" name="test_replay_never_persists[scope3_c9_downstream_transportation_and_distribution_spend_basis_monthly_standard_fuel__0]" time="0.000" /><testcase classname="backend.tests.golden.test_ghg_golden_form_config" name="test_baseline_is_populated" time="0.000" /><testcase classname="backend.tests.golden.test_ghg_golden_form_config" name="test_form_config_unchanged[Flaring (Stationary Combustion)__0d5c5aa7]" time="0.435" /><testcase classname="backend.tests.golden.test_ghg_golden_form_config" name="test_form_config_unchanged[Mobile Combustion__1acae127]" time="0.135" /><testcase classname="backend.tests.golden.test_ghg_golden_form_config" name="test_form_config_unchanged[C3 - Fuel and Energy Related Activities Not Included in Scope 1 or Scope 2__26883677]" time="0.122" /><testcase classname="backend.tests.golden.test_ghg_golden_form_config" name="test_form_config_unchanged[Stationary Combustion__3232f8ea]" time="0.164" /><testcase classname="backend.tests.golden.test_ghg_golden_form_config" name="test_form_config_unchanged[C5 - Waste Generated in Operations__361cd3ec]" time="0.123" /><testcase classname="backend.tests.golden.test_ghg_golden_form_config" name="test_form_config_unchanged[C2 - Capital Goods__45c38f7b]" time="0.134" /><testcase classname="backend.tests.golden.test_ghg_golden_form_config" name="test_form_config_unchanged[C4 - Upstream Transportation and Distribution__477d7fff]" time="0.163" /><testcase classname="backend.tests.golden.test_ghg_golden_form_config" name="test_form_config_unchanged[Fugitive Emissions__49eb5676]" time="0.116" /><testcase classname="backend.tests.golden.test_ghg_golden_form_config" name="test_form_config_unchanged[C15 - Investments__522bda53]" time="0.133" /><testcase classname="backend.tests.golden.test_ghg_golden_form_config" name="test_form_config_unchanged[C14 - Franchises__536069ee]" time="0.124" /><testcase classname="backend.tests.golden.test_ghg_golden_form_config" name="test_form_config_unchanged[C6 - Business Travel__58656681]" time="0.116" /><testcase classname="backend.tests.golden.test_ghg_golden_form_config" name="test_form_config_unchanged[C12 - End-of-Life Treatment of Sold Products__84e37535]" time="0.142" /><testcase classname="backend.tests.golden.test_ghg_golden_form_config" name="test_form_config_unchanged[C13 - Downstream Leased Assets__87c47db3]" time="0.221" /><testcase classname="backend.tests.golden.test_ghg_golden_form_config" name="test_form_config_unchanged[Stationary Combustion__8d62f52d]" time="0.136" /><testcase classname="backend.tests.golden.test_ghg_golden_form_config" name="test_form_config_unchanged[Process Emissions__8f797a6a]" time="0.116" /><testcase classname="backend.tests.golden.test_ghg_golden_form_config" name="test_form_config_unchanged[C1 - Purchased Goods and Services__91ec37f6]" time="0.113" /><testcase classname="backend.tests.golden.test_ghg_golden_form_config" name="test_form_config_unchanged[Mobile Combustion__92a11a68]" time="0.119" /><testcase classname="backend.tests.golden.test_ghg_golden_form_config" name="test_form_config_unchanged[C10 - Processing of Sold Products__9f54a99c]" time="0.127" /><testcase classname="backend.tests.golden.test_ghg_golden_form_config" name="test_form_config_unchanged[C8 - Upstream Leased Assets__aa482371]" time="0.114" /><testcase classname="backend.tests.golden.test_ghg_golden_form_config" name="test_form_config_unchanged[Purchased Steam/Heat__aa74a6b7]" time="0.116" /><testcase classname="backend.tests.golden.test_ghg_golden_form_config" name="test_form_config_unchanged[C9 - Downstream Transportation and Distribution__b1cf4c93]" time="0.120" /><testcase classname="backend.tests.golden.test_ghg_golden_form_config" name="test_form_config_unchanged[Purchased Electricity__cec39c99]" time="0.114" /><testcase classname="backend.tests.golden.test_ghg_golden_form_config" name="test_form_config_unchanged[C11 - Use of Sold Products__d0ebca6a]" time="0.114" /><testcase classname="backend.tests.golden.test_ghg_golden_form_config" name="test_form_config_unchanged[C7 - Employee Commuting__e805180d]" time="0.136" /><testcase classname="backend.tests.golden.test_ghg_golden_formula_selection" name="test_baseline_is_populated" time="0.000" /><testcase classname="backend.tests.golden.test_ghg_golden_formula_selection" name="test_active_decision_tree_count_unchanged" time="0.005" /><testcase classname="backend.tests.golden.test_ghg_golden_formula_selection" name="test_decision_tree_leaves_unchanged[Flaring (Stationary Combustion)__0d5c5aa7]" time="0.000" /><testcase classname="backend.tests.golden.test_ghg_golden_formula_selection" name="test_decision_tree_leaves_unchanged[Mobile Combustion__1acae127]" time="0.000" /><testcase classname="backend.tests.golden.test_ghg_golden_formula_selection" name="test_decision_tree_leaves_unchanged[C3 - Fuel and Energy Related Activities Not Included in Scope 1 or Scope 2__26883677]" time="0.000" /><testcase classname="backend.tests.golden.test_ghg_golden_formula_selection" name="test_decision_tree_leaves_unchanged[Stationary Combustion__3232f8ea]" time="0.000" /><testcase classname="backend.tests.golden.test_ghg_golden_formula_selection" name="test_decision_tree_leaves_unchanged[C5 - Waste Generated in Operations__361cd3ec]" time="0.000" /><testcase classname="backend.tests.golden.test_ghg_golden_formula_selection" name="test_decision_tree_leaves_unchanged[C2 - Capital Goods__45c38f7b]" time="0.000" /><testcase classname="backend.tests.golden.test_ghg_golden_formula_selection" name="test_decision_tree_leaves_unchanged[C4 - Upstream Transportation and Distribution__477d7fff]" time="0.000" /><testcase classname="backend.tests.golden.test_ghg_golden_formula_selection" name="test_decision_tree_leaves_unchanged[Fugitive Emissions__49eb5676]" time="0.000" /><testcase classname="backend.tests.golden.test_ghg_golden_formula_selection" name="test_decision_tree_leaves_unchanged[C15 - Investments__522bda53]" time="0.000" /><testcase classname="backend.tests.golden.test_ghg_golden_formula_selection" name="test_decision_tree_leaves_unchanged[C14 - Franchises__536069ee]" time="0.000" /><testcase classname="backend.tests.golden.test_ghg_golden_formula_selection" name="test_decision_tree_leaves_unchanged[C6 - Business Travel__58656681]" time="0.000" /><testcase classname="backend.tests.golden.test_ghg_golden_formula_selection" name="test_decision_tree_leaves_unchanged[C12 - End-of-Life Treatment of Sold Products__84e37535]" time="0.000" /><testcase classname="backend.tests.golden.test_ghg_golden_formula_selection" name="test_decision_tree_leaves_unchanged[C13 - Downstream Leased Assets__87c47db3]" time="0.000" /><testcase classname="backend.tests.golden.test_ghg_golden_formula_selection" name="test_decision_tree_leaves_unchanged[Stationary Combustion__8d62f52d]" time="0.000" /><testcase classname="backend.tests.golden.test_ghg_golden_formula_selection" name="test_decision_tree_leaves_unchanged[Process Emissions__8f797a6a]" time="0.000" /><testcase classname="backend.tests.golden.test_ghg_golden_formula_selection" name="test_decision_tree_leaves_unchanged[C1 - Purchased Goods and Services__91ec37f6]" time="0.000" /><testcase classname="backend.tests.golden.test_ghg_golden_formula_selection" name="test_decision_tree_leaves_unchanged[Mobile Combustion__92a11a68]" time="0.000" /><testcase classname="backend.tests.golden.test_ghg_golden_formula_selection" name="test_decision_tree_leaves_unchanged[C10 - Processing of Sold Products__9f54a99c]" time="0.000" /><testcase classname="backend.tests.golden.test_ghg_golden_formula_selection" name="test_decision_tree_leaves_unchanged[C8 - Upstream Leased Assets__aa482371]" time="0.000" /><testcase classname="backend.tests.golden.test_ghg_golden_formula_selection" name="test_decision_tree_leaves_unchanged[C9 - Downstream Transportation and Distribution__b1cf4c93]" time="0.000" /><testcase classname="backend.tests.golden.test_ghg_golden_formula_selection" name="test_decision_tree_leaves_unchanged[C11 - Use of Sold Products__d0ebca6a]" time="0.000" /><testcase classname="backend.tests.golden.test_ghg_golden_formula_selection" name="test_decision_tree_leaves_unchanged[C7 - Employee Commuting__e805180d]" time="0.000" /><testcase classname="backend.tests.golden.test_ghg_golden_formula_selection" name="test_record_still_resolves_to_same_formula[sel__scope1_stationary_combustion_monthly_standard_fuel__0]" time="0.000" /><testcase classname="backend.tests.golden.test_ghg_golden_formula_selection" name="test_record_still_resolves_to_same_formula[sel__scope3_c2_capital_goods_supplier_basis_unspecified_standard_fuel__0]" time="0.000" /><testcase classname="backend.tests.golden.test_ghg_golden_formula_selection" name="test_record_still_resolves_to_same_formula[sel__scope2_purchased_electricity_monthly_standard_fuel__0]" time="0.000"><skipped type="pytest.skip" message="category has no decision tree — formula resolved directly">/app/backend/tests/golden/test_ghg_golden_formula_selection.py:102: category has no decision tree — formula resolved directly</skipped></testcase><testcase classname="backend.tests.golden.test_ghg_golden_formula_selection" name="test_record_still_resolves_to_same_formula[sel__scope1_stationary_combustion_monthly_standard_fuel__1]" time="0.000" /><testcase classname="backend.tests.golden.test_ghg_golden_formula_selection" name="test_record_still_resolves_to_same_formula[sel__scope1_stationary_combustion_monthly_standard_fuel__2]" time="0.000" /><testcase classname="backend.tests.golden.test_ghg_golden_formula_selection" name="test_record_still_resolves_to_same_formula[sel__scope3_c11_use_of_sold_products_activity_basis_monthly_standard_fuel__0]" time="0.000" /><testcase classname="backend.tests.golden.test_ghg_golden_formula_selection" name="test_record_still_resolves_to_same_formula[sel__scope1_mobile_combustion_yearly_standard_fuel__0]" time="0.000" /><testcase classname="backend.tests.golden.test_ghg_golden_formula_selection" name="test_record_still_resolves_to_same_formula[sel__scope3_c3_fuel_and_energy_related_activities_not_included_in_scope_1_or_scope_2_activity_basis_monthly_standard_fuel__0]" time="0.000" /><testcase classname="backend.tests.golden.test_ghg_golden_formula_selection" name="test_record_still_resolves_to_same_formula[sel__scope1_mobile_combustion_monthly_standard_fuel__0]" time="0.000" /><testcase classname="backend.tests.golden.test_ghg_golden_formula_selection" name="test_record_still_resolves_to_same_formula[sel__scope1_fugitive_emissions_monthly_standard_fuel__0]" time="0.000" /><testcase classname="backend.tests.golden.test_ghg_golden_formula_selection" name="test_record_still_resolves_to_same_formula[sel__biogenic_stationary_combustion_monthly_standard_fuel_scope1__0]" time="0.000" /><testcase classname="backend.tests.golden.test_ghg_golden_formula_selection" name="test_record_still_resolves_to_same_formula[sel__scope1_fugitive_emissions_monthly_standard_fuel__1]" time="0.000" /><testcase classname="backend.tests.golden.test_ghg_golden_formula_selection" name="test_record_still_resolves_to_same_formula[sel__scope3_c3_fuel_and_energy_related_activities_not_included_in_scope_1_or_scope_2_supplier_basis_monthly_standard_fuel__0]" time="0.000" /><testcase classname="backend.tests.golden.test_ghg_golden_formula_selection" name="test_record_still_resolves_to_same_formula[sel__scope1_mobile_combustion_monthly_standard_fuel__1]" time="0.000" /><testcase classname="backend.tests.golden.test_ghg_golden_formula_selection" name="test_record_still_resolves_to_same_formula[sel__scope2_purchased_electricity_yearly_standard_fuel__0]" time="0.000"><skipped type="pytest.skip" message="category has no decision tree — formula resolved directly">/app/backend/tests/golden/test_ghg_golden_formula_selection.py:102: category has no decision tree — formula resolved directly</skipped></testcase><testcase classname="backend.tests.golden.test_ghg_golden_formula_selection" name="test_record_still_resolves_to_same_formula[sel__scope2_purchased_electricity_monthly_standard_fuel__1]" time="0.000"><skipped type="pytest.skip" message="category has no decision tree — formula resolved directly">/app/backend/tests/golden/test_ghg_golden_formula_selection.py:102: category has no decision tree — formula resolved directly</skipped></testcase><testcase classname="backend.tests.golden.test_ghg_golden_formula_selection" name="test_record_still_resolves_to_same_formula[sel__scope3_c6_business_travel_activity_basis_yearly_standard_fuel__0]" time="0.000" /><testcase classname="backend.tests.golden.test_ghg_golden_formula_selection" name="test_record_still_resolves_to_same_formula[sel__scope2_purchased_electricity_monthly_standard_fuel__2]" time="0.000"><skipped type="pytest.skip" message="category has no decision tree — formula resolved directly">/app/backend/tests/golden/test_ghg_golden_formula_selection.py:102: category has no decision tree — formula resolved directly</skipped></testcase><testcase classname="backend.tests.golden.test_ghg_golden_formula_selection" name="test_record_still_resolves_to_same_formula[sel__scope3_c3_fuel_and_energy_related_activities_not_included_in_scope_1_or_scope_2_activity_basis_monthly_standard_fuel__1]" time="0.000" /><testcase classname="backend.tests.golden.test_ghg_golden_formula_selection" name="test_record_still_resolves_to_same_formula[sel__scope1_process_emissions_monthly_standard_fuel_ch4_overall_combustion__0]" time="0.000" /><testcase classname="backend.tests.golden.test_ghg_golden_formula_selection" name="test_record_still_resolves_to_same_formula[sel__scope3_c4_upstream_transportation_and_distribution_activity_basis_yearly_standard_fuel__0]" time="0.000" /><testcase classname="backend.tests.golden.test_ghg_golden_formula_selection" name="test_record_still_resolves_to_same_formula[sel__scope3_c9_downstream_transportation_and_distribution_activity_basis_unspecified_standard_fuel__0]" time="0.000" /><testcase classname="backend.tests.golden.test_ghg_golden_formula_selection" name="test_record_still_resolves_to_same_formula[sel__scope3_c1_purchased_goods_and_services_supplier_basis_yearly_standard_fuel__0]" time="0.000" /><testcase classname="backend.tests.golden.test_ghg_golden_formula_selection" name="test_record_still_resolves_to_same_formula[sel__scope3_c11_use_of_sold_products_activity_basis_monthly_standard_fuel__1]" time="0.000" /><testcase classname="backend.tests.golden.test_ghg_golden_formula_selection" name="test_record_still_resolves_to_same_formula[sel__scope3_c6_business_travel_supplier_basis_monthly_standard_fuel__0]" time="0.000" /><testcase classname="backend.tests.golden.test_ghg_golden_formula_selection" name="test_record_still_resolves_to_same_formula[sel__scope3_c10_processing_of_sold_products_activity_basis_unspecified_standard_fuel__0]" time="0.000" /><testcase classname="backend.tests.golden.test_ghg_golden_formula_selection" name="test_record_still_resolves_to_same_formula[sel__scope3_c15_investments_supplier_basis_monthly_standard_fuel__0]" time="0.000" /><testcase classname="backend.tests.golden.test_ghg_golden_formula_selection" name="test_record_still_resolves_to_same_formula[sel__scope3_c1_purchased_goods_and_services_activity_basis_yearly_standard_fuel__0]" time="0.000" /><testcase classname="backend.tests.golden.test_ghg_golden_formula_selection" name="test_record_still_resolves_to_same_formula[sel__scope3_c9_downstream_transportation_and_distribution_spend_basis_monthly_standard_fuel__0]" time="0.000" /><testcase classname="backend.tests.golden.test_ghg_golden_formula_selection" name="test_record_still_resolves_to_same_formula[sel__scope3_c3_fuel_and_energy_related_activities_not_included_in_scope_1_or_scope_2_activity_basis_yearly_standard_fuel__0]" time="0.000" /><testcase classname="backend.tests.golden.test_ghg_golden_formula_selection" name="test_record_still_resolves_to_same_formula[sel__scope3_c2_capital_goods_spend_basis_monthly_standard_fuel__0]" time="0.000" /><testcase classname="backend.tests.golden.test_ghg_golden_formula_selection" name="test_record_still_resolves_to_same_formula[sel__scope3_c1_purchased_goods_and_services_spend_basis_monthly_standard_fuel__0]" time="0.000" /><testcase classname="backend.tests.golden.test_ghg_golden_formula_selection" name="test_record_still_resolves_to_same_formula[sel__scope1_stationary_combustion_monthly_custom_fuel__0]" time="0.000" /><testcase classname="backend.tests.golden.test_ghg_golden_formula_selection" name="test_record_still_resolves_to_same_formula[sel__scope3_c11_use_of_sold_products_activity_basis_monthly_standard_fuel__2]" time="0.000" /><testcase classname="backend.tests.golden.test_ghg_golden_formula_selection" name="test_record_still_resolves_to_same_formula[sel__scope3_c2_capital_goods_activity_basis_yearly_standard_fuel__0]" time="0.000" /><testcase classname="backend.tests.golden.test_ghg_golden_formula_selection" name="test_record_still_resolves_to_same_formula[sel__scope3_c2_capital_goods_supplier_basis_unspecified_standard_fuel__1]" time="0.000" /><testcase classname="backend.tests.golden.test_ghg_golden_formula_selection" name="test_record_still_resolves_to_same_formula[sel__scope2_purchased_electricity_yearly_standard_fuel__1]" time="0.000"><skipped type="pytest.skip" message="category has no decision tree — formula resolved directly">/app/backend/tests/golden/test_ghg_golden_formula_selection.py:102: category has no decision tree — formula resolved directly</skipped></testcase><testcase classname="backend.tests.golden.test_ghg_golden_formula_selection" name="test_record_still_resolves_to_same_formula[sel__scope3_c15_investments_supplier_basis_monthly_standard_fuel__1]" time="0.000" /><testcase classname="backend.tests.golden.test_ghg_golden_formula_selection" name="test_record_still_resolves_to_same_formula[sel__scope3_c9_downstream_transportation_and_distribution_activity_basis_unspecified_standard_fuel__1]" time="0.000" /><testcase classname="backend.tests.golden.test_ghg_golden_formula_selection" name="test_record_still_resolves_to_same_formula[sel__scope3_c4_upstream_transportation_and_distribution_spend_basis_yearly_standard_fuel__0]" time="0.000" /><testcase classname="backend.tests.golden.test_ghg_golden_formula_selection" name="test_record_still_resolves_to_same_formula[sel__scope3_c9_downstream_transportation_and_distribution_activity_basis_monthly_standard_fuel__0]" time="0.000" /><testcase classname="backend.tests.golden.test_ghg_golden_formula_selection" name="test_record_still_resolves_to_same_formula[sel__scope1_fugitive_emissions_yearly_standard_fuel__0]" time="0.000" /><testcase classname="backend.tests.golden.test_ghg_golden_formula_selection" name="test_record_still_resolves_to_same_formula[sel__scope1_stationary_combustion_yearly_standard_fuel__0]" time="0.000" /><testcase classname="backend.tests.golden.test_ghg_golden_formula_selection" name="test_record_still_resolves_to_same_formula[sel__scope3_c3_fuel_and_energy_related_activities_not_included_in_scope_1_or_scope_2_activity_basis_monthly_standard_fuel__2]" time="0.000" /><testcase classname="backend.tests.golden.test_ghg_golden_formula_selection" name="test_record_still_resolves_to_same_formula[sel__scope1_mobile_combustion_monthly_standard_fuel__2]" time="0.000" /><testcase classname="backend.tests.golden.test_ghg_golden_formula_selection" name="test_record_still_resolves_to_same_formula[sel__scope3_c3_fuel_and_energy_related_activities_not_included_in_scope_1_or_scope_2_supplier_basis_monthly_standard_fuel__1]" time="0.000" /><testcase classname="backend.tests.golden.test_ghg_golden_formula_selection" name="test_record_still_resolves_to_same_formula[sel__biogenic_stationary_combustion_monthly_standard_fuel_scope1__1]" time="0.000" /><testcase classname="backend.tests.golden.test_ghg_golden_formula_selection" name="test_record_still_resolves_to_same_formula[sel__scope3_c9_downstream_transportation_and_distribution_activity_basis_yearly_standard_fuel__0]" time="0.000" /><testcase classname="backend.tests.golden.test_ghg_golden_formula_selection" name="test_record_still_resolves_to_same_formula[sel__scope3_c2_capital_goods_activity_basis_monthly_standard_fuel__0]" time="0.000" /><testcase classname="backend.tests.golden.test_ghg_golden_formula_selection" name="test_record_still_resolves_to_same_formula[sel__biogenic_stationary_combustion_monthly_standard_fuel_scope1__2]" time="0.000" /><testcase classname="backend.tests.golden.test_ghg_golden_formula_selection" name="test_record_still_resolves_to_same_formula[sel__scope1_process_emissions_monthly_standard_fuel_venting__0]" time="0.000" /><testcase classname="backend.tests.golden.test_ghg_golden_formula_selection" name="test_record_still_resolves_to_same_formula[sel__scope3_c4_upstream_transportation_and_distribution_spend_basis_unspecified_standard_fuel__0]" time="0.000" /><testcase classname="backend.tests.golden.test_ghg_golden_formula_selection" name="test_record_still_resolves_to_same_formula[sel__scope3_c2_capital_goods_spend_basis_monthly_standard_fuel__1]" time="0.000" /><testcase classname="backend.tests.golden.test_ghg_golden_formula_selection" name="test_record_still_resolves_to_same_formula[sel__scope3_c13_downstream_leased_assets_activity_basis_monthly_standard_fuel__0]" time="0.000" /><testcase classname="backend.tests.golden.test_ghg_golden_formula_selection" name="test_record_still_resolves_to_same_formula[sel__scope2_purchased_steam_heat_yearly_standard_fuel__0]" time="0.000"><skipped type="pytest.skip" message="category has no decision tree — formula resolved directly">/app/backend/tests/golden/test_ghg_golden_formula_selection.py:102: category has no decision tree — formula resolved directly</skipped></testcase><testcase classname="backend.tests.golden.test_ghg_golden_formula_selection" name="test_record_still_resolves_to_same_formula[sel__scope1_flaring_stationary_combustion_monthly_standard_fuel__0]" time="0.000" /><testcase classname="backend.tests.golden.test_ghg_golden_formula_selection" name="test_record_still_resolves_to_same_formula[sel__scope1_flaring_stationary_combustion_monthly_custom_fuel__0]" time="0.000" /><testcase classname="backend.tests.golden.test_ghg_golden_formula_selection" name="test_record_still_resolves_to_same_formula[sel__scope3_c5_waste_generated_in_operations_supplier_basis_unspecified_standard_fuel__0]" time="0.000" /><testcase classname="backend.tests.golden.test_ghg_golden_formula_selection" name="test_record_still_resolves_to_same_formula[sel__scope3_c10_processing_of_sold_products_activity_basis_unspecified_standard_fuel__1]" time="0.000" /><testcase classname="backend.tests.golden.test_ghg_golden_formula_selection" name="test_record_still_resolves_to_same_formula[sel__scope3_c5_waste_generated_in_operations_supplier_basis_yearly_standard_fuel__0]" time="0.000" /><testcase classname="backend.tests.golden.test_ghg_golden_formula_selection" name="test_record_still_resolves_to_same_formula[sel__scope3_c1_purchased_goods_and_services_spend_basis_monthly_standard_fuel__1]" time="0.000" /><testcase classname="backend.tests.golden.test_ghg_golden_formula_selection" name="test_record_still_resolves_to_same_formula[sel__scope1_stationary_combustion_yearly_standard_fuel__1]" time="0.000" /><testcase classname="backend.tests.golden.test_ghg_golden_formula_selection" name="test_record_still_resolves_to_same_formula[sel__scope3_c1_purchased_goods_and_services_spend_basis_monthly_standard_fuel__2]" time="0.000" /><testcase classname="backend.tests.golden.test_ghg_golden_formula_selection" name="test_record_still_resolves_to_same_formula[sel__scope1_fugitive_emissions_monthly_standard_fuel__2]" time="0.000" /><testcase classname="backend.tests.golden.test_ghg_golden_formula_selection" name="test_record_still_resolves_to_same_formula[sel__scope3_c9_downstream_transportation_and_distribution_activity_basis_yearly_standard_fuel__1]" time="0.000" /><testcase classname="backend.tests.golden.test_ghg_golden_formula_selection" name="test_record_still_resolves_to_same_formula[sel__scope3_c1_purchased_goods_and_services_activity_basis_yearly_standard_fuel__1]" time="0.000" /><testcase classname="backend.tests.golden.test_ghg_golden_formula_selection" name="test_record_still_resolves_to_same_formula[sel__scope3_c13_downstream_leased_assets_activity_basis_monthly_standard_fuel__1]" time="0.000" /><testcase classname="backend.tests.golden.test_ghg_golden_formula_selection" name="test_record_still_resolves_to_same_formula[sel__scope2_purchased_steam_heat_yearly_standard_fuel__1]" time="0.000"><skipped type="pytest.skip" message="category has no decision tree — formula resolved directly">/app/backend/tests/golden/test_ghg_golden_formula_selection.py:102: category has no decision tree — formula resolved directly</skipped></testcase><testcase classname="backend.tests.golden.test_ghg_golden_formula_selection" name="test_record_still_resolves_to_same_formula[sel__scope3_c9_downstream_transportation_and_distribution_activity_basis_unspecified_standard_fuel__2]" time="0.000" /><testcase classname="backend.tests.golden.test_ghg_golden_formula_selection" name="test_record_still_resolves_to_same_formula[sel__scope2_purchased_electricity_yearly_standard_fuel__2]" time="0.000"><skipped type="pytest.skip" message="category has no decision tree — formula resolved directly">/app/backend/tests/golden/test_ghg_golden_formula_selection.py:102: category has no decision tree — formula resolved directly</skipped></testcase><testcase classname="backend.tests.golden.test_ghg_golden_formula_selection" name="test_record_still_resolves_to_same_formula[sel__scope3_c4_upstream_transportation_and_distribution_spend_basis_yearly_standard_fuel__1]" time="0.000" /><testcase classname="backend.tests.golden.test_ghg_golden_formula_selection" name="test_record_still_resolves_to_same_formula[sel__scope1_stationary_combustion_monthly_custom_fuel__1]" time="0.000" /><testcase classname="backend.tests.golden.test_ghg_golden_formula_selection" name="test_record_still_resolves_to_same_formula[sel__scope2_purchased_steam_heat_monthly_standard_fuel__0]" time="0.000"><skipped type="pytest.skip" message="category has no decision tree — formula resolved directly">/app/backend/tests/golden/test_ghg_golden_formula_selection.py:102: category has no decision tree — formula resolved directly</skipped></testcase><testcase classname="backend.tests.golden.test_ghg_golden_formula_selection" name="test_record_still_resolves_to_same_formula[sel__scope3_c2_capital_goods_spend_basis_yearly_standard_fuel__0]" time="0.000" /><testcase classname="backend.tests.golden.test_ghg_golden_formula_selection" name="test_record_still_resolves_to_same_formula[sel__scope1_stationary_combustion_yearly_standard_fuel__2]" time="0.000" /><testcase classname="backend.tests.golden.test_ghg_golden_formula_selection" name="test_record_still_resolves_to_same_formula[sel__biogenic_stationary_combustion_yearly_standard_fuel_scope1__0]" time="0.000" /><testcase classname="backend.tests.golden.test_ghg_golden_formula_selection" name="test_record_still_resolves_to_same_formula[sel__scope3_c2_capital_goods_supplier_basis_unspecified_standard_fuel__2]" time="0.000" /><testcase classname="backend.tests.golden.test_ghg_golden_formula_selection" name="test_record_still_resolves_to_same_formula[sel__biogenic_mobile_combustion_monthly_standard_fuel_scope1__0]" time="0.000" /><testcase classname="backend.tests.golden.test_ghg_golden_formula_selection" name="test_record_still_resolves_to_same_formula[sel__scope1_fugitive_emissions_yearly_standard_fuel__1]" time="0.000" /><testcase classname="backend.tests.golden.test_ghg_golden_formula_selection" name="test_record_still_resolves_to_same_formula[sel__scope3_c6_business_travel_supplier_basis_monthly_standard_fuel__1]" time="0.000" /><testcase classname="backend.tests.golden.test_ghg_golden_formula_selection" name="test_record_still_resolves_to_same_formula[sel__scope3_c1_purchased_goods_and_services_activity_basis_monthly_standard_fuel__0]" time="0.000" /><testcase classname="backend.tests.golden.test_ghg_golden_formula_selection" name="test_record_still_resolves_to_same_formula[sel__scope3_c5_waste_generated_in_operations_activity_basis_monthly_standard_fuel__0]" time="0.000" /><testcase classname="backend.tests.golden.test_ghg_golden_formula_selection" name="test_record_still_resolves_to_same_formula[sel__scope3_c12_end_of_life_treatment_of_sold_products_activity_basis_monthly_standard_fuel__0]" time="0.000" /><testcase classname="backend.tests.golden.test_ghg_golden_live_endpoint" name="test_baseline_is_populated" time="0.000" /><testcase classname="backend.tests.golden.test_ghg_golden_live_endpoint" name="test_live_endpoint_unchanged[http__biogenic_mobile_combustion_monthly_standard_fuel_scope1__0]" time="0.373" /><testcase classname="backend.tests.golden.test_ghg_golden_live_endpoint" name="test_live_endpoint_unchanged[http__biogenic_stationary_combustion_monthly_standard_fuel_scope1__0]" time="0.084" /><testcase classname="backend.tests.golden.test_ghg_golden_live_endpoint" name="test_live_endpoint_unchanged[http__biogenic_stationary_combustion_monthly_standard_fuel_scope1__1]" time="0.100" /><testcase classname="backend.tests.golden.test_ghg_golden_live_endpoint" name="test_live_endpoint_unchanged[http__biogenic_stationary_combustion_monthly_standard_fuel_scope1__2]" time="0.088" /><testcase classname="backend.tests.golden.test_ghg_golden_live_endpoint" name="test_live_endpoint_unchanged[http__biogenic_stationary_combustion_yearly_standard_fuel_scope1__0]" time="0.086" /><testcase classname="backend.tests.golden.test_ghg_golden_live_endpoint" name="test_live_endpoint_unchanged[http__scope1_flaring_stationary_combustion_monthly_custom_fuel__0]" time="0.078" /><testcase classname="backend.tests.golden.test_ghg_golden_live_endpoint" name="test_live_endpoint_unchanged[http__scope1_flaring_stationary_combustion_monthly_standard_fuel__0]" time="0.088" /><testcase classname="backend.tests.golden.test_ghg_golden_live_endpoint" name="test_live_endpoint_unchanged[http__scope1_fugitive_emissions_monthly_standard_fuel__1]" time="0.068" /><testcase classname="backend.tests.golden.test_ghg_golden_live_endpoint" name="test_live_endpoint_unchanged[http__scope1_fugitive_emissions_monthly_standard_fuel__2]" time="0.064" /><testcase classname="backend.tests.golden.test_ghg_golden_live_endpoint" name="test_live_endpoint_unchanged[http__scope1_mobile_combustion_monthly_standard_fuel__0]" time="0.097" /><testcase classname="backend.tests.golden.test_ghg_golden_live_endpoint" name="test_live_endpoint_unchanged[http__scope1_mobile_combustion_monthly_standard_fuel__1]" time="0.095" /><testcase classname="backend.tests.golden.test_ghg_golden_live_endpoint" name="test_live_endpoint_unchanged[http__scope1_mobile_combustion_yearly_standard_fuel__0]" time="0.073" /><testcase classname="backend.tests.golden.test_ghg_golden_live_endpoint" name="test_live_endpoint_unchanged[http__scope1_process_emissions_monthly_standard_fuel_ch4_overall_combustion__0]" time="0.066" /><testcase classname="backend.tests.golden.test_ghg_golden_live_endpoint" name="test_live_endpoint_unchanged[http__scope1_process_emissions_monthly_standard_fuel_venting__0]" time="0.067" /><testcase classname="backend.tests.golden.test_ghg_golden_live_endpoint" name="test_live_endpoint_unchanged[http__scope1_stationary_combustion_monthly_custom_fuel__0]" time="0.068" /><testcase classname="backend.tests.golden.test_ghg_golden_live_endpoint" name="test_live_endpoint_unchanged[http__scope1_stationary_combustion_monthly_custom_fuel__1]" time="0.066" /><testcase classname="backend.tests.golden.test_ghg_golden_live_endpoint" name="test_live_endpoint_unchanged[http__scope1_stationary_combustion_monthly_standard_fuel__1]" time="0.091" /><testcase classname="backend.tests.golden.test_ghg_golden_live_endpoint" name="test_live_endpoint_unchanged[http__scope1_stationary_combustion_monthly_standard_fuel__2]" time="0.071" /><testcase classname="backend.tests.golden.test_ghg_golden_live_endpoint" name="test_live_endpoint_unchanged[http__scope1_stationary_combustion_yearly_standard_fuel__0]" time="0.091" /><testcase classname="backend.tests.golden.test_ghg_golden_live_endpoint" name="test_live_endpoint_unchanged[http__scope1_stationary_combustion_yearly_standard_fuel__1]" time="0.087" /><testcase classname="backend.tests.golden.test_ghg_golden_live_endpoint" name="test_live_endpoint_unchanged[http__scope2_purchased_electricity_monthly_standard_fuel__0]" time="0.072" /><testcase classname="backend.tests.golden.test_ghg_golden_live_endpoint" name="test_live_endpoint_unchanged[http__scope2_purchased_electricity_monthly_standard_fuel__2]" time="0.072" /><testcase classname="backend.tests.golden.test_ghg_golden_live_endpoint" name="test_live_endpoint_unchanged[http__scope2_purchased_electricity_yearly_standard_fuel__0]" time="0.078" /><testcase classname="backend.tests.golden.test_ghg_golden_live_endpoint" name="test_live_endpoint_unchanged[http__scope2_purchased_electricity_yearly_standard_fuel__1]" time="0.074" /><testcase classname="backend.tests.golden.test_ghg_golden_live_endpoint" name="test_live_endpoint_unchanged[http__scope2_purchased_electricity_yearly_standard_fuel__2]" time="0.091" /><testcase classname="backend.tests.golden.test_ghg_golden_live_endpoint" name="test_live_endpoint_unchanged[http__scope2_purchased_steam_heat_monthly_standard_fuel__0]" time="0.064" /><testcase classname="backend.tests.golden.test_ghg_golden_live_endpoint" name="test_live_endpoint_unchanged[http__scope3_c1_purchased_goods_and_services_activity_basis_monthly_standard_fuel__0]" time="0.072" /><testcase classname="backend.tests.golden.test_ghg_golden_live_endpoint" name="test_live_endpoint_unchanged[http__scope3_c1_purchased_goods_and_services_activity_basis_yearly_standard_fuel__0]" time="0.070" /><testcase classname="backend.tests.golden.test_ghg_golden_live_endpoint" name="test_live_endpoint_unchanged[http__scope3_c1_purchased_goods_and_services_activity_basis_yearly_standard_fuel__1]" time="0.086" /><testcase classname="backend.tests.golden.test_ghg_golden_live_endpoint" name="test_live_endpoint_unchanged[http__scope3_c1_purchased_goods_and_services_spend_basis_monthly_standard_fuel__0]" time="0.089" /><testcase classname="backend.tests.golden.test_ghg_golden_live_endpoint" name="test_live_endpoint_unchanged[http__scope3_c1_purchased_goods_and_services_spend_basis_monthly_standard_fuel__1]" time="0.098" /><testcase classname="backend.tests.golden.test_ghg_golden_live_endpoint" name="test_live_endpoint_unchanged[http__scope3_c1_purchased_goods_and_services_spend_basis_monthly_standard_fuel__2]" time="0.112" /><testcase classname="backend.tests.golden.test_ghg_golden_live_endpoint" name="test_live_endpoint_unchanged[http__scope3_c1_purchased_goods_and_services_supplier_basis_yearly_standard_fuel__0]" time="0.070" /><testcase classname="backend.tests.golden.test_ghg_golden_live_endpoint" name="test_live_endpoint_unchanged[http__scope3_c10_processing_of_sold_products_activity_basis_unspecified_standard_fuel__0]" time="0.085" /><testcase classname="backend.tests.golden.test_ghg_golden_live_endpoint" name="test_live_endpoint_unchanged[http__scope3_c10_processing_of_sold_products_activity_basis_unspecified_standard_fuel__1]" time="0.091" /><testcase classname="backend.tests.golden.test_ghg_golden_live_endpoint" name="test_live_endpoint_unchanged[http__scope3_c11_use_of_sold_products_activity_basis_monthly_standard_fuel__1]" time="0.088" /><testcase classname="backend.tests.golden.test_ghg_golden_live_endpoint" name="test_live_endpoint_unchanged[http__scope3_c12_end_of_life_treatment_of_sold_products_activity_basis_monthly_standard_fuel__0]" time="0.076" /><testcase classname="backend.tests.golden.test_ghg_golden_live_endpoint" name="test_live_endpoint_unchanged[http__scope3_c13_downstream_leased_assets_activity_basis_monthly_standard_fuel__0]" time="0.077" /><testcase classname="backend.tests.golden.test_ghg_golden_live_endpoint" name="test_live_endpoint_unchanged[http__scope3_c13_downstream_leased_assets_activity_basis_monthly_standard_fuel__1]" time="0.085" /><testcase classname="backend.tests.golden.test_ghg_golden_live_endpoint" name="test_live_endpoint_unchanged[http__scope3_c15_investments_supplier_basis_monthly_standard_fuel__0]" time="0.073" /><testcase classname="backend.tests.golden.test_ghg_golden_live_endpoint" name="test_live_endpoint_unchanged[http__scope3_c15_investments_supplier_basis_monthly_standard_fuel__1]" time="0.091" /><testcase classname="backend.tests.golden.test_ghg_golden_live_endpoint" name="test_live_endpoint_unchanged[http__scope3_c2_capital_goods_activity_basis_monthly_standard_fuel__0]" time="0.071" /><testcase classname="backend.tests.golden.test_ghg_golden_live_endpoint" name="test_live_endpoint_unchanged[http__scope3_c2_capital_goods_activity_basis_yearly_standard_fuel__0]" time="0.070" /><testcase classname="backend.tests.golden.test_ghg_golden_live_endpoint" name="test_live_endpoint_unchanged[http__scope3_c2_capital_goods_spend_basis_monthly_standard_fuel__0]" time="0.070" /><testcase classname="backend.tests.golden.test_ghg_golden_live_endpoint" name="test_live_endpoint_unchanged[http__scope3_c2_capital_goods_spend_basis_monthly_standard_fuel__1]" time="0.068" /><testcase classname="backend.tests.golden.test_ghg_golden_live_endpoint" name="test_live_endpoint_unchanged[http__scope3_c2_capital_goods_spend_basis_yearly_standard_fuel__0]" time="0.095" /><testcase classname="backend.tests.golden.test_ghg_golden_live_endpoint" name="test_live_endpoint_unchanged[http__scope3_c2_capital_goods_supplier_basis_unspecified_standard_fuel__0]" time="0.071" /><testcase classname="backend.tests.golden.test_ghg_golden_live_endpoint" name="test_live_endpoint_unchanged[http__scope3_c2_capital_goods_supplier_basis_unspecified_standard_fuel__1]" time="0.072" /><testcase classname="backend.tests.golden.test_ghg_golden_live_endpoint" name="test_live_endpoint_unchanged[http__scope3_c2_capital_goods_supplier_basis_unspecified_standard_fuel__2]" time="0.076" /><testcase classname="backend.tests.golden.test_ghg_golden_live_endpoint" name="test_live_endpoint_unchanged[http__scope3_c3_fuel_and_energy_related_activities_not_included_in_scope_1_or_scope_2_activity_basis_monthly_standard_fuel__0]" time="0.081" /><testcase classname="backend.tests.golden.test_ghg_golden_live_endpoint" name="test_live_endpoint_unchanged[http__scope3_c3_fuel_and_energy_related_activities_not_included_in_scope_1_or_scope_2_activity_basis_monthly_standard_fuel__1]" time="0.106" /><testcase classname="backend.tests.golden.test_ghg_golden_live_endpoint" name="test_live_endpoint_unchanged[http__scope3_c3_fuel_and_energy_related_activities_not_included_in_scope_1_or_scope_2_activity_basis_monthly_standard_fuel__2]" time="0.078" /><testcase classname="backend.tests.golden.test_ghg_golden_live_endpoint" name="test_live_endpoint_unchanged[http__scope3_c3_fuel_and_energy_related_activities_not_included_in_scope_1_or_scope_2_activity_basis_yearly_standard_fuel__0]" time="0.072" /><testcase classname="backend.tests.golden.test_ghg_golden_live_endpoint" name="test_live_endpoint_unchanged[http__scope3_c3_fuel_and_energy_related_activities_not_included_in_scope_1_or_scope_2_supplier_basis_monthly_standard_fuel__0]" time="0.068" /><testcase classname="backend.tests.golden.test_ghg_golden_live_endpoint" name="test_live_endpoint_unchanged[http__scope3_c3_fuel_and_energy_related_activities_not_included_in_scope_1_or_scope_2_supplier_basis_monthly_standard_fuel__1]" time="0.069" /><testcase classname="backend.tests.golden.test_ghg_golden_live_endpoint" name="test_live_endpoint_unchanged[http__scope3_c4_upstream_transportation_and_distribution_activity_basis_yearly_standard_fuel__0]" time="0.079" /><testcase classname="backend.tests.golden.test_ghg_golden_live_endpoint" name="test_live_endpoint_unchanged[http__scope3_c4_upstream_transportation_and_distribution_spend_basis_unspecified_standard_fuel__0]" time="0.076" /><testcase classname="backend.tests.golden.test_ghg_golden_live_endpoint" name="test_live_endpoint_unchanged[http__scope3_c4_upstream_transportation_and_distribution_spend_basis_yearly_standard_fuel__0]" time="0.074" /><testcase classname="backend.tests.golden.test_ghg_golden_live_endpoint" name="test_live_endpoint_unchanged[http__scope3_c4_upstream_transportation_and_distribution_spend_basis_yearly_standard_fuel__1]" time="0.071" /><testcase classname="backend.tests.golden.test_ghg_golden_live_endpoint" name="test_live_endpoint_unchanged[http__scope3_c5_waste_generated_in_operations_activity_basis_monthly_standard_fuel__0]" time="0.095" /><testcase classname="backend.tests.golden.test_ghg_golden_live_endpoint" name="test_live_endpoint_unchanged[http__scope3_c5_waste_generated_in_operations_supplier_basis_unspecified_standard_fuel__0]" time="0.069" /><testcase classname="backend.tests.golden.test_ghg_golden_live_endpoint" name="test_live_endpoint_unchanged[http__scope3_c5_waste_generated_in_operations_supplier_basis_yearly_standard_fuel__0]" time="0.086" /><testcase classname="backend.tests.golden.test_ghg_golden_live_endpoint" name="test_live_endpoint_unchanged[http__scope3_c6_business_travel_activity_basis_yearly_standard_fuel__1]" time="0.086" /><testcase classname="backend.tests.golden.test_ghg_golden_live_endpoint" name="test_live_endpoint_unchanged[http__scope3_c6_business_travel_supplier_basis_monthly_standard_fuel__0]" time="0.083" /><testcase classname="backend.tests.golden.test_ghg_golden_live_endpoint" name="test_live_endpoint_unchanged[http__scope3_c6_business_travel_supplier_basis_monthly_standard_fuel__1]" time="0.096" /><testcase classname="backend.tests.golden.test_ghg_golden_live_endpoint" name="test_live_endpoint_unchanged[http__scope3_c9_downstream_transportation_and_distribution_activity_basis_monthly_standard_fuel__0]" time="0.074" /><testcase classname="backend.tests.golden.test_ghg_golden_live_endpoint" name="test_live_endpoint_unchanged[http__scope3_c9_downstream_transportation_and_distribution_activity_basis_unspecified_standard_fuel__0]" time="0.074" /><test
[...]
ssets|supplier_basis|unspecified|standa]" time="0.000" /><testcase classname="backend.tests.golden.test_ghg_golden_record_contract" name="test_record_contract_unchanged[biogenic|Mobile Combustion|-|monthly|standard_fuel|scope1|-]" time="0.000" /><testcase classname="backend.tests.golden.test_ghg_golden_record_contract" name="test_record_contract_unchanged[biogenic|Mobile Combustion|-|yearly|standard_fuel|scope1|-]" time="0.000" /><testcase classname="backend.tests.golden.test_ghg_golden_record_contract" name="test_record_contract_unchanged[biogenic|Stationary Combustion|-|monthly|standard_fuel|scope1|-]" time="0.000" /><testcase classname="backend.tests.golden.test_ghg_golden_record_contract" name="test_record_contract_unchanged[biogenic|Stationary Combustion|-|unspecified|standard_fuel|-|-]" time="0.000" /><testcase classname="backend.tests.golden.test_ghg_golden_record_contract" name="test_record_contract_unchanged[biogenic|Stationary Combustion|-|yearly|standard_fuel|scope1|-]" time="0.000" /><testcase classname="backend.tests.golden.test_ghg_golden_record_contract" name="test_record_contract_unchanged[scope1|Flaring (Stationary Combustion)|-|monthly|custom_fuel|-|-]" time="0.000" /><testcase classname="backend.tests.golden.test_ghg_golden_record_contract" name="test_record_contract_unchanged[scope1|Flaring (Stationary Combustion)|-|monthly|standard_fuel|-|-]" time="0.000" /><testcase classname="backend.tests.golden.test_ghg_golden_record_contract" name="test_record_contract_unchanged[scope1|Fugitive Emissions|-|monthly|standard_fuel|-|-]" time="0.000" /><testcase classname="backend.tests.golden.test_ghg_golden_record_contract" name="test_record_contract_unchanged[scope1|Fugitive Emissions|-|unspecified|standard_fuel|-|-]" time="0.000" /><testcase classname="backend.tests.golden.test_ghg_golden_record_contract" name="test_record_contract_unchanged[scope1|Fugitive Emissions|-|yearly|standard_fuel|-|-]" time="0.000" /><testcase classname="backend.tests.golden.test_ghg_golden_record_contract" name="test_record_contract_unchanged[scope1|Mobile Combustion|-|monthly|standard_fuel|-|-]" time="0.000" /><testcase classname="backend.tests.golden.test_ghg_golden_record_contract" name="test_record_contract_unchanged[scope1|Mobile Combustion|-|monthly|standard_fuel|-|venting]" time="0.000" /><testcase classname="backend.tests.golden.test_ghg_golden_record_contract" name="test_record_contract_unchanged[scope1|Mobile Combustion|-|unspecified|standard_fuel|-|-]" time="0.000" /><testcase classname="backend.tests.golden.test_ghg_golden_record_contract" name="test_record_contract_unchanged[scope1|Mobile Combustion|-|yearly|standard_fuel|-|-]" time="0.000" /><testcase classname="backend.tests.golden.test_ghg_golden_record_contract" name="test_record_contract_unchanged[scope1|Process Emissions|-|monthly|standard_fuel|-|ch4_overall_combust]" time="0.000" /><testcase classname="backend.tests.golden.test_ghg_golden_record_contract" name="test_record_contract_unchanged[scope1|Process Emissions|-|monthly|standard_fuel|-|venting]" time="0.000" /><testcase classname="backend.tests.golden.test_ghg_golden_record_contract" name="test_record_contract_unchanged[scope1|Stationary Combustion|-|monthly|custom_fuel|-|-]" time="0.000" /><testcase classname="backend.tests.golden.test_ghg_golden_record_contract" name="test_record_contract_unchanged[scope1|Stationary Combustion|-|monthly|standard_fuel|-|-]" time="0.000" /><testcase classname="backend.tests.golden.test_ghg_golden_record_contract" name="test_record_contract_unchanged[scope1|Stationary Combustion|-|unspecified|standard_fuel|-|-]" time="0.000" /><testcase classname="backend.tests.golden.test_ghg_golden_record_contract" name="test_record_contract_unchanged[scope1|Stationary Combustion|-|yearly|standard_fuel|-|-]" time="0.000" /><testcase classname="backend.tests.golden.test_ghg_golden_record_contract" name="test_record_contract_unchanged[scope2|Purchased Electricity|-|monthly|standard_fuel|-|-]" time="0.000" /><testcase classname="backend.tests.golden.test_ghg_golden_record_contract" name="test_record_contract_unchanged[scope2|Purchased Electricity|-|unspecified|standard_fuel|-|-]" time="0.000" /><testcase classname="backend.tests.golden.test_ghg_golden_record_contract" name="test_record_contract_unchanged[scope2|Purchased Electricity|-|yearly|standard_fuel|-|-]" time="0.000" /><testcase classname="backend.tests.golden.test_ghg_golden_record_contract" name="test_record_contract_unchanged[scope2|Purchased Steam/Heat|-|monthly|standard_fuel|-|-]" time="0.000" /><testcase classname="backend.tests.golden.test_ghg_golden_record_contract" name="test_record_contract_unchanged[scope2|Purchased Steam/Heat|-|yearly|standard_fuel|-|-]" time="0.000" /><testcase classname="backend.tests.golden.test_ghg_golden_record_contract" name="test_record_contract_unchanged[scope3|Business Travel|spend_based|unspecified|standard_fuel|-|-]" time="0.000" /><testcase classname="backend.tests.golden.test_ghg_golden_record_contract" name="test_record_contract_unchanged[scope3|C1 - Purchased Goods and Services|activity_basis|monthly|standa]" time="0.000" /><testcase classname="backend.tests.golden.test_ghg_golden_record_contract" name="test_record_contract_unchanged[scope3|C1 - Purchased Goods and Services|activity_basis|unspecified|st]" time="0.000" /><testcase classname="backend.tests.golden.test_ghg_golden_record_contract" name="test_record_contract_unchanged[scope3|C1 - Purchased Goods and Services|activity_basis|yearly|standar]" time="0.000" /><testcase classname="backend.tests.golden.test_ghg_golden_record_contract" name="test_record_contract_unchanged[scope3|C1 - Purchased Goods and Services|spend_basis|monthly|standard_]" time="0.000" /><testcase classname="backend.tests.golden.test_ghg_golden_record_contract" name="test_record_contract_unchanged[scope3|C1 - Purchased Goods and Services|spend_basis|unspecified|stand]" time="0.000" /><testcase classname="backend.tests.golden.test_ghg_golden_record_contract" name="test_record_contract_unchanged[scope3|C1 - Purchased Goods and Services|spend_basis|yearly|standard_f]" time="0.000" /><testcase classname="backend.tests.golden.test_ghg_golden_record_contract" name="test_record_contract_unchanged[scope3|C1 - Purchased Goods and Services|supplier_basis|monthly|standa]" time="0.000" /><testcase classname="backend.tests.golden.test_ghg_golden_record_contract" name="test_record_contract_unchanged[scope3|C1 - Purchased Goods and Services|supplier_basis|unspecified|st]" time="0.000" /><testcase classname="backend.tests.golden.test_ghg_golden_record_contract" name="test_record_contract_unchanged[scope3|C1 - Purchased Goods and Services|supplier_basis|yearly|standar]" time="0.000" /><testcase classname="backend.tests.golden.test_ghg_golden_record_contract" name="test_record_contract_unchanged[scope3|C10 - Processing of Sold Products|activity_basis|monthly|standa]" time="0.000" /><testcase classname="backend.tests.golden.test_ghg_golden_record_contract" name="test_record_contract_unchanged[scope3|C10 - Processing of Sold Products|activity_basis|unspecified|st]" time="0.000" /><testcase classname="backend.tests.golden.test_ghg_golden_record_contract" name="test_record_contract_unchanged[scope3|C10 - Processing of Sold Products|activity_basis|yearly|standar]" time="0.000" /><testcase classname="backend.tests.golden.test_ghg_golden_record_contract" name="test_record_contract_unchanged[scope3|C10 - Processing of Sold Products|supplier_basis|unspecified|st]" time="0.000" /><testcase classname="backend.tests.golden.test_ghg_golden_record_contract" name="test_record_contract_unchanged[scope3|C11 - Use of Sold Products|activity_basis|monthly|standard_fuel]" time="0.000" /><testcase classname="backend.tests.golden.test_ghg_golden_record_contract" name="test_record_contract_unchanged[scope3|C11 - Use of Sold Products|activity_basis|yearly|standard_fuel|]" time="0.000" /><testcase classname="backend.tests.golden.test_ghg_golden_record_contract" name="test_record_contract_unchanged[scope3|C12 - End-of-Life Treatment of Sold Products|activity_basis|mon]" time="0.000" /><testcase classname="backend.tests.golden.test_ghg_golden_record_contract" name="test_record_contract_unchanged[scope3|C13 - Downstream Leased Assets|activity_basis|monthly|standard_]" time="0.000" /><testcase classname="backend.tests.golden.test_ghg_golden_record_contract" name="test_record_contract_unchanged[scope3|C13 - Downstream Leased Assets|activity_basis|yearly|standard_f]" time="0.000" /><testcase classname="backend.tests.golden.test_ghg_golden_record_contract" name="test_record_contract_unchanged[scope3|C14 - Franchises|activity_basis|yearly|standard_fuel|-|-]" time="0.000" /><testcase classname="backend.tests.golden.test_ghg_golden_record_contract" name="test_record_contract_unchanged[scope3|C15 - Investments|supplier_basis|monthly|standard_fuel|-|-]" time="0.000" /><testcase classname="backend.tests.golden.test_ghg_golden_record_contract" name="test_record_contract_unchanged[scope3|C15 - Investments|supplier_basis|unspecified|standard_fuel|-|-]" time="0.000" /><testcase classname="backend.tests.golden.test_ghg_golden_record_contract" name="test_record_contract_unchanged[scope3|C15 - Investments|supplier_basis|yearly|standard_fuel|-|-]" time="0.000" /><testcase classname="backend.tests.golden.test_ghg_golden_record_contract" name="test_record_contract_unchanged[scope3|C2 - Capital Goods|activity_basis|monthly|standard_fuel|-|-]" time="0.000" /><testcase classname="backend.tests.golden.test_ghg_golden_record_contract" name="test_record_contract_unchanged[scope3|C2 - Capital Goods|activity_basis|yearly|standard_fuel|-|-]" time="0.000" /><testcase classname="backend.tests.golden.test_ghg_golden_record_contract" name="test_record_contract_unchanged[scope3|C2 - Capital Goods|spend_basis|monthly|standard_fuel|-|-]" time="0.000" /><testcase classname="backend.tests.golden.test_ghg_golden_record_contract" name="test_record_contract_unchanged[scope3|C2 - Capital Goods|spend_basis|yearly|standard_fuel|-|-]" time="0.000" /><testcase classname="backend.tests.golden.test_ghg_golden_record_contract" name="test_record_contract_unchanged[scope3|C2 - Capital Goods|supplier_basis|unspecified|standard_fuel|-|-]" time="0.000" /><testcase classname="backend.tests.golden.test_ghg_golden_record_contract" name="test_record_contract_unchanged[scope3|C3 - Fuel and Energy Related Activities Not Included in Scope 1_0]" time="0.000" /><testcase classname="backend.tests.golden.test_ghg_golden_record_contract" name="test_record_contract_unchanged[scope3|C3 - Fuel and Energy Related Activities Not Included in Scope 1_1]" time="0.000" /><testcase classname="backend.tests.golden.test_ghg_golden_record_contract" name="test_record_contract_unchanged[scope3|C3 - Fuel and Energy Related Activities Not Included in Scope 1_2]" time="0.000" /><testcase classname="backend.tests.golden.test_ghg_golden_record_contract" name="test_record_contract_unchanged[scope3|C3 - Fuel and Energy Related Activities Not Included in Scope 1_3]" time="0.000" /><testcase classname="backend.tests.golden.test_ghg_golden_record_contract" name="test_record_contract_unchanged[scope3|C4 - Upstream Transportation and Distribution|activity_basis|un]" time="0.000" /><testcase classname="backend.tests.golden.test_ghg_golden_record_contract" name="test_record_contract_unchanged[scope3|C4 - Upstream Transportation and Distribution|activity_basis|ye]" time="0.000" /><testcase classname="backend.tests.golden.test_ghg_golden_record_contract" name="test_record_contract_unchanged[scope3|C4 - Upstream Transportation and Distribution|spend_basis|month]" time="0.000" /><testcase classname="backend.tests.golden.test_ghg_golden_record_contract" name="test_record_contract_unchanged[scope3|C4 - Upstream Transportation and Distribution|spend_basis|unspe]" time="0.000" /><testcase classname="backend.tests.golden.test_ghg_golden_record_contract" name="test_record_contract_unchanged[scope3|C4 - Upstream Transportation and Distribution|spend_basis|yearl]" time="0.000" /><testcase classname="backend.tests.golden.test_ghg_golden_record_contract" name="test_record_contract_unchanged[scope3|C4 - Upstream Transportation and Distribution|supplier_basis|un]" time="0.000" /><testcase classname="backend.tests.golden.test_ghg_golden_record_contract" name="test_record_contract_unchanged[scope3|C5 - Waste Generated in Operations|activity_basis|monthly|stand]" time="0.000" /><testcase classname="backend.tests.golden.test_ghg_golden_record_contract" name="test_record_contract_unchanged[scope3|C5 - Waste Generated in Operations|activity_basis|unspecified|s]" time="0.000" /><testcase classname="backend.tests.golden.test_ghg_golden_record_contract" name="test_record_contract_unchanged[scope3|C5 - Waste Generated in Operations|activity_basis|yearly|standa]" time="0.000" /><testcase classname="backend.tests.golden.test_ghg_golden_record_contract" name="test_record_contract_unchanged[scope3|C5 - Waste Generated in Operations|supplier_basis|unspecified|s]" time="0.000" /><testcase classname="backend.tests.golden.test_ghg_golden_record_contract" name="test_record_contract_unchanged[scope3|C5 - Waste Generated in Operations|supplier_basis|yearly|standa]" time="0.000" /><testcase classname="backend.tests.golden.test_ghg_golden_record_contract" name="test_record_contract_unchanged[scope3|C6 - Business Travel|activity_basis|monthly|standard_fuel|-|-]" time="0.000" /><testcase classname="backend.tests.golden.test_ghg_golden_record_contract" name="test_record_contract_unchanged[scope3|C6 - Business Travel|activity_basis|unspecified|standard_fuel|-]" time="0.000" /><testcase classname="backend.tests.golden.test_ghg_golden_record_contract" name="test_record_contract_unchanged[scope3|C6 - Business Travel|activity_basis|yearly|standard_fuel|-|-]" time="0.000" /><testcase classname="backend.tests.golden.test_ghg_golden_record_contract" name="test_record_contract_unchanged[scope3|C6 - Business Travel|supplier_basis|monthly|standard_fuel|-|-]" time="0.000" /><testcase classname="backend.tests.golden.test_ghg_golden_record_contract" name="test_record_contract_unchanged[scope3|C6 - Business Travel|supplier_basis|unspecified|standard_fuel|-]" time="0.000" /><testcase classname="backend.tests.golden.test_ghg_golden_record_contract" name="test_record_contract_unchanged[scope3|C6 - Business Travel|supplier_basis|yearly|standard_fuel|-|-]" time="0.000" /><testcase classname="backend.tests.golden.test_ghg_golden_record_contract" name="test_record_contract_unchanged[scope3|C7 - Employee Commuting|activity_basis|monthly|standard_fuel|-|]" time="0.000" /><testcase classname="backend.tests.golden.test_ghg_golden_record_contract" name="test_record_contract_unchanged[scope3|C7 - Employee Commuting|activity_basis|unspecified|standard_fue]" time="0.000" /><testcase classname="backend.tests.golden.test_ghg_golden_record_contract" name="test_record_contract_unchanged[scope3|C7 - Employee Commuting|activity_basis|yearly|standard_fuel|-|-]" time="0.000" /><testcase classname="backend.tests.golden.test_ghg_golden_record_contract" name="test_record_contract_unchanged[scope3|C7 - Employee Commuting|supplier_basis|monthly|standard_fuel|-|]" time="0.000" /><testcase classname="backend.tests.golden.test_ghg_golden_record_contract" name="test_record_contract_unchanged[scope3|C7 - Employee Commuting|supplier_basis|unspecified|standard_fue]" time="0.000" /><testcase classname="backend.tests.golden.test_ghg_golden_record_contract" name="test_record_contract_unchanged[scope3|C7 - Employee Commuting|supplier_basis|yearly|standard_fuel|-|-]" time="0.000" /><testcase classname="backend.tests.golden.test_ghg_golden_record_contract" name="test_record_contract_unchanged[scope3|C8 - Upstream Leased Assets|activity_basis|monthly|standard_fue]" time="0.000" /><testcase classname="backend.tests.golden.test_ghg_golden_record_contract" name="test_record_contract_unchanged[scope3|C8 - Upstream Leased Assets|activity_basis|unspecified|standard]" time="0.000" /><testcase classname="backend.tests.golden.test_ghg_golden_record_contract" name="test_record_contract_unchanged[scope3|C8 - Upstream Leased Assets|activity_basis|yearly|standard_fuel]" time="0.000" /><testcase classname="backend.tests.golden.test_ghg_golden_record_contract" name="test_record_contract_unchanged[scope3|C8 - Upstream Leased Assets|supplier_basis|monthly|standard_fue]" time="0.000" /><testcase classname="backend.tests.golden.test_ghg_golden_record_contract" name="test_record_contract_unchanged[scope3|C8 - Upstream Leased Assets|supplier_basis|unspecified|standard]" time="0.000" /><testcase classname="backend.tests.golden.test_ghg_golden_record_contract" name="test_record_contract_unchanged[scope3|C8 - Upstream Leased Assets|supplier_basis|yearly|standard_fuel]" time="0.000" /><testcase classname="backend.tests.golden.test_ghg_golden_record_contract" name="test_record_contract_unchanged[scope3|C9 - Downstream Transportation and Distribution|activity_basis|0]" time="0.000" /><testcase classname="backend.tests.golden.test_ghg_golden_record_contract" name="test_record_contract_unchanged[scope3|C9 - Downstream Transportation and Distribution|activity_basis|1]" time="0.000" /><testcase classname="backend.tests.golden.test_ghg_golden_record_contract" name="test_record_contract_unchanged[scope3|C9 - Downstream Transportation and Distribution|activity_basis|2]" time="0.000" /><testcase classname="backend.tests.golden.test_ghg_golden_record_contract" name="test_record_contract_unchanged[scope3|C9 - Downstream Transportation and Distribution|spend_basis|mon]" time="0.000" /><testcase classname="backend.tests.golden.test_ghg_golden_record_contract" name="test_record_contract_unchanged[scope3|C9 - Downstream Transportation and Distribution|spend_basis|yea]" time="0.000" /><testcase classname="backend.tests.golden.test_ghg_golden_record_contract" name="test_record_contract_unchanged[scope3|C9 - Downstream Transportation and Distribution|supplier_basis|]" time="0.000" /><testcase classname="backend.tests.golden.test_ghg_golden_record_contract" name="test_record_contract_unchanged[scope3|Capital Goods|spend_based|unspecified|standard_fuel|-|-]" time="0.000" /><testcase classname="backend.tests.golden.test_ghg_golden_record_contract" name="test_record_contract_unchanged[scope3|Downstream Transportation and Distribution|spend_based|unspecif]" time="0.000" /><testcase classname="backend.tests.golden.test_ghg_golden_record_contract" name="test_record_contract_unchanged[scope3|Employee Commuting|spend_based|unspecified|standard_fuel|-|-]" time="0.000" /><testcase classname="backend.tests.golden.test_ghg_golden_record_contract" name="test_record_contract_unchanged[scope3|Purchased Goods and Services|-|unspecified|standard_fuel|-|-]" time="0.000" /><testcase classname="backend.tests.golden.test_ghg_golden_record_contract" name="test_record_contract_unchanged[scope3|Purchased Goods and Services|activity_basis|unspecified|standar]" time="0.000" /><testcase classname="backend.tests.golden.test_ghg_golden_record_contract" name="test_record_contract_unchanged[scope3|Purchased Goods and Services|spend_based|unspecified|standard_f]" time="0.000" /><testcase classname="backend.tests.golden.test_ghg_golden_record_contract" name="test_record_contract_unchanged[scope3|Upstream Transportation and Distribution|spend_based|unspecifie]" time="0.000" /><testcase classname="backend.tests.golden.test_ghg_golden_record_contract" name="test_record_contract_unchanged[scope3|Waste Generated in Operations|spend_based|unspecified|standard_]" time="0.000" /><testcase classname="backend.tests.golden.test_ghg_golden_record_contract" name="test_c7_multi_employee_contract_unchanged" time="0.000" /><testcase classname="backend.tests.golden.test_phase5_db_counts_iter185" name="test_phase5_expected_collection_counts_are_intact" time="0.007" /></testsuite></testsuites>