<?xml version="1.0" encoding="utf-8"?><testsuites name="pytest tests"><testsuite name="pytest" errors="0" failures="0" skipped="0" tests="5" time="2.267" timestamp="2026-07-25T12:11:43.594003+00:00" hostname="agent-env-f73430d6-1b9d-40bc-853b-1c614cd33623"><testcase classname="backend.tests.test_iter108_refactor.TestProgressBarBugFix" name="test_water_withdrawal_progress_all_completed" time="0.876" /><testcase classname="backend.tests.test_iter108_refactor.TestProgressBarBugFix" name="test_water_discharge_progress_partial" time="0.107" /><testcase classname="backend.tests.test_iter108_refactor.TestFacilitySnapshot" name="test_org_level_assignment_captures_facility_snapshot" time="0.468" /><testcase classname="backend.tests.test_iter108_refactor.TestOptimisticLocking" name="test_concurrent_update_returns_409" time="0.325" /><testcase classname="backend.tests.test_iter108_refactor.TestSmartTaskRegeneration" name="test_regenerate_preserves_completed_tasks" time="0.372" /></testsuite></testsuites>