<?xml version="1.0" encoding="utf-8"?><testsuites name="pytest tests"><testsuite name="pytest" errors="0" failures="0" skipped="0" tests="7" time="9.655" timestamp="2026-08-10T06:19:16.751210+00:00" hostname="agent-env-e2dbedf8-7485-494a-bf93-395795952cf3"><testcase classname="backend.tests.test_mis_archive_r2_delivery_iter157" name="test_store_delivery_artifact_builds_mis_reports_key_and_sha[report.pdf-application/pdf-%PDF-1.4\nsmall-pdf-pdf]" time="0.043" /><testcase classname="backend.tests.test_mis_archive_r2_delivery_iter157" name="test_store_delivery_artifact_builds_mis_reports_key_and_sha[report.xlsx-application/vnd.openxmlformats-officedocument.spreadsheetml.sheet-PK\x03\x04small-xlsx-xlsx]" time="0.001" /><testcase classname="backend.tests.test_mis_archive_r2_delivery_iter157" name="test_r2_mis_reports_bucket_smoke_write_read_delete" time="1.121" /><testcase classname="backend.tests.test_mis_archive_r2_delivery_iter157" name="test_send_schedule_persists_required_delivery_run_fields" time="0.001" /><testcase classname="backend.tests.test_mis_archive_r2_delivery_iter157" name="test_send_schedule_cleans_pdf_when_second_artifact_upload_fails" time="0.001" /><testcase classname="backend.tests.test_mis_archive_r2_delivery_iter157" name="test_export_pdf_route_returns_streaming_response_without_archive_flow" time="0.001" /><testcase classname="backend.tests.test_mis_archive_r2_delivery_iter157" name="test_live_export_pdf_endpoint_is_direct_download_contract" time="7.751" /></testsuite></testsuites>