<?xml version="1.0" encoding="utf-8"?><testsuites name="pytest tests"><testsuite name="pytest" errors="0" failures="3" skipped="0" tests="10" time="31.260" timestamp="2026-08-14T11:29:56.474308+00:00" hostname="agent-env-5f227f66-785e-4704-b249-04a954d95075"><testcase classname="backend.tests.test_internal_ai_combined_renewable_iter173" name="test_combined_renewable_fy_query_returns_three_denominator_sources_and_formula" time="4.012" /><testcase classname="backend.tests.test_internal_ai_combined_renewable_iter173" name="test_scope2_quantities_are_energy_activity_values_with_valid_units_only" time="2.910" /><testcase classname="backend.tests.test_internal_ai_combined_renewable_iter173" name="test_scope1_override_precedence_and_low_kgm3_density_exclusion" time="2.569" /><testcase classname="backend.tests.test_internal_ai_combined_renewable_iter173" name="test_environment_energy_source_row_remains_500_of_10000_kj" time="4.807" /><testcase classname="backend.tests.test_internal_ai_combined_renewable_iter173" name="test_authorization_boundary_restricts_combined_data_to_user_facilities" time="3.452" /><testcase classname="backend.tests.test_internal_ai_combined_renewable_iter173" name="test_combined_sources_have_no_duplicates_or_unitless_entries" time="2.624" /><testcase classname="backend.tests.test_internal_ai_combined_renewable_iter173" name="test_scope2_rows_expose_identity_and_are_deduped_by_business_identity" time="2.582" /><testcase classname="backend.tests.test_internal_ai_combined_renewable_iter173" name="test_dashboard_ghg_energy_breakdown_matches_internal_ai_component_math" time="3.936"><failure message="AssertionError: assert False&#10; +  where False = &lt;built-in function isclose&gt;(228.19, 268.19, rel_tol=0, abs_tol=0.01)&#10; +    where &lt;built-in function isclose&gt; = math.isclose&#10; +    and   228.19 = float((228.19))&#10; +      where 228.19 = &lt;built-in method get of dict object at 0xfa71fbaca3c0&gt;('non_renewable')&#10; +        where &lt;built-in method get of dict object at 0xfa71fbaca3c0&gt; = ({'non_renewable': 228.19, 'renewable': 0, 'total': 228.19}).get&#10; +          where {'non_renewable': 228.19, 'renewable': 0, 'total': 228.19} = &lt;built-in method get of dict object at 0xfa71fba24240&gt;('fuel')&#10; +            where &lt;built-in method get of dict object at 0xfa71fba24240&gt; = {'electricity': {'non_renewable': 191.91, 'renewable': 7888, 'total': 8079.91}, 'fuel': {'non_renewable': 228.19, 'renewable': 0, 'total': 228.19}, 'non_renewable_total': 420.11, 'other_sources': {'non_renewable': 0, 'renewable': 0, 'total': 0}, ...}.get&#10; +    and   268.19 = round(268.1931470821238, 2)">backend/tests/test_internal_ai_combined_renewable_iter173.py:376: in test_dashboard_ghg_energy_breakdown_matches_internal_ai_component_math
    assert math.isclose(
E   AssertionError: assert False
E    +  where False = &lt;built-in function isclose&gt;(228.19, 268.19, rel_tol=0, abs_tol=0.01)
E    +    where &lt;built-in function isclose&gt; = math.isclose
E    +    and   228.19 = float((228.19))
E    +      where 228.19 = &lt;built-in method get of dict object at 0xfa71fbaca3c0&gt;('non_renewable')
E    +        where &lt;built-in method get of dict object at 0xfa71fbaca3c0&gt; = ({'non_renewable': 228.19, 'renewable': 0, 'total': 228.19}).get
E    +          where {'non_renewable': 228.19, 'renewable': 0, 'total': 228.19} = &lt;built-in method get of dict object at 0xfa71fba24240&gt;('fuel')
E    +            where &lt;built-in method get of dict object at 0xfa71fba24240&gt; = {'electricity': {'non_renewable': 191.91, 'renewable': 7888, 'total': 8079.91}, 'fuel': {'non_renewable': 228.19, 'renewable': 0, 'total': 228.19}, 'non_renewable_total': 420.11, 'other_sources': {'non_renewable': 0, 'renewable': 0, 'total': 0}, ...}.get
E    +    and   268.19 = round(268.1931470821238, 2)</failure></testcase><testcase classname="backend.tests.test_internal_ai_combined_renewable_iter173" name="test_dashboard_and_ai_combined_renewable_percentage_stay_in_parity_for_same_period" time="4.068"><failure message="AssertionError: Dashboard vs AI renewable pct mismatch for same scope/period: dashboard=94.94, ai=94.488447&#10;assert False&#10; +  where False = &lt;built-in function isclose&gt;(94.94, 94.488447, rel_tol=0, abs_tol=0.05)&#10; +    where &lt;built-in function isclose&gt; = math.isclose">backend/tests/test_internal_ai_combined_renewable_iter173.py:407: in test_dashboard_and_ai_combined_renewable_percentage_stay_in_parity_for_same_period
    assert math.isclose(dashboard_pct, answer_pct, rel_tol=0, abs_tol=0.05), (
E   AssertionError: Dashboard vs AI renewable pct mismatch for same scope/period: dashboard=94.94, ai=94.488447
E   assert False
E    +  where False = &lt;built-in function isclose&gt;(94.94, 94.488447, rel_tol=0, abs_tol=0.05)
E    +    where &lt;built-in function isclose&gt; = math.isclose</failure></testcase><testcase classname="backend.tests.test_internal_ai_combined_renewable_iter173" name="test_dashboard_facility_scope_is_not_equal_for_restricted_and_admin_users" time="0.186"><failure message="AssertionError: Restricted user should not receive scope2 electricity in dashboard metrics. value=8079.91&#10;assert 8079.91 == 0.0">backend/tests/test_internal_ai_combined_renewable_iter173.py:428: in test_dashboard_facility_scope_is_not_equal_for_restricted_and_admin_users
    assert restricted_scope2_total == 0.0, (
E   AssertionError: Restricted user should not receive scope2 electricity in dashboard metrics. value=8079.91
E   assert 8079.91 == 0.0</failure></testcase></testsuite></testsuites>