<?xml version="1.0" encoding="utf-8"?><testsuites name="pytest tests"><testsuite name="pytest" errors="0" failures="1" skipped="0" tests="6" time="1.780" timestamp="2026-07-25T12:43:02.526295+00:00" hostname="agent-env-f73430d6-1b9d-40bc-853b-1c614cd33623"><testcase classname="backend.tests.test_data_integrity_iter111.TestDuplicateSubmissionWarning" name="test_first_submission_no_warning" time="0.825" /><testcase classname="backend.tests.test_data_integrity_iter111.TestDuplicateSubmissionWarning" name="test_duplicate_submission_returns_warning" time="0.202" /><testcase classname="backend.tests.test_data_integrity_iter111.TestIdempotency" name="test_idempotent_key_returns_cached_response" time="0.166" /><testcase classname="backend.tests.test_data_integrity_iter111.TestIdempotency" name="test_different_idempotency_keys_create_separate_calls" time="0.182" /><testcase classname="backend.tests.test_data_integrity_iter111.TestRetryTasksEndpoint" name="test_retry_tasks_not_found" time="0.159"><failure message="AssertionError: Expected 404 for missing assignment, got 500: Internal Server Error&#10;assert 500 == 404&#10; +  where 500 = &lt;Response [500]&gt;.status_code">backend/tests/test_data_integrity_iter111.py:167: in test_retry_tasks_not_found
    assert r.status_code == 404, f"Expected 404 for missing assignment, got {r.status_code}: {r.text}"
E   AssertionError: Expected 404 for missing assignment, got 500: Internal Server Error
E   assert 500 == 404
E    +  where 500 = &lt;Response [500]&gt;.status_code</failure></testcase><testcase classname="backend.tests.test_data_integrity_iter111.TestRetryTasksEndpoint" name="test_retry_tasks_on_existing_assignment" time="0.178" /></testsuite></testsuites>