<?xml version="1.0" encoding="utf-8"?><testsuites name="pytest tests"><testsuite name="pytest" errors="0" failures="0" skipped="0" tests="10" time="1.806" timestamp="2026-07-22T09:51:03.796765+00:00" hostname="agent-env-1c623036-5db8-4a3b-8bbd-ba75af72229d"><testcase classname="backend.tests.test_kpi_access_and_completion.TestGHGAccessEndpoint" name="test_ghg_access_admin_full_access" time="0.625" /><testcase classname="backend.tests.test_kpi_access_and_completion.TestGHGAccessEndpoint" name="test_ghg_access_with_reporting_period" time="0.106" /><testcase classname="backend.tests.test_kpi_access_and_completion.TestFacilityAccessEndpoint" name="test_facility_access_admin_ghg_scope1" time="0.085" /><testcase classname="backend.tests.test_kpi_access_and_completion.TestFacilityAccessEndpoint" name="test_facility_access_missing_category" time="0.102" /><testcase classname="backend.tests.test_kpi_access_and_completion.TestFacilitiesListEndpoint" name="test_facilities_list_admin_returns_all" time="0.098" /><testcase classname="backend.tests.test_kpi_access_and_completion.TestFacilitiesListEndpoint" name="test_facilities_list_with_subcategory" time="0.123" /><testcase classname="backend.tests.test_kpi_access_and_completion.TestAssignmentProgressEndpoint" name="test_progress_not_found_returns_error" time="0.098" /><testcase classname="backend.tests.test_kpi_access_and_completion.TestAssignmentProgressEndpoint" name="test_progress_for_existing_assignment" time="0.225" /><testcase classname="backend.tests.test_kpi_access_and_completion.TestEmissionsAccessControl" name="test_get_emissions_admin_ok" time="0.180" /><testcase classname="backend.tests.test_kpi_access_and_completion.TestSinksAccessControl" name="test_get_sinks_admin_ok" time="0.100" /></testsuite></testsuites>