<?xml version="1.0" encoding="utf-8"?><testsuites name="pytest tests"><testsuite name="pytest" errors="0" failures="0" skipped="0" tests="4" time="1.149" timestamp="2026-07-26T13:54:30.298017+00:00" hostname="agent-env-31fa2bfe-98f0-45b2-9264-18ab3d515651"><testcase classname="backend.tests.test_my_disclosures_v2_iter121" name="test_my_disclosures_endpoint_reachable" time="0.748" /><testcase classname="backend.tests.test_my_disclosures_v2_iter121" name="test_my_disclosures_returns_multiple_questions_from_v2_junction" time="0.118" /><testcase classname="backend.tests.test_my_disclosures_v2_iter121" name="test_my_disclosures_includes_framework_field" time="0.092" /><testcase classname="backend.tests.test_my_disclosures_v2_iter121" name="test_my_disclosures_brsr_filter_returns_expected_count" time="0.132" /></testsuite></testsuites>