<?xml version="1.0" encoding="utf-8"?><testsuites name="pytest tests"><testsuite name="pytest" errors="0" failures="1" skipped="0" tests="4" time="2.249" timestamp="2026-07-27T13:53:37.138265+00:00" hostname="agent-env-93d0d05f-62d3-42bb-bee5-39ae20ff9665"><testcase classname="backend.tests.test_per_facility_approval_config.TestPerFacilityApprovalConfigNewFormat" name="test_new_dict_format_saves_per_facility_approval" time="1.613"><failure message="AssertionError: tracker/energy failed: 422 {&quot;detail&quot;:[{&quot;type&quot;:&quot;literal_error&quot;,&quot;loc&quot;:[&quot;path&quot;,&quot;section&quot;],&quot;msg&quot;:&quot;Input should be 'environment', 'social' or 'governance'&quot;,&quot;input&quot;:&quot;energy&quot;,&quot;ctx&quot;:{&quot;expected&quot;:&quot;'environment', 'social' or 'governance'&quot;}}]}&#10;assert 422 == 200&#10; +  where 422 = &lt;Response [422]&gt;.status_code">backend/tests/test_per_facility_approval_config.py:173: in test_new_dict_format_saves_per_facility_approval
    assert r2.status_code == 200, f"tracker/energy failed: {r2.status_code} {r2.text}"
E   AssertionError: tracker/energy failed: 422 {"detail":[{"type":"literal_error","loc":["path","section"],"msg":"Input should be 'environment', 'social' or 'governance'","input":"energy","ctx":{"expected":"'environment', 'social' or 'governance'"}}]}
E   assert 422 == 200
E    +  where 422 = &lt;Response [422]&gt;.status_code</failure></testcase><testcase classname="backend.tests.test_per_facility_approval_config.TestPerFacilityApprovalConfigNewFormat" name="test_new_dict_format_no_approval" time="0.335" /><testcase classname="backend.tests.test_per_facility_approval_config.TestPerFacilityApprovalConfigNewFormat" name="test_legacy_list_format_still_works" time="0.102" /><testcase classname="backend.tests.test_per_facility_approval_config.TestPerFacilityApprovalConfigNewFormat" name="test_mixed_per_facility_configs" time="0.129" /></testsuite></testsuites>