<?xml version="1.0" encoding="utf-8"?><testsuites name="pytest tests"><testsuite name="pytest" errors="0" failures="0" skipped="0" tests="28" time="9.654" timestamp="2026-05-22T08:42:38.562758+00:00" hostname="agent-env-3ac444a7-f86a-4445-bfeb-2f5497bcefa9"><testcase classname="tests.test_phase_b11plus_ws_eventbus.TestSuperAdminSplitRouter" name="test_organizations_list" time="0.873" /><testcase classname="tests.test_phase_b11plus_ws_eventbus.TestSuperAdminSplitRouter" name="test_admins_list" time="0.085" /><testcase classname="tests.test_phase_b11plus_ws_eventbus.TestSuperAdminSplitRouter" name="test_super_admin_dashboard" time="0.122" /><testcase classname="tests.test_phase_b11plus_ws_eventbus.TestSuperAdminSplitRouter" name="test_units_list" time="0.397" /><testcase classname="tests.test_phase_b11plus_ws_eventbus.TestSuperAdminSplitRouter" name="test_units_by_type" time="0.080" /><testcase classname="tests.test_phase_b11plus_ws_eventbus.TestSuperAdminSplitRouter" name="test_units_create_and_delete" time="0.170" /><testcase classname="tests.test_phase_b11plus_ws_eventbus.TestSuperAdminSplitRouter" name="test_fuel_database" time="0.090" /><testcase classname="tests.test_phase_b11plus_ws_eventbus.TestSuperAdminSplitRouter" name="test_scope3_ef" time="0.259" /><testcase classname="tests.test_phase_b11plus_ws_eventbus.TestSuperAdminSplitRouter" name="test_scope3_ef_categories" time="0.097" /><testcase classname="tests.test_phase_b11plus_ws_eventbus.TestSuperAdminSplitRouter" name="test_emission_categories" time="0.096" /><testcase classname="tests.test_phase_b11plus_ws_eventbus.TestSuperAdminSplitRouter" name="test_sectors" time="0.081" /><testcase classname="tests.test_phase_b11plus_ws_eventbus.TestSuperAdminSplitRouter" name="test_process_templates" time="0.119" /><testcase classname="tests.test_phase_b11plus_ws_eventbus.TestSuperAdminSplitRouter" name="test_gwp_config" time="0.065" /><testcase classname="tests.test_phase_b11plus_ws_eventbus.TestSuperAdminSplitRouter" name="test_gwp_values" time="0.089" /><testcase classname="tests.test_phase_b11plus_ws_eventbus.TestSuperAdminSplitRouter" name="test_currency_conversion_active" time="0.092" /><testcase classname="tests.test_phase_b11plus_ws_eventbus.TestSuperAdminSplitRouter" name="test_formula_parameters" time="0.089" /><testcase classname="tests.test_phase_b11plus_ws_eventbus.TestSuperAdminSplitRouter" name="test_formula_definitions" time="0.074" /><testcase classname="tests.test_phase_b11plus_ws_eventbus.TestSuperAdminSplitRouter" name="test_emission_configurations" time="0.076" /><testcase classname="tests.test_phase_b11plus_ws_eventbus.TestSuperAdminSplitRouter" name="test_emission_factors" time="0.109" /><testcase classname="tests.test_phase_b11plus_ws_eventbus.TestSuperAdminSplitRouter" name="test_calculation_formulas" time="0.713" /><testcase classname="tests.test_phase_b11plus_ws_eventbus.TestBootHealthAndDashboard" name="test_health_contracts" time="0.079" /><testcase classname="tests.test_phase_b11plus_ws_eventbus.TestBootHealthAndDashboard" name="test_dashboard_stats_byte_identical" time="0.084" /><testcase classname="tests.test_phase_b11plus_ws_eventbus.TestEventBusHandlers" name="test_handlers_registered" time="0.238" /><testcase classname="tests.test_phase_b11plus_ws_eventbus" name="test_ws_rejects_missing_token" time="0.111" /><testcase classname="tests.test_phase_b11plus_ws_eventbus" name="test_ws_rejects_invalid_token" time="0.092" /><testcase classname="tests.test_phase_b11plus_ws_eventbus" name="test_ws_hello_and_ping_pong" time="0.134" /><testcase classname="tests.test_phase_b11plus_ws_eventbus" name="test_ws_emission_create_and_delete_broadcast" time="0.281" /><testcase classname="tests.test_phase_b11plus_ws_eventbus" name="test_ws_org_isolation" time="4.757" /></testsuite></testsuites>