<?xml version="1.0" encoding="utf-8"?><testsuites name="pytest tests"><testsuite name="pytest" errors="0" failures="0" skipped="0" tests="37" time="4.914" timestamp="2026-05-22T08:11:43.749681+00:00" hostname="agent-env-3ac444a7-f86a-4445-bfeb-2f5497bcefa9"><testcase classname="backend.tests.test_phase_b7_b11_refactor.TestHealth" name="test_contract_verifier_passed" time="0.125" /><testcase classname="backend.tests.test_phase_b7_b11_refactor.TestB7Dashboards" name="test_dashboard_stats" time="0.403" /><testcase classname="backend.tests.test_phase_b7_b11_refactor.TestB7Dashboards" name="test_supplier_hotspots" time="0.301" /><testcase classname="backend.tests.test_phase_b7_b11_refactor.TestB8Reports" name="test_reports_facility_route_registered" time="0.318" /><testcase classname="backend.tests.test_phase_b7_b11_refactor.TestB8Reports" name="test_reports_combined_registered" time="0.089" /><testcase classname="backend.tests.test_phase_b7_b11_refactor.TestB8Reports" name="test_reports_ghg_inventory_registered" time="0.100" /><testcase classname="backend.tests.test_phase_b7_b11_refactor.TestB8Reports" name="test_reports_download_token_registered" time="0.081" /><testcase classname="backend.tests.test_phase_b7_b11_refactor.TestB9SuperAdmin" name="test_organizations_list" time="0.388" /><testcase classname="backend.tests.test_phase_b7_b11_refactor.TestB9SuperAdmin" name="test_admins_list" time="0.105" /><testcase classname="backend.tests.test_phase_b7_b11_refactor.TestB9SuperAdmin" name="test_dashboard_summary" time="0.097" /><testcase classname="backend.tests.test_phase_b7_b11_refactor.TestB9PlatformConfig" name="test_units" time="0.276" /><testcase classname="backend.tests.test_phase_b7_b11_refactor.TestB9PlatformConfig" name="test_fuel_database" time="0.116" /><testcase classname="backend.tests.test_phase_b7_b11_refactor.TestB9PlatformConfig" name="test_scope3_ef" time="0.104" /><testcase classname="backend.tests.test_phase_b7_b11_refactor.TestB9PlatformConfig" name="test_scope3_ef_categories" time="0.287" /><testcase classname="backend.tests.test_phase_b7_b11_refactor.TestB9PlatformConfig" name="test_scope3_ef_activities" time="0.086" /><testcase classname="backend.tests.test_phase_b7_b11_refactor.TestB9PlatformConfig" name="test_emission_categories" time="0.125" /><testcase classname="backend.tests.test_phase_b7_b11_refactor.TestB9PlatformConfig" name="test_sectors" time="0.303" /><testcase classname="backend.tests.test_phase_b7_b11_refactor.TestB9PlatformConfig" name="test_process_templates" time="0.077" /><testcase classname="backend.tests.test_phase_b7_b11_refactor.TestB9PlatformConfig" name="test_gwp_config" time="0.108" /><testcase classname="backend.tests.test_phase_b7_b11_refactor.TestB9PlatformConfig" name="test_gwp_values" time="0.085" /><testcase classname="backend.tests.test_phase_b7_b11_refactor.TestB9PlatformConfig" name="test_currency_conversion_active" time="0.100" /><testcase classname="backend.tests.test_phase_b7_b11_refactor.TestB9PlatformConfig" name="test_formula_parameters" time="0.078" /><testcase classname="backend.tests.test_phase_b7_b11_refactor.TestB9PlatformConfig" name="test_formula_definitions" time="0.122" /><testcase classname="backend.tests.test_phase_b7_b11_refactor.TestB9PlatformConfig" name="test_emission_configurations" time="0.117" /><testcase classname="backend.tests.test_phase_b7_b11_refactor.TestB9PlatformConfig" name="test_emission_factors" time="0.093" /><testcase classname="backend.tests.test_phase_b7_b11_refactor.TestB9PlatformConfig" name="test_emission_factors_standard" time="0.078" /><testcase classname="backend.tests.test_phase_b7_b11_refactor.TestB9PlatformConfig" name="test_calculation_formulas" time="0.114" /><testcase classname="backend.tests.test_phase_b7_b11_refactor.TestRegressionPreExisting" name="test_emissions_list" time="0.080" /><testcase classname="backend.tests.test_phase_b7_b11_refactor.TestRegressionPreExisting" name="test_emissions_c7_facility_year" time="0.080" /><testcase classname="backend.tests.test_phase_b7_b11_refactor.TestRegressionPreExisting" name="test_facilities" time="0.091" /><testcase classname="backend.tests.test_phase_b7_b11_refactor.TestRegressionPreExisting" name="test_sinks" time="0.111" /><testcase classname="backend.tests.test_phase_b7_b11_refactor.TestRegressionPreExisting" name="test_organizations_my" time="0.076" /><testcase classname="backend.tests.test_phase_b7_b11_refactor.TestEmissionsWriteFlow" name="test_create_and_delete_emission" time="0.093" /><testcase classname="backend.tests.test_phase_b7_b11_refactor.TestB10CategoryRegistry" name="test_registry_loadable_and_populated" time="0.002" /><testcase classname="backend.tests.test_phase_b7_b11_refactor.TestB10CategoryRegistry" name="test_registry_has_c7" time="0.000" /><testcase classname="backend.tests.test_phase_b7_b11_refactor.TestB11EventBus" name="test_subscribe_emit_async" time="0.001" /><testcase classname="backend.tests.test_phase_b7_b11_refactor.TestB11EventBus" name="test_subscribe_emit_sync" time="0.000" /></testsuite></testsuites>