<?xml version="1.0" encoding="utf-8"?><testsuites name="pytest tests"><testsuite name="pytest" errors="0" failures="0" skipped="0" tests="4" time="0.238" timestamp="2026-09-04T11:30:46.962061+00:00" hostname="agent-env-4fb27c59-d114-4163-afd7-cabc844474d2"><testcase classname="backend.tests.test_calc_engine_versioning" name="test_pinned_formula_uses_historical_definition_after_current_changes" time="0.004" /><testcase classname="backend.tests.test_calc_engine_versioning" name="test_new_record_gets_canonical_version_references_and_snapshot" time="0.002" /><testcase classname="backend.tests.test_calc_engine_versioning" name="test_existing_unversioned_record_remains_on_legacy_flow" time="0.001" /><testcase classname="backend.tests.test_calc_engine_versioning" name="test_versioned_record_cannot_switch_to_newer_tree" time="0.001" /></testsuite></testsuites>