<?xml version="1.0" encoding="utf-8"?><testsuites name="pytest tests"><testsuite name="pytest" errors="0" failures="0" skipped="0" tests="9" time="8.152" timestamp="2026-03-12T07:08:40.198189+00:00" hostname="agent-env-1b11fc4f-3936-406a-acd5-76b245a984fb"><testcase classname="backend.tests.test_report_generator_updates.TestReportGeneratorSetup" name="test_auth_valid" time="0.648" /><testcase classname="backend.tests.test_report_generator_updates.TestReportGeneratorFeatures" name="test_feature1_organization_boundary_chosen_approach_statement" time="0.931" /><testcase classname="backend.tests.test_report_generator_updates.TestReportGeneratorFeatures" name="test_feature2_equity_statement_before_summary_totals" time="0.875" /><testcase classname="backend.tests.test_report_generator_updates.TestReportGeneratorFeatures" name="test_feature3_equity_statement_for_facilities_with_emissions" time="0.922" /><testcase classname="backend.tests.test_report_generator_updates.TestReportGeneratorFeatures" name="test_feature4_check_sinks_code_logic" time="0.938" /><testcase classname="backend.tests.test_report_generator_updates.TestReportGeneratorFeatures" name="test_feature5_historical_data_for_facility_without_current_emissions" time="0.886" /><testcase classname="backend.tests.test_report_generator_updates.TestReportGeneratorFeatures" name="test_feature5_historical_data_with_actual_data" time="0.924" /><testcase classname="backend.tests.test_report_generator_updates.TestReportStructure" name="test_equity_statement_is_bold" time="0.928" /><testcase classname="backend.tests.test_report_generator_updates.TestReportStructure" name="test_chapter2_structure" time="1.006" /></testsuite></testsuites>