<?xml version="1.0" encoding="utf-8"?><testsuites name="pytest tests"><testsuite name="pytest" errors="0" failures="0" skipped="0" tests="7" time="5.940" timestamp="2026-03-12T09:26:06.321018+00:00" hostname="agent-env-1b11fc4f-3936-406a-acd5-76b245a984fb"><testcase classname="backend.tests.test_uncertainty_assessment_section.TestUncertaintyAssessmentSection" name="test_section_4_2_uncertainty_assessment_exists" time="1.096" /><testcase classname="backend.tests.test_uncertainty_assessment_section.TestUncertaintyAssessmentSection" name="test_section_ordering_methodology_before_uncertainty" time="0.821" /><testcase classname="backend.tests.test_uncertainty_assessment_section.TestUncertaintyAssessmentSection" name="test_uncertainty_assessment_introductory_text" time="0.799" /><testcase classname="backend.tests.test_uncertainty_assessment_section.TestUncertaintyAssessmentSection" name="test_organization_uncertainty_selections_displayed" time="0.882" /><testcase classname="backend.tests.test_uncertainty_assessment_section.TestUncertaintyAssessmentSection" name="test_facility_sections_start_at_4_3" time="0.826" /><testcase classname="backend.tests.test_uncertainty_assessment_section.TestEmptyUncertaintyAssessment" name="test_code_handles_empty_uncertainty_assessment" time="0.700" /><testcase classname="backend.tests.test_uncertainty_assessment_section.TestChapter4CompleteStructure" name="test_complete_chapter_4_structure_with_multiple_facilities" time="0.712" /></testsuite></testsuites>