<?xml version="1.0" encoding="utf-8"?><testsuites name="pytest tests"><testsuite name="pytest" errors="0" failures="0" skipped="9" tests="14" time="2.438" timestamp="2026-08-31T06:18:09.740641+00:00" hostname="agent-env-d029252d-aab9-4902-ae4c-26f22eabfc17"><testcase classname="backend.tests.test_dynamic_emission_records.TestCreateDynamicEmission" name="test_create_sets_dynamic_field_values_and_outputs" time="1.438" /><testcase classname="backend.tests.test_dynamic_emission_records.TestCreateDynamicEmission" name="test_create_with_override_persists_flag_and_justification" time="0.097" /><testcase classname="backend.tests.test_dynamic_emission_records.TestListAndGetDynamicEmission" name="test_list_contains_dynamic_field_values_and_outputs" time="0.109" /><testcase classname="backend.tests.test_dynamic_emission_records.TestUpdateDynamicEmission" name="test_update_persists_new_dynamic_values_and_override_toggle" time="0.204" /><testcase classname="backend.tests.test_dynamic_emission_records.TestDeleteDynamicEmission" name="test_delete_record" time="0.478" /><testcase classname="backend.tests.test_supplier_ghg_permission_gating_iter32" name="test_supplier_config_returns_disabled_permissions_and_allowed_categories_only" time="0.001"><skipped type="pytest.skip" message="REACT_APP_BACKEND_URL is required for live tests">/app/backend/tests/test_supplier_ghg_permission_gating_iter32.py:76: REACT_APP_BACKEND_URL is required for live tests</skipped></testcase><testcase classname="backend.tests.test_supplier_ghg_permission_gating_iter32" name="test_supplier_api_rejects_process_emissions_when_permission_is_false" time="0.000"><skipped type="pytest.skip" message="REACT_APP_BACKEND_URL is required for live tests">/app/backend/tests/test_supplier_ghg_permission_gating_iter32.py:96: REACT_APP_BACKEND_URL is required for live tests</skipped></testcase><testcase classname="backend.tests.test_supplier_ghg_permission_gating_iter32" name="test_supplier_api_rejects_flaring_when_permission_is_false" time="0.000"><skipped type="pytest.skip" message="REACT_APP_BACKEND_URL is required for live tests">/app/backend/tests/test_supplier_ghg_permission_gating_iter32.py:108: REACT_APP_BACKEND_URL is required for live tests</skipped></testcase><testcase classname="backend.tests.test_supplier_ghg_permission_gating_iter32" name="test_supplier_api_rejects_custom_fuel_when_permission_is_false" time="0.000"><skipped type="pytest.skip" message="REACT_APP_BACKEND_URL is required for live tests">/app/backend/tests/test_supplier_ghg_permission_gating_iter32.py:120: REACT_APP_BACKEND_URL is required for live tests</skipped></testcase><testcase classname="backend.tests.test_supplier_ghg_permission_gating_iter32" name="test_supplier_generic_emissions_api_rejects_custom_fuel_direct_post" time="0.000"><skipped type="pytest.skip" message="REACT_APP_BACKEND_URL is required for live tests">/app/backend/tests/test_supplier_ghg_permission_gating_iter32.py:145: REACT_APP_BACKEND_URL is required for live tests</skipped></testcase><testcase classname="backend.tests.test_supplier_ghg_permission_gating_iter32" name="test_admin_category_catalog_not_reduced_to_supplier_program_subset" time="0.000"><skipped type="pytest.skip" message="REACT_APP_BACKEND_URL is required for live tests">/app/backend/tests/test_supplier_ghg_permission_gating_iter32.py:179: REACT_APP_BACKEND_URL is required for live tests</skipped></testcase><testcase classname="backend.tests.test_supplier_ghg_permission_gating_iter32" name="test_auth_login_sets_http_only_cookie_and_explicit_cors_header" time="0.001"><skipped type="pytest.skip" message="REACT_APP_BACKEND_URL is required for live tests">/app/backend/tests/test_supplier_ghg_permission_gating_iter32.py:16: REACT_APP_BACKEND_URL is required for live tests</skipped></testcase><testcase classname="backend.tests.test_supplier_ghg_permission_gating_iter32" name="test_auth_cors_rejects_untrusted_origin" time="0.000"><skipped type="pytest.skip" message="REACT_APP_BACKEND_URL is required for live tests">/app/backend/tests/test_supplier_ghg_permission_gating_iter32.py:16: REACT_APP_BACKEND_URL is required for live tests</skipped></testcase><testcase classname="backend.tests.test_supplier_ghg_permission_gating_iter32" name="test_zzz_auth_brute_force_lockout_after_five_invalid_attempts" time="0.000"><skipped type="pytest.skip" message="REACT_APP_BACKEND_URL is required for live tests">/app/backend/tests/test_supplier_ghg_permission_gating_iter32.py:16: REACT_APP_BACKEND_URL is required for live tests</skipped></testcase></testsuite></testsuites>