<?xml version="1.0" encoding="utf-8"?><testsuites name="pytest tests"><testsuite name="pytest" errors="0" failures="0" skipped="1" tests="8" time="0.637" timestamp="2026-08-31T06:54:49.155760+00:00" hostname="agent-env-d029252d-aab9-4902-ae4c-26f22eabfc17"><testcase classname="backend.tests.test_supplier_ghg_submission" name="test_ghg_aggregation_groups_submitted_entries_by_scope_and_category" time="0.000" /><testcase classname="backend.tests.test_supplier_ghg_submission" name="test_supplier_log_filter_hides_historical_revisions_without_lineage_id" time="0.000" /><testcase classname="backend.tests.test_supplier_ghg_log_revisions" name="test_logs_hide_reopened_submitted_source_and_keep_editable_draft" time="0.000" /><testcase classname="backend.tests.test_supplier_ghg_log_revisions" name="test_logs_keep_submitted_supplier_record_until_a_reopened_draft_exists" time="0.000" /><testcase classname="backend.tests.test_supplier_ghg_log_revisions" name="test_logs_use_the_explicit_current_revision_flag_for_a_lineage" time="0.000" /><testcase classname="backend.tests.test_supplier_ghg_logs_revision_visibility_iter34" name="test_supplier_get_emissions_hides_superseded_non_current_revisions" time="0.422" /><testcase classname="backend.tests.test_supplier_ghg_logs_revision_visibility_iter34" name="test_supplier_revision_history_retains_prior_revisions_when_lineage_exists" time="0.045"><skipped type="pytest.skip" message="No supplier revision lineage candidate visible for this supplier account">/app/backend/tests/test_supplier_ghg_logs_revision_visibility_iter34.py:130: No supplier revision lineage candidate visible for this supplier account</skipped></testcase><testcase classname="backend.tests.test_supplier_ghg_logs_revision_visibility_iter34" name="test_reported_relationship_retains_historical_revisions_in_mongodb" time="0.004" /></testsuite></testsuites>