<?xml version="1.0" encoding="utf-8"?><testsuites name="pytest tests"><testsuite name="pytest" errors="0" failures="0" skipped="0" tests="7" time="3.883" timestamp="2026-03-12T07:36:28.439843+00:00" hostname="agent-env-1b11fc4f-3936-406a-acd5-76b245a984fb"><testcase classname="backend.tests.test_report_chapter2_and_facility_sinks.TestChapter2OrganizationBoundaries" name="test_chapter2_no_random_org_name_for_non_equity_percentage" time="1.070" /><testcase classname="backend.tests.test_report_chapter2_and_facility_sinks.TestChapter2OrganizationBoundaries" name="test_chapter2_code_structure_verified" time="0.306" /><testcase classname="backend.tests.test_report_chapter2_and_facility_sinks.TestFacilitySinksWithNoEmissions" name="test_facility_with_sinks_but_no_emissions_shows_message" time="1.011" /><testcase classname="backend.tests.test_report_chapter2_and_facility_sinks.TestFacilitySinksWithNoEmissions" name="test_code_structure_for_sinks_without_emissions" time="0.309" /><testcase classname="backend.tests.test_report_chapter2_and_facility_sinks.TestFacilitySinksWithNoEmissions" name="test_code_shows_correct_message_format" time="0.312" /><testcase classname="backend.tests.test_report_chapter2_and_facility_sinks.TestDataSetup" name="test_verify_organization_setup" time="0.372" /><testcase classname="backend.tests.test_report_chapter2_and_facility_sinks.TestDataSetup" name="test_verify_facilities_and_sinks" time="0.414" /></testsuite></testsuites>