<?xml version="1.0" encoding="utf-8"?><testsuites name="pytest tests"><testsuite name="pytest" errors="0" failures="0" skipped="3" tests="15" time="17.489" timestamp="2026-02-17T07:38:12.362100+00:00" hostname="agent-env-f66fda72-93a2-4e68-b849-9c2bd1e8e924"><testcase classname="backend.tests.test_iteration_15_features.TestAdminUserDeletion" name="test_admin_can_list_users" time="2.041" /><testcase classname="backend.tests.test_iteration_15_features.TestAdminUserDeletion" name="test_admin_cannot_delete_self" time="1.959" /><testcase classname="backend.tests.test_iteration_15_features.TestAdminUserDeletion" name="test_admin_delete_user_endpoint_exists" time="0.973" /><testcase classname="backend.tests.test_iteration_15_features.TestAdminUserDeletion" name="test_deleted_user_cannot_login" time="4.820" /><testcase classname="backend.tests.test_iteration_15_features.TestCustomEmissionFactors" name="test_get_emission_factors_endpoint" time="0.719" /><testcase classname="backend.tests.test_iteration_15_features.TestCustomEmissionFactors" name="test_create_custom_emission_factor" time="1.545" /><testcase classname="backend.tests.test_iteration_15_features.TestCustomEmissionFactors" name="test_custom_factor_requires_justification" time="0.975" /><testcase classname="backend.tests.test_iteration_15_features.TestSectorsDropdown" name="test_get_sectors_endpoint" time="0.990" /><testcase classname="backend.tests.test_iteration_15_features.TestSectorsDropdown" name="test_user_can_access_sectors" time="0.722"><skipped type="pytest.skip" message="User login failed: 401 - {&quot;detail&quot;:&quot;Incorrect email or password&quot;}">/app/backend/tests/test_iteration_15_features.py:262: User login failed: 401 - {"detail":"Incorrect email or password"}</skipped></testcase><testcase classname="backend.tests.test_iteration_15_features.TestOrganizationDetails" name="test_get_organization_returns_base_year" time="0.678" /><testcase classname="backend.tests.test_iteration_15_features.TestEvidenceDownload" name="test_file_upload_endpoint_exists" time="0.044" /><testcase classname="backend.tests.test_iteration_15_features.TestEvidenceDownload" name="test_file_view_endpoint_pattern" time="0.996" /><testcase classname="backend.tests.test_iteration_15_features.TestUserSidebar" name="test_user_has_correct_navigation_items" time="0.000"><skipped type="pytest.skip" message="User login failed: 401 - {&quot;detail&quot;:&quot;Incorrect email or password&quot;}">/app/backend/tests/test_iteration_15_features.py:316: User login failed: 401 - {"detail":"Incorrect email or password"}</skipped></testcase><testcase classname="backend.tests.test_iteration_15_features.TestUserSidebar" name="test_user_organization_endpoint" time="0.000"><skipped type="pytest.skip" message="User login failed: 401 - {&quot;detail&quot;:&quot;Incorrect email or password&quot;}">/app/backend/tests/test_iteration_15_features.py:327: User login failed: 401 - {"detail":"Incorrect email or password"}</skipped></testcase><testcase classname="backend.tests.test_iteration_15_features.TestEmissionRecords" name="test_get_emissions" time="0.961" /></testsuite></testsuites>