<?xml version="1.0" encoding="utf-8"?><testsuites name="pytest tests"><testsuite name="pytest" errors="0" failures="4" skipped="0" tests="12" time="3.928" timestamp="2026-08-30T08:12:43.305701+00:00" hostname="agent-env-d029252d-aab9-4902-ae4c-26f22eabfc17"><testcase classname="backend.tests.test_supplier_assessment_iter32_regressions" name="test_reminder_pending_excludes_ghg_for_known_supplier" time="1.328" /><testcase classname="backend.tests.test_supplier_assessment_iter32_regressions" name="test_reminder_pending_matches_incomplete_submission_modules" time="0.171" /><testcase classname="backend.tests.test_supplier_assessment_iter32_regressions" name="test_submission_status_due_dates_present_for_locked_items" time="0.312" /><testcase classname="backend.tests.test_supplier_assessment_iter32_regressions" name="test_supplier_documents_include_due_date_field" time="0.413"><failure message="AssertionError: {'accepted': False, 'accepted_at': None, 'content_type': 'application/pdf', 'created_at': '2026-08-24T05:36:52.652208+00:00', ...}&#10;assert 'due_date' in {'accepted': False, 'accepted_at': None, 'content_type': 'application/pdf', 'created_at': '2026-08-24T05:36:52.652208+00:00', ...}">backend/tests/test_supplier_assessment_iter32_regressions.py:168: in test_supplier_documents_include_due_date_field
    assert "due_date" in row, row
E   AssertionError: {'accepted': False, 'accepted_at': None, 'content_type': 'application/pdf', 'created_at': '2026-08-24T05:36:52.652208+00:00', ...}
E   assert 'due_date' in {'accepted': False, 'accepted_at': None, 'content_type': 'application/pdf', 'created_at': '2026-08-24T05:36:52.652208+00:00', ...}</failure></testcase><testcase classname="backend.tests.test_supplier_assessment_iter32_regressions" name="test_supplier_training_include_due_date_field" time="0.074" /><testcase classname="backend.tests.test_supplier_assessment_iter32_regressions" name="test_supplier_specific_emission_create_rejects_disallowed_capabilities[Process Emissions-process_emissions-False-process emissions are not permitted]" time="0.168" /><testcase classname="backend.tests.test_supplier_assessment_iter32_regressions" name="test_supplier_specific_emission_create_rejects_disallowed_capabilities[Flaring-flaring__stationary_combustion-False-flaring is not permitted]" time="0.200" /><testcase classname="backend.tests.test_supplier_assessment_iter32_regressions" name="test_supplier_specific_emission_create_rejects_disallowed_capabilities[Stationary Combustion-None-True-custom fuels are not permitted]" time="0.188" /><testcase classname="backend.tests.test_supplier_assessment_iter32_regressions" name="test_generic_emissions_create_rejects_supplier_disallowed_capabilities[Process Emissions-process_emissions-False-process emissions are not permitted]" time="0.263"><failure message="AssertionError: Internal Server Error&#10;assert 500 == 403&#10; +  where 500 = &lt;Response [500]&gt;.status_code">backend/tests/test_supplier_assessment_iter32_regressions.py:257: in test_generic_emissions_create_rejects_supplier_disallowed_capabilities
    assert response.status_code == 403, response.text
E   AssertionError: Internal Server Error
E   assert 500 == 403
E    +  where 500 = &lt;Response [500]&gt;.status_code</failure></testcase><testcase classname="backend.tests.test_supplier_assessment_iter32_regressions" name="test_generic_emissions_create_rejects_supplier_disallowed_capabilities[Flaring-flaring__stationary_combustion-False-flaring is not permitted]" time="0.258"><failure message="AssertionError: Internal Server Error&#10;assert 500 == 403&#10; +  where 500 = &lt;Response [500]&gt;.status_code">backend/tests/test_supplier_assessment_iter32_regressions.py:257: in test_generic_emissions_create_rejects_supplier_disallowed_capabilities
    assert response.status_code == 403, response.text
E   AssertionError: Internal Server Error
E   assert 500 == 403
E    +  where 500 = &lt;Response [500]&gt;.status_code</failure></testcase><testcase classname="backend.tests.test_supplier_assessment_iter32_regressions" name="test_generic_emissions_create_rejects_supplier_disallowed_capabilities[Stationary Combustion-None-True-custom fuels are not permitted]" time="0.256"><failure message="AssertionError: Internal Server Error&#10;assert 500 == 403&#10; +  where 500 = &lt;Response [500]&gt;.status_code">backend/tests/test_supplier_assessment_iter32_regressions.py:257: in test_generic_emissions_create_rejects_supplier_disallowed_capabilities
    assert response.status_code == 403, response.text
E   AssertionError: Internal Server Error
E   assert 500 == 403
E    +  where 500 = &lt;Response [500]&gt;.status_code</failure></testcase><testcase classname="backend.tests.test_supplier_assessment_iter32_regressions" name="test_supplier_assessment_core_flows_still_load" time="0.179" /></testsuite></testsuites>