<?xml version="1.0" encoding="utf-8"?><testsuites name="pytest tests"><testsuite name="pytest" errors="0" failures="0" skipped="0" tests="9" time="10.549" timestamp="2026-02-24T07:37:45.427650+00:00" hostname="agent-env-c99627af-ceb8-44d1-94cc-058d04d0aec7"><testcase classname="backend.tests.test_emission_configuration.TestEmissionConfigurationAPIs" name="test_get_emission_configurations_superadmin" time="2.348" /><testcase classname="backend.tests.test_emission_configuration.TestEmissionConfigurationAPIs" name="test_get_formula_definitions_superadmin" time="0.734" /><testcase classname="backend.tests.test_emission_configuration.TestEmissionConfigurationAPIs" name="test_scope2_electricity_mapping_exists" time="0.720" /><testcase classname="backend.tests.test_emission_configuration.TestEmissionConfigurationCRUD" name="test_create_scope_formula_mapping" time="1.444" /><testcase classname="backend.tests.test_emission_configuration.TestEmissionConfigurationCRUD" name="test_delete_test_mapping" time="1.443" /><testcase classname="backend.tests.test_emission_configuration.TestAdminEmissionCalculation" name="test_admin_can_access_emission_configurations" time="1.695" /><testcase classname="backend.tests.test_emission_configuration.TestAdminEmissionCalculation" name="test_admin_can_access_formula_definitions" time="0.672" /><testcase classname="backend.tests.test_emission_configuration.TestAdminEmissionCalculation" name="test_admin_can_access_formula_parameters" time="0.683" /><testcase classname="backend.tests.test_emission_configuration.TestPublicEndpoints" name="test_public_emission_configurations_endpoint" time="0.690" /></testsuite></testsuites>