<?xml version="1.0" encoding="utf-8"?><testsuites name="pytest tests"><testsuite name="pytest" errors="0" failures="0" skipped="0" tests="4" time="2.590" timestamp="2026-08-27T10:21:53.051474+00:00" hostname="agent-env-d029252d-aab9-4902-ae4c-26f22eabfc17"><testcase classname="backend.tests.test_supplier_parent_view_mode_regression_iter24" name="test_parent_detail_exposes_read_only_record_without_raw_evidence_url" time="2.230" /><testcase classname="backend.tests.test_supplier_parent_view_mode_regression_iter24" name="test_parent_detail_contains_non_empty_facility_and_data_values" time="0.084" /><testcase classname="backend.tests.test_supplier_parent_view_mode_regression_iter24" name="test_parent_detail_rejects_unauthorized_authenticated_users[supplier_token]" time="0.114" /><testcase classname="backend.tests.test_supplier_parent_view_mode_regression_iter24" name="test_parent_detail_rejects_unauthorized_authenticated_users[non_admin_token]" time="0.094" /></testsuite></testsuites>