<?xml version="1.0" encoding="utf-8"?><testsuites name="pytest tests"><testsuite name="pytest" errors="0" failures="0" skipped="0" tests="17" time="7.014" timestamp="2026-02-15T09:18:09.436105+00:00" hostname="agent-env-2eb0d806-9af6-4a45-89e3-a88c802377af"><testcase classname="backend.tests.test_new_features.TestOrganizationLimits" name="test_create_organization_with_default_limits" time="2.440" /><testcase classname="backend.tests.test_new_features.TestOrganizationLimits" name="test_create_organization_with_custom_limits" time="0.281" /><testcase classname="backend.tests.test_new_features.TestOrganizationLimits" name="test_update_organization_limits" time="0.353" /><testcase classname="backend.tests.test_new_features.TestPincodeValidation" name="test_valid_6_digit_pincode" time="0.333" /><testcase classname="backend.tests.test_new_features.TestPincodeValidation" name="test_invalid_pincode_less_than_6_digits" time="0.083" /><testcase classname="backend.tests.test_new_features.TestPincodeValidation" name="test_invalid_pincode_more_than_6_digits" time="0.112" /><testcase classname="backend.tests.test_new_features.TestPincodeValidation" name="test_invalid_pincode_with_letters" time="0.152" /><testcase classname="backend.tests.test_new_features.TestPincodeValidation" name="test_empty_pincode_allowed" time="0.323" /><testcase classname="backend.tests.test_new_features.TestCalculationFormulasCRUD" name="test_create_calculation_formula" time="0.185" /><testcase classname="backend.tests.test_new_features.TestCalculationFormulasCRUD" name="test_create_formula_scope2" time="0.365" /><testcase classname="backend.tests.test_new_features.TestCalculationFormulasCRUD" name="test_create_formula_biogenic" time="0.332" /><testcase classname="backend.tests.test_new_features.TestCalculationFormulasCRUD" name="test_get_all_formulas" time="0.140" /><testcase classname="backend.tests.test_new_features.TestCalculationFormulasCRUD" name="test_get_formula_by_id" time="0.352" /><testcase classname="backend.tests.test_new_features.TestCalculationFormulasCRUD" name="test_update_formula" time="0.591" /><testcase classname="backend.tests.test_new_features.TestCalculationFormulasCRUD" name="test_delete_formula" time="0.384" /><testcase classname="backend.tests.test_new_features.TestCalculationFormulasCRUD" name="test_duplicate_formula_name_rejected" time="0.305" /><testcase classname="backend.tests.test_new_features.TestFormulaAccessControl" name="test_non_super_admin_cannot_create_formula" time="0.164" /></testsuite></testsuites>