<?xml version="1.0" encoding="utf-8"?><testsuites name="pytest tests"><testsuite name="pytest" errors="0" failures="0" skipped="0" tests="3" time="4.861" timestamp="2026-09-03T06:28:07.104276+00:00" hostname="agent-env-4fb27c59-d114-4163-afd7-cabc844474d2"><testcase classname="backend.tests.test_r2_cleanup_regression_iter40" name="test_upload_then_delete_file_confirms_cleanup_before_metadata_removal" time="2.495" /><testcase classname="backend.tests.test_r2_cleanup_regression_iter40" name="test_delete_emission_cleans_linked_uploaded_file_metadata_and_object" time="1.215" /><testcase classname="backend.tests.test_r2_cleanup_regression_iter40" name="test_ocr_upload_delete_route_with_isolated_data_if_integration_available" time="1.092" /></testsuite></testsuites>