<?xml version="1.0" encoding="utf-8"?><testsuites name="pytest tests"><testsuite name="pytest" errors="0" failures="0" skipped="0" tests="6" time="3.799" timestamp="2026-02-22T10:17:09.860564+00:00" hostname="agent-env-b6786215-c3e1-4f30-8acd-b599a4ec9cf9"><testcase classname="backend.tests.test_formula_scopes_n2o_fix.TestFormulaFixes" name="test_n2o_formula_key_is_correct" time="1.032" /><testcase classname="backend.tests.test_formula_scopes_n2o_fix.TestFormulaFixes" name="test_co2e_formula_exists" time="0.498" /><testcase classname="backend.tests.test_formula_scopes_n2o_fix.TestFormulaFixes" name="test_applicable_scopes_field_in_response" time="0.421" /><testcase classname="backend.tests.test_formula_scopes_n2o_fix.TestFormulaFixes" name="test_formula_creation_with_scopes" time="0.486" /><testcase classname="backend.tests.test_formula_scopes_n2o_fix.TestFormulaFixes" name="test_formula_update_with_scopes" time="0.701" /><testcase classname="backend.tests.test_formula_scopes_n2o_fix.TestFormulaFixes" name="test_all_four_formulas_exist_and_active" time="0.558" /></testsuite></testsuites>