<?xml version="1.0" encoding="utf-8"?><testsuites name="pytest tests"><testsuite name="pytest" errors="0" failures="1" skipped="0" tests="37" time="7.329" timestamp="2026-08-30T06:50:56.389851+00:00" hostname="agent-env-d029252d-aab9-4902-ae4c-26f22eabfc17"><testcase classname="backend.tests.test_questionnaire_migration_iter31.TestQuestionnaireMigrationIter31" name="test_00_legacy_collection_absent_before_flows" time="0.004" /><testcase classname="backend.tests.test_questionnaire_migration_iter31.TestQuestionnaireMigrationIter31" name="test_01_questionnaire_queue_excludes_non_questionnaire_pending_items" time="0.632"><failure message="assert not True&#10; +  where True = any(&lt;generator object TestQuestionnaireMigrationIter31.test_01_questionnaire_queue_excludes_non_questionnaire_pending_items.&lt;locals&gt;.&lt;genexpr&gt; at 0xfd55cecc7760&gt;)">backend/tests/test_questionnaire_migration_iter31.py:289: in test_01_questionnaire_queue_excludes_non_questionnaire_pending_items
    assert not any(item.get("id") == seeded_context["emission_request_id"] for item in items)
E   assert not True
E    +  where True = any(&lt;generator object TestQuestionnaireMigrationIter31.test_01_questionnaire_queue_excludes_non_questionnaire_pending_items.&lt;locals&gt;.&lt;genexpr&gt; at 0xfd55cecc7760&gt;)</failure></testcase><testcase classname="backend.tests.test_questionnaire_migration_iter31.TestQuestionnaireMigrationIter31" name="test_02_approve_endpoint_updates_canonical_and_writes_version" time="0.088" /><testcase classname="backend.tests.test_questionnaire_migration_iter31.TestQuestionnaireMigrationIter31" name="test_03_approve_endpoint_cannot_cross_organization_boundary" time="0.426" /><testcase classname="backend.tests.test_questionnaire_migration_iter31.TestQuestionnaireMigrationIter31" name="test_04_reject_endpoint_restores_last_approved_value_when_present" time="0.104" /><testcase classname="backend.tests.test_questionnaire_migration_iter31.TestQuestionnaireMigrationIter31" name="test_05_reject_endpoint_marks_rejected_when_no_previous_approved_value" time="0.125" /><testcase classname="backend.tests.test_questionnaire_migration_iter31.TestQuestionnaireMigrationIter31" name="test_99_legacy_collection_absent_after_flows" time="0.003" /><testcase classname="backend.tests.test_questionnaire_approval_iter123.TestQuestionnaireApprovalQueue" name="test_queue_endpoint_returns_200_and_correct_shape" time="0.380" /><testcase classname="backend.tests.test_questionnaire_approval_iter123.TestQuestionnaireApprovalQueue" name="test_queue_with_framework_filter" time="0.212" /><testcase classname="backend.tests.test_questionnaire_approval_iter123.TestQuestionnaireApprovalQueue" name="test_queue_unauthorized" time="0.091" /><testcase classname="backend.tests.test_questionnaire_approval_iter123.TestQuestionnaireApproveReject" name="test_reject_requires_reason_body" time="0.074" /><testcase classname="backend.tests.test_questionnaire_approval_iter123.TestQuestionnaireApproveReject" name="test_reject_nonexistent_returns_400" time="0.076" /><testcase classname="backend.tests.test_questionnaire_approval_iter123.TestQuestionnaireApproveReject" name="test_approve_nonexistent_returns_400" time="0.090" /><testcase classname="backend.tests.test_questionnaire_approval_iter123.TestQuestionnaireApproveReject" name="test_approve_accepts_empty_body" time="0.076" /><testcase classname="backend.tests.test_questionnaire_approval_iter123.TestEndToEndApproval" name="test_queue_includes_seeded_pending_response" time="0.134" /><testcase classname="backend.tests.test_questionnaire_approval_iter123.TestEndToEndApproval" name="test_reject_flow_updates_response_and_creates_version" time="0.103" /><testcase classname="backend.tests.test_questionnaire_approval_iter123.TestEndToEndApproval" name="test_approve_flow_updates_response" time="0.138" /><testcase classname="backend.tests.test_questionnaire_approval_iter123.TestEndToEndApproval" name="test_history_endpoint_returns_events" time="0.082" /><testcase classname="backend.tests.test_unified_collection_iter128.TestGRIUnifiedCollection" name="test_01_save_sub_question_creates_flat_canonical_response" time="0.456" /><testcase classname="backend.tests.test_unified_collection_iter128.TestGRIUnifiedCollection" name="test_02_approval_request_has_framework_and_entity_type" time="0.001" /><testcase classname="backend.tests.test_unified_collection_iter128.TestGRIUnifiedCollection" name="test_03_approver_queue_endpoint_returns_framework" time="0.388" /><testcase classname="backend.tests.test_unified_collection_iter128.TestGRIUnifiedCollection" name="test_04_approve_updates_organization_esg_responses" time="0.543" /><testcase classname="backend.tests.test_unified_collection_iter128.TestGRIUnifiedCollection" name="test_05_simple_question_creates_question_level_document" time="0.614" /><testcase classname="backend.tests.test_unified_collection_iter128.TestGRIUnifiedCollection" name="test_06_completion_service_reads_unified" time="0.320" /><testcase classname="backend.tests.test_gri_approval_flow.TestGRIApprovalFlow" name="test_01_save_creates_pending_submission" time="0.428" /><testcase classname="backend.tests.test_gri_approval_flow.TestGRIApprovalFlow" name="test_02_approve_submission_no_error" time="0.419" /><testcase classname="backend.tests.test_gri_approval_flow.TestGRIApprovalFlow" name="test_03_canonical_response_has_approved_status" time="0.501" /><testcase classname="backend.tests.test_gri_approval_flow.TestGRIApprovalFlow" name="test_04_submission_marked_approved" time="0.002" /><testcase classname="backend.tests.test_internal_ai_brsr_regressions" name="test_generic_brsr_count_does_not_create_question_key_filter" time="0.020" /><testcase classname="backend.tests.test_internal_ai_brsr_regressions" name="test_bare_year_range_resolves_as_financial_year" time="0.001" /><testcase classname="backend.tests.test_internal_ai_brsr_regressions" name="test_brsr_history_resolves_response_keys_from_unified_collection" time="0.001" /><testcase classname="backend.tests.test_internal_ai_iter159_regression_scope_history" name="test_analytics_scope_variants_normalize_and_apply_org_facility_category_period[Scope 1]" time="0.001" /><testcase classname="backend.tests.test_internal_ai_iter159_regression_scope_history" name="test_analytics_scope_variants_normalize_and_apply_org_facility_category_period[scope 1]" time="0.001" /><testcase classname="backend.tests.test_internal_ai_iter159_regression_scope_history" name="test_analytics_scope_variants_normalize_and_apply_org_facility_category_period[1]" time="0.001" /><testcase classname="backend.tests.test_internal_ai_iter159_regression_scope_history" name="test_history_framework_version_query_is_org_scoped_and_allowlisted" time="0.001" /><testcase classname="backend.tests.test_internal_ai_iter159_regression_scope_history" name="test_brsr_version_history_query_is_org_scoped" time="0.001" /><testcase classname="backend.tests.test_internal_ai_iter159_regression_scope_history" name="test_gri_version_history_query_is_org_scoped" time="0.001" /></testsuite></testsuites>