<?xml version="1.0" encoding="utf-8"?><testsuites name="pytest tests"><testsuite name="pytest" errors="0" failures="0" skipped="0" tests="4" time="0.112" timestamp="2026-08-31T07:20:43.860848+00:00" hostname="agent-env-d029252d-aab9-4902-ae4c-26f22eabfc17"><testcase classname="backend.tests.test_supplier_ghg_submission" name="test_ghg_aggregation_groups_submitted_entries_by_scope_and_category" time="0.000" /><testcase classname="backend.tests.test_supplier_ghg_submission" name="test_supplier_log_filter_hides_historical_revisions_without_lineage_id" time="0.000" /><testcase classname="backend.tests.test_supplier_ghg_submission" name="test_period_submitted_scope_totals_only_include_the_selected_period" time="0.000" /><testcase classname="backend.tests.test_supplier_ghg_submission" name="test_period_submitted_scope_totals_use_last_submitted_revision_during_resubmission" time="0.000" /></testsuite></testsuites>