<?xml version="1.0" encoding="utf-8"?><testsuites name="pytest tests"><testsuite name="pytest" errors="0" failures="0" skipped="0" tests="3" time="0.964" timestamp="2026-06-10T06:58:45.091799+00:00" hostname="agent-env-2e72b9e4-2e71-4cbe-a492-62454ae56a31"><testcase classname="backend.tests.test_compound_unit_user_density.TestCompoundUnitUserDensity" name="test_execute_with_user_density_returns_expected_co2e" time="0.541" /><testcase classname="backend.tests.test_compound_unit_user_density.TestCompoundUnitUserDensity" name="test_audit_log_shows_property_based_user_override" time="0.099" /><testcase classname="backend.tests.test_compound_unit_user_density.TestCompoundUnitUserDensity" name="test_different_user_density_changes_result" time="0.272" /></testsuite></testsuites>