<?xml version="1.0" encoding="utf-8"?><testsuites name="pytest tests"><testsuite name="pytest" errors="0" failures="0" skipped="0" tests="8" time="39.820" timestamp="2026-08-17T05:14:06.651612+00:00" hostname="agent-env-bc6c8c78-c2f9-49f7-b927-13dcb3706248"><testcase classname="tests.test_question_registry_live_iter177.TestCINLive" name="test_cin_full_phrase" time="5.146" /><testcase classname="tests.test_question_registry_live_iter177.TestCINLive" name="test_cin_abbreviation" time="2.418" /><testcase classname="tests.test_question_registry_live_iter177.TestCSRLive" name="test_csr_applicability" time="4.640" /><testcase classname="tests.test_question_registry_live_iter177.TestAntiCorruptionLive" name="test_anticorruption_policy" time="3.865" /><testcase classname="tests.test_question_registry_live_iter177.TestAntiCorruptionLive" name="test_antibribery_policy_synonym" time="5.485" /><testcase classname="tests.test_question_registry_live_iter177.TestAntiCorruptionLive" name="test_anticorruption_incidents_not_brsr" time="7.223" /><testcase classname="tests.test_question_registry_live_iter177.TestRegressions" name="test_water_consumption_still_esg_metric" time="4.768" /><testcase classname="tests.test_question_registry_live_iter177.TestRegressions" name="test_brsr_count_still_works" time="6.214" /></testsuite></testsuites>