<?xml version="1.0" encoding="utf-8"?><testsuites name="pytest tests"><testsuite name="pytest" errors="0" failures="0" skipped="0" tests="10" time="3.484" timestamp="2026-02-17T09:24:02.372818+00:00" hostname="agent-env-f66fda72-93a2-4e68-b849-9c2bd1e8e924"><testcase classname="tests.test_download_functionality.TestFileDownloadEndpoints" name="test_download_endpoint_returns_200" time="0.477" /><testcase classname="tests.test_download_functionality.TestFileDownloadEndpoints" name="test_download_endpoint_has_attachment_disposition" time="0.309" /><testcase classname="tests.test_download_functionality.TestFileDownloadEndpoints" name="test_download_endpoint_returns_correct_content_type" time="0.162" /><testcase classname="tests.test_download_functionality.TestFileDownloadEndpoints" name="test_download_endpoint_returns_content" time="0.134" /><testcase classname="tests.test_download_functionality.TestFileDownloadEndpoints" name="test_view_endpoint_returns_200" time="0.059" /><testcase classname="tests.test_download_functionality.TestFileDownloadEndpoints" name="test_view_endpoint_has_inline_disposition" time="0.192" /><testcase classname="tests.test_download_functionality.TestFileDownloadEndpoints" name="test_nonexistent_file_returns_404" time="0.525" /><testcase classname="tests.test_download_functionality.TestAuthenticatedFileAccess" name="test_emissions_endpoint_accessible" time="0.571" /><testcase classname="tests.test_download_functionality.TestAuthenticatedFileAccess" name="test_facilities_endpoint_accessible" time="0.402" /><testcase classname="tests.test_download_functionality.TestAuthenticatedFileAccess" name="test_organization_endpoint_accessible" time="0.594" /></testsuite></testsuites>