<?xml version="1.0" encoding="utf-8"?><testsuites name="pytest tests"><testsuite name="pytest" errors="0" failures="0" skipped="0" tests="4" time="1.790" timestamp="2026-08-28T15:11:44.843999+00:00" hostname="agent-env-d029252d-aab9-4902-ae4c-26f22eabfc17"><testcase classname="backend.tests.test_process_emissions_venting_regression" name="test_create_venting_with_carbon_composition_persists_fields" time="0.978" /><testcase classname="backend.tests.test_process_emissions_venting_regression" name="test_carbon_composition_volume_quantity_requires_density" time="0.189" /><testcase classname="backend.tests.test_process_emissions_venting_regression" name="test_carbon_composition_volume_quantity_density_is_required_on_update" time="0.380" /><testcase classname="backend.tests.test_process_emissions_venting_regression" name="test_create_venting_using_ncv_does_not_store_carbon_fields" time="0.183" /></testsuite></testsuites>