<?xml version="1.0" encoding="utf-8"?><testsuites name="pytest tests"><testsuite name="pytest" errors="0" failures="0" skipped="0" tests="5" time="8.732" timestamp="2026-04-22T06:24:16.659219+00:00" hostname="agent-env-9017ec53-55ca-4fa7-90fc-16abd646bac3"><testcase classname="backend.tests.test_dynamic_emission_records.TestCreateDynamicEmission" name="test_create_sets_dynamic_field_values_and_outputs" time="3.078" /><testcase classname="backend.tests.test_dynamic_emission_records.TestCreateDynamicEmission" name="test_create_with_override_persists_flag_and_justification" time="0.742" /><testcase classname="backend.tests.test_dynamic_emission_records.TestListAndGetDynamicEmission" name="test_list_contains_dynamic_field_values_and_outputs" time="0.761" /><testcase classname="backend.tests.test_dynamic_emission_records.TestUpdateDynamicEmission" name="test_update_persists_new_dynamic_values_and_override_toggle" time="1.613" /><testcase classname="backend.tests.test_dynamic_emission_records.TestDeleteDynamicEmission" name="test_delete_record" time="2.478" /></testsuite></testsuites>