<?xml version="1.0" encoding="utf-8"?><testsuites name="pytest tests"><testsuite name="pytest" errors="0" failures="0" skipped="0" tests="9" time="34.554" timestamp="2026-03-11T05:58:35.747550+00:00" hostname="agent-env-a42cd1a1-64f1-4548-932d-8f3ca0a11549"><testcase classname="backend.tests.test_sinks_per_month_records.TestSinksPerMonthRecords" name="test_create_sink_with_reporting_month" time="3.413" /><testcase classname="backend.tests.test_sinks_per_month_records.TestSinksPerMonthRecords" name="test_create_multiple_monthly_sinks" time="4.037" /><testcase classname="backend.tests.test_sinks_per_month_records.TestSinksPerMonthRecords" name="test_get_sinks_returns_reporting_month" time="3.462" /><testcase classname="backend.tests.test_sinks_per_month_records.TestSinksPerMonthRecords" name="test_update_sink_reporting_month" time="4.228" /><testcase classname="backend.tests.test_sinks_per_month_records.TestSinksPerMonthRecords" name="test_delete_individual_sink_record" time="5.314" /><testcase classname="backend.tests.test_sinks_per_month_records.TestSinksPerMonthRecords" name="test_sink_with_evidence_files" time="3.801" /><testcase classname="backend.tests.test_sinks_per_month_records.TestSinksPerMonthRecords" name="test_legacy_sink_without_reporting_month" time="2.148" /><testcase classname="backend.tests.test_sinks_per_month_records.TestSinksAPIEdgeCases" name="test_reporting_month_boundary_values" time="4.371" /><testcase classname="backend.tests.test_sinks_per_month_records.TestSinksAPIEdgeCases" name="test_get_single_sink_by_id" time="3.719" /></testsuite></testsuites>