<?xml version="1.0" encoding="utf-8"?><testsuites name="pytest tests"><testsuite name="pytest" errors="0" failures="2" skipped="0" tests="8" time="3.012" timestamp="2026-08-24T13:17:34.369410+00:00" hostname="agent-env-bc6c8c78-c2f9-49f7-b927-13dcb3706248"><testcase classname="backend.tests.test_entitlement_platform_boundary_iter17" name="test_admin_login_sets_http_only_cookie" time="0.806" /><testcase classname="backend.tests.test_entitlement_platform_boundary_iter17" name="test_auth_login_cors_allows_trusted_origin_only" time="0.012"><failure message="AssertionError: assert '*' == 'https://esg-...gentagent.com'&#10;  &#10;  - https://ghg-reporting-hub.preview.emergentagent.com&#10;  + *">backend/tests/test_entitlement_platform_boundary_iter17.py:84: in test_auth_login_cors_allows_trusted_origin_only
    assert options_trusted.headers.get("access-control-allow-origin") == trusted
E   AssertionError: assert '*' == 'https://esg-...gentagent.com'
E     
E     - https://ghg-reporting-hub.preview.emergentagent.com
E     + *</failure></testcase><testcase classname="backend.tests.test_entitlement_platform_boundary_iter17" name="test_bruteforce_lockout_after_five_invalid_attempts" time="0.721" /><testcase classname="backend.tests.test_entitlement_platform_boundary_iter17" name="test_module_config_returns_canonical_entitlements_and_granular_permissions" time="0.327" /><testcase classname="backend.tests.test_entitlement_platform_boundary_iter17" name="test_targets_lookup_environment_honors_scope3_and_energy_permissions" time="0.326" /><testcase classname="backend.tests.test_entitlement_platform_boundary_iter17" name="test_restricted_user_scope3_creation_is_blocked_before_persistence" time="0.392"><failure message="AssertionError: {&quot;id&quot;:&quot;756c6cef-a7f3-4039-bc0e-d5d37c76c584&quot;,&quot;facility_id&quot;:&quot;39ecd9be-9417-4df6-93c4-e583abf49260&quot;,&quot;reporting_period&quot;:&quot;2026-05&quot;,&quot;frequency_type&quot;:&quot;monthly&quot;,&quot;scope&quot;:&quot;scope3&quot;,&quot;category&quot;:&quot;C1 Purchased Goods and Services&quot;,&quot;category_code&quot;:null,&quot;sub_category&quot;:&quot;Purchased goods&quot;,&quot;fuel_type&quot;:null,&quot;is_custom_fuel&quot;:false,&quot;custom_fuel_name&quot;:null,&quot;calculation_methodology&quot;:null,&quot;process_type&quot;:null,&quot;calculation_method_scope3&quot;:null,&quot;scope3_ef_id&quot;:null,&quot;scope3_activity&quot;:null,&quot;scope3_activity_type&quot;:null,&quot;scope3_subcategory&quot;:null,&quot;type_of_product&quot;:null,&quot;formula_id&quot;:null,&quot;biogenic_scope_selection&quot;:null,&quot;supplier_name&quot;:null,&quot;supplier_code&quot;:null,&quot;employee_name&quot;:null,&quot;employee_id&quot;:null,&quot;asset_name&quot;:null,&quot;from_location&quot;:null,&quot;to_location&quot;:null,&quot;customer_name&quot;:null,&quot;customer_code&quot;:null,&quot;nights_stayed&quot;:null,&quot;rooms_taken&quot;:null,&quot;employees&quot;:null,&quot;monthly_totals&quot;:null,&quot;yearly_total&quot;:null,&quot;dynamic_field_values&quot;:{},&quot;outputs&quot;:{&quot;co2e&quot;:{&quot;value&quot;:1.0,&quot;unit&quot;:&quot;tCO2e&quot;}},&quot;quantity&quot;:null,&quot;quantity_unit&quot;:null,&quot;unit&quot;:null,&quot;co2_emissions&quot;:0.0,&quot;ch4_emissions&quot;:0.0,&quot;n2o_emissions&quot;:0.0,&quot;co2e_emissions&quot;:1.0,&quot;total_emissions&quot;:1.0,&quot;fuel_database_id&quot;:null,&quot;source_of_information&quot;:null,&quot;record_source&quot;:null,&quot;notes&quot;:null,&quot;justification&quot;:null,&quot;evidence_url&quot;:null,&quot;responsible_person&quot;:null,&quot;responsible_person_designation&quot;:null,&quot;responsible_person_contact&quot;:null,&quot;source&quot;:null,&quot;bulk_upload_id&quot;:null,&quot;emission_factor_used&quot;:null,&quot;emission_factor_unit&quot;:null,&quot;unit_conversion_applied&quot;:null,&quot;process_names&quot;:[],&quot;process_descriptions&quot;:[],&quot;created_by&quot;:&quot;69d2e560-51ff-4984-a01b-33e5fb2084ed&quot;,&quot;created_by_email&quot;:&quot;goyalsomil+1@hotmail.com&quot;,&quot;created_by_name&quot;:&quot;Aman&quot;,&quot;created_at&quot;:&quot;2026-08-24T13:17:36.990469+00:00&quot;,&quot;updated_by&quot;:null,&quot;updated_by_email&quot;:null,&quot;updated_by_name&quot;:null,&quot;updated_at&quot;:null,&quot;approval_status&quot;:&quot;approved&quot;,&quot;proposed_by&quot;:null,&quot;proposed_by_email&quot;:null,&quot;proposed_by_name&quot;:null,&quot;proposed_at&quot;:null,&quot;original_record_id&quot;:null,&quot;submitted_by&quot;:null,&quot;submitted_by_email&quot;:null,&quot;submitted_by_name&quot;:null,&quot;submitted_at&quot;:null,&quot;edit_history&quot;:null,&quot;version_history&quot;:null,&quot;version&quot;:null,&quot;is_my_pending_proposal&quot;:null,&quot;has_pending_proposal&quot;:null,&quot;pending_proposal_by&quot;:null,&quot;pending_proposal_status&quot;:null}&#10;assert 200 in (403, 422)&#10; +  where 200 = &lt;Response [200]&gt;.status_code">backend/tests/test_entitlement_platform_boundary_iter17.py:197: in test_restricted_user_scope3_creation_is_blocked_before_persistence
    assert response.status_code in (403, 422), response.text
E   AssertionError: {"id":"756c6cef-a7f3-4039-bc0e-d5d37c76c584","facility_id":"39ecd9be-9417-4df6-93c4-e583abf49260","reporting_period":"2026-05","frequency_type":"monthly","scope":"scope3","category":"C1 Purchased Goods and Services","category_code":null,"sub_category":"Purchased goods","fuel_type":null,"is_custom_fuel":false,"custom_fuel_name":null,"calculation_methodology":null,"process_type":null,"calculation_method_scope3":null,"scope3_ef_id":null,"scope3_activity":null,"scope3_activity_type":null,"scope3_subcategory":null,"type_of_product":null,"formula_id":null,"biogenic_scope_selection":null,"supplier_name":null,"supplier_code":null,"employee_name":null,"employee_id":null,"asset_name":null,"from_location":null,"to_location":null,"customer_name":null,"customer_code":null,"nights_stayed":null,"rooms_taken":null,"employees":null,"monthly_totals":null,"yearly_total":null,"dynamic_field_values":{},"outputs":{"co2e":{"value":1.0,"unit":"tCO2e"}},"quantity":null,"quantity_unit":null,"unit":null,"co2_emissions":0.0,"ch4_emissions":0.0,"n2o_emissions":0.0,"co2e_emissions":1.0,"total_emissions":1.0,"fuel_database_id":null,"source_of_information":null,"record_source":null,"notes":null,"justification":null,"evidence_url":null,"responsible_person":null,"responsible_person_designation":null,"responsible_person_contact":null,"source":null,"bulk_upload_id":null,"emission_factor_used":null,"emission_factor_unit":null,"unit_conversion_applied":null,"process_names":[],"process_descriptions":[],"created_by":"69d2e560-51ff-4984-a01b-33e5fb2084ed","created_by_email":"goyalsomil+1@hotmail.com","created_by_name":"Aman","created_at":"2026-08-24T13:17:36.990469+00:00","updated_by":null,"updated_by_email":null,"updated_by_name":null,"updated_at":null,"approval_status":"approved","proposed_by":null,"proposed_by_email":null,"proposed_by_name":null,"proposed_at":null,"original_record_id":null,"submitted_by":null,"submitted_by_email":null,"submitted_by_name":null,"submitted_at":null,"edit_history":null,"version_history":null,"version":null,"is_my_pending_proposal":null,"has_pending_proposal":null,"pending_proposal_by":null,"pending_proposal_status":null}
E   assert 200 in (403, 422)
E    +  where 200 = &lt;Response [200]&gt;.status_code</failure></testcase><testcase classname="backend.tests.test_entitlement_platform_boundary_iter17" name="test_scope3_guard_uses_platform_access_outer_boundary" time="0.309" /><testcase classname="backend.tests.test_entitlement_platform_boundary_iter17" name="test_monthly_row_limit_blocks_when_limit_is_exhausted" time="0.001" /></testsuite></testsuites>