<?xml version="1.0" encoding="utf-8"?><testsuites name="pytest tests"><testsuite name="pytest" errors="0" failures="0" skipped="0" tests="13" time="16.455" timestamp="2026-02-20T10:20:57.081785+00:00" hostname="agent-env-423af956-e318-4945-835c-af3a6ca5b1cd"><testcase classname="backend.tests.test_new_features.TestFuelDatabaseAllowedUnits" name="test_01_create_fuel_with_mass_units_only" time="2.270" /><testcase classname="backend.tests.test_new_features.TestFuelDatabaseAllowedUnits" name="test_02_create_fuel_with_volume_units" time="0.716" /><testcase classname="backend.tests.test_new_features.TestFuelDatabaseAllowedUnits" name="test_03_get_fuel_returns_allowed_units" time="0.685" /><testcase classname="backend.tests.test_new_features.TestFuelDatabaseAllowedUnits" name="test_04_update_fuel_allowed_units" time="0.794" /><testcase classname="backend.tests.test_new_features.TestFormulaConditionalComponents" name="test_01_create_parameter" time="0.726" /><testcase classname="backend.tests.test_new_features.TestFormulaConditionalComponents" name="test_02_create_formula_with_conditional_component" time="1.446" /><testcase classname="backend.tests.test_new_features.TestFormulaConditionalComponents" name="test_03_get_formula_returns_conditions" time="0.720" /><testcase classname="backend.tests.test_new_features.TestFormulaConditionalComponents" name="test_04_update_formula_component_condition" time="1.462" /><testcase classname="backend.tests.test_new_features.TestEmissionsWithAllowedUnits" name="test_01_admin_gets_fuels_with_allowed_units" time="1.647" /><testcase classname="backend.tests.test_new_features.TestEmissionsWithAllowedUnits" name="test_02_get_formula_definitions_for_calculation" time="0.811" /><testcase classname="backend.tests.test_new_features.TestCleanup" name="test_cleanup_test_fuels" time="2.274" /><testcase classname="backend.tests.test_new_features.TestCleanup" name="test_cleanup_test_formulas" time="1.378" /><testcase classname="backend.tests.test_new_features.TestCleanup" name="test_cleanup_test_parameters" time="1.403" /></testsuite></testsuites>