<?xml version="1.0" encoding="utf-8"?><testsuites name="pytest tests"><testsuite name="pytest" errors="0" failures="0" skipped="0" tests="5" time="2.326" timestamp="2026-08-27T10:07:16.901040+00:00" hostname="agent-env-d029252d-aab9-4902-ae4c-26f22eabfc17"><testcase classname="backend.tests.test_supplier_parent_emission_view_iter25" name="test_parent_detail_returns_visible_submitted_record_without_raw_evidence_url" time="1.401" /><testcase classname="backend.tests.test_supplier_parent_emission_view_iter25" name="test_parent_detail_rejects_unauthenticated_request" time="0.069" /><testcase classname="backend.tests.test_supplier_parent_emission_view_iter25" name="test_parent_detail_returns_not_found_for_non_parent_visible_or_non_submitted_id" time="0.084" /><testcase classname="backend.tests.test_supplier_parent_emission_view_iter25" name="test_parent_detail_evidence_endpoint_returns_secure_links_when_evidence_exists" time="0.298" /><testcase classname="backend.tests.test_supplier_parent_emission_view_iter25" name="test_global_put_rejects_parent_edit_attempt_for_supplier_submitted_record" time="0.394" /></testsuite></testsuites>