<?xml version="1.0" encoding="utf-8"?><testsuites name="pytest tests"><testsuite name="pytest" errors="0" failures="0" skipped="0" tests="9" time="0.319" timestamp="2026-09-01T10:30:24.379683+00:00" hostname="agent-env-4fb27c59-d114-4163-afd7-cabc844474d2"><testcase classname="backend.tests.test_supplier_training_focused" name="test_create_training_requires_title" time="0.001" /><testcase classname="backend.tests.test_supplier_training_focused" name="test_create_training_always_stores_a_100_percent_threshold" time="0.063" /><testcase classname="backend.tests.test_supplier_training_focused" name="test_page_consumption_events_control_progress" time="0.001" /><testcase classname="backend.tests.test_supplier_training_focused" name="test_create_training_rejects_unsupported_content_type" time="0.001" /><testcase classname="backend.tests.test_supplier_training_focused" name="test_supported_training_mime_types_include_requested_formats" time="0.000" /><testcase classname="backend.tests.test_supplier_training_focused" name="test_update_progress_status_lifecycle_and_version_id_immutable" time="0.001" /><testcase classname="backend.tests.test_supplier_training_focused" name="test_training_sync_never_reactivates_historical_assignments" time="0.001" /><testcase classname="backend.tests.test_supplier_training_focused" name="test_reenabling_training_restores_new_active_assignments" time="0.001" /><testcase classname="backend.tests.test_supplier_training_focused" name="test_training_module_completion_empty_and_completed_paths" time="0.001" /></testsuite></testsuites>