<?xml version="1.0" encoding="utf-8"?><testsuites name="pytest tests"><testsuite name="pytest" errors="0" failures="0" skipped="0" tests="2" time="1.092" timestamp="2026-09-02T07:03:42.739757+00:00" hostname="agent-env-4fb27c59-d114-4163-afd7-cabc844474d2"><testcase classname="backend.tests.test_p0_monthly_unit_regression_iter43" name="test_calc_engine_qty_basis_volume_unit_contract" time="0.946" /><testcase classname="backend.tests.test_p0_monthly_unit_regression_iter43" name="test_legacy_emissions_calculate_endpoint_still_available" time="0.078" /></testsuite></testsuites>