<?xml version="1.0" encoding="utf-8"?><testsuites name="pytest tests"><testsuite name="pytest" errors="0" failures="0" skipped="0" tests="12" time="28.623" timestamp="2026-02-14T10:03:54.738185+00:00" hostname="agent-env-ff2a25a0-6a45-4f1c-be95-d78b863fe60e"><testcase classname="tests.test_p0_fixes.TestAuthenticationAndRedirects" name="test_super_admin_login_returns_correct_role" time="1.333" /><testcase classname="tests.test_p0_fixes.TestAuthenticationAndRedirects" name="test_admin_without_org_login" time="1.203" /><testcase classname="tests.test_p0_fixes.TestSuperAdminDashboard" name="test_super_admin_dashboard_loads" time="2.114" /><testcase classname="tests.test_p0_fixes.TestSuperAdminDashboard" name="test_organizations_stats_structure" time="1.649" /><testcase classname="tests.test_p0_fixes.TestAdminWithoutOrganization" name="test_get_facilities_returns_empty_list" time="1.608" /><testcase classname="tests.test_p0_fixes.TestAdminWithoutOrganization" name="test_get_emissions_returns_empty_list" time="2.486" /><testcase classname="tests.test_p0_fixes.TestAdminWithoutOrganization" name="test_dashboard_stats_returns_empty_gracefully" time="1.768" /><testcase classname="tests.test_p0_fixes.TestEmissionFactors" name="test_standard_emission_factors_available" time="1.827" /><testcase classname="tests.test_p0_fixes.TestEmissionFactors" name="test_custom_emission_factors_endpoint" time="1.689" /><testcase classname="tests.test_p0_fixes.TestFileDownload" name="test_file_upload_and_download" time="3.961" /><testcase classname="tests.test_p0_fixes.TestFileDownload" name="test_file_download_with_admin_credentials" time="4.285" /><testcase classname="tests.test_p0_fixes.TestEndToEndEmissionWithEvidence" name="test_emission_record_with_evidence_url" time="4.653" /></testsuite></testsuites>