<?xml version="1.0" encoding="utf-8"?><testsuites name="pytest tests"><testsuite name="pytest" errors="0" failures="0" skipped="0" tests="17" time="1.966" timestamp="2026-08-28T16:13:20.530300+00:00" hostname="agent-env-d029252d-aab9-4902-ae4c-26f22eabfc17"><testcase classname="backend.tests.test_supplier_training_focused" name="test_create_training_requires_title" time="0.001" /><testcase classname="backend.tests.test_supplier_training_focused" name="test_create_training_always_stores_a_100_percent_threshold" time="0.026" /><testcase classname="backend.tests.test_supplier_training_focused" name="test_page_consumption_events_control_progress" time="0.001" /><testcase classname="backend.tests.test_supplier_training_focused" name="test_create_training_rejects_unsupported_content_type" time="0.001" /><testcase classname="backend.tests.test_supplier_training_focused" name="test_supported_training_mime_types_include_requested_formats" time="0.000" /><testcase classname="backend.tests.test_supplier_training_focused" name="test_update_progress_status_lifecycle_and_version_id_immutable" time="0.001" /><testcase classname="backend.tests.test_supplier_training_focused" name="test_training_sync_never_reactivates_historical_assignments" time="0.001" /><testcase classname="backend.tests.test_supplier_training_focused" name="test_training_module_completion_empty_and_completed_paths" time="0.000" /><testcase classname="backend.tests.test_supplier_documents_p0" name="test_publish_keeps_immutable_metadata_and_versions_per_lineage" time="0.001" /><testcase classname="backend.tests.test_supplier_documents_p0" name="test_supplier_isolation_multiple_acceptances_and_immutable_acceptance" time="0.001" /><testcase classname="backend.tests.test_supplier_documents_p0" name="test_status_response_is_version_bound_and_satisfies_document_completion" time="0.001" /><testcase classname="backend.tests.test_supplier_documents_p0" name="test_selected_document_cannot_be_seen_by_an_unselected_supplier" time="0.000" /><testcase classname="backend.tests.test_supplier_documents_p0" name="test_explicit_document_remains_available_after_later_program_revision" time="0.000" /><testcase classname="backend.tests.test_supplier_documents_p0" name="test_document_selection_sync_centralizes_relationship_assignments" time="0.001" /><testcase classname="backend.tests.test_supplier_documents_p0" name="test_document_api_exposes_only_the_audit_safe_delete_mutation_route" time="0.000" /><testcase classname="backend.tests.test_supplier_ranking_payload_regression_iter28" name="test_rankings_payload_excludes_legacy_emissions_fields" time="1.290" /><testcase classname="backend.tests.test_supplier_ranking_payload_regression_iter28" name="test_emissions_all_endpoint_available_for_current_period" time="0.095" /></testsuite></testsuites>