<?xml version="1.0" encoding="utf-8"?><testsuites name="pytest tests"><testsuite name="pytest" errors="0" failures="0" skipped="0" tests="28" time="0.349" timestamp="2026-08-17T05:13:22.997707+00:00" hostname="agent-env-bc6c8c78-c2f9-49f7-b927-13dcb3706248"><testcase classname="tests.test_question_registry.TestCINRouting" name="test_full_phrase" time="0.001" /><testcase classname="tests.test_question_registry.TestCINRouting" name="test_abbreviation" time="0.000" /><testcase classname="tests.test_question_registry.TestCINRouting" name="test_company_cin" time="0.000" /><testcase classname="tests.test_question_registry.TestCINRouting" name="test_corporate_identification_number" time="0.000" /><testcase classname="tests.test_question_registry.TestCSRRouting" name="test_full_phrase" time="0.000" /><testcase classname="tests.test_question_registry.TestCSRRouting" name="test_is_csr_applicable" time="0.000" /><testcase classname="tests.test_question_registry.TestCSRRouting" name="test_section_135_csr" time="0.000" /><testcase classname="tests.test_question_registry.TestCSRRouting" name="test_corporate_social_responsibility" time="0.000" /><testcase classname="tests.test_question_registry.TestAntiCorruptionRouting" name="test_policy_question" time="0.001" /><testcase classname="tests.test_question_registry.TestAntiCorruptionRouting" name="test_anti_bribery_policy" time="0.000" /><testcase classname="tests.test_question_registry.TestAntiCorruptionRouting" name="test_bribery_policy" time="0.000" /><testcase classname="tests.test_question_registry.TestAntiCorruptionRouting" name="test_incidents_not_policy" time="0.001" /><testcase classname="tests.test_question_registry.TestAntiCorruptionRouting" name="test_confirmed_corruption_cases" time="0.000" /><testcase classname="tests.test_question_registry.TestAntiCorruptionRouting" name="test_anti_corruption_no_context" time="0.000" /><testcase classname="tests.test_question_registry.TestNonFrameworkFallthrough" name="test_water_consumption" time="0.000" /><testcase classname="tests.test_question_registry.TestNonFrameworkFallthrough" name="test_scope1_emissions" time="0.000" /><testcase classname="tests.test_question_registry.TestNonFrameworkFallthrough" name="test_employee_diversity" time="0.000" /><testcase classname="tests.test_question_registry.TestNonFrameworkFallthrough" name="test_random_question" time="0.000" /><testcase classname="tests.test_question_registry.TestQueryPlanFrameworkPrecedence" name="test_cin_overrides_organization_info" time="0.001" /><testcase classname="tests.test_question_registry.TestQueryPlanFrameworkPrecedence" name="test_csr_overrides_kpi_lookup" time="0.000" /><testcase classname="tests.test_question_registry.TestQueryPlanFrameworkPrecedence" name="test_anticorruption_policy_overrides_governance" time="0.000" /><testcase classname="tests.test_question_registry.TestQueryPlanFrameworkPrecedence" name="test_anticorruption_incidents_use_esg_module" time="0.002" /><testcase classname="tests.test_question_registry.TestQueryPlanFrameworkPrecedence" name="test_water_uses_esg_module" time="0.001" /><testcase classname="tests.test_question_registry.TestQueryPlanFrameworkPrecedence" name="test_explicit_brsr_still_works" time="0.001" /><testcase classname="tests.test_question_registry.TestResponseStates" name="test_found" time="0.000" /><testcase classname="tests.test_question_registry.TestResponseStates" name="test_configured_no_response" time="0.000" /><testcase classname="tests.test_question_registry.TestResponseStates" name="test_not_configured" time="0.000" /><testcase classname="tests.test_question_registry.TestResponseStates" name="test_empty" time="0.000" /></testsuite></testsuites>