<?xml version="1.0" encoding="utf-8"?><testsuites name="pytest tests"><testsuite name="pytest" errors="0" failures="3" skipped="1" tests="18" time="3.159" timestamp="2026-09-04T07:28:14.296283+00:00" hostname="agent-env-4fb27c59-d114-4163-afd7-cabc844474d2"><testcase classname="backend.tests.test_super_admin_accounts_iter42" name="test_super_admin_login_success" time="0.807" /><testcase classname="backend.tests.test_super_admin_accounts_iter42" name="test_login_sets_httponly_cookie" time="0.000" /><testcase classname="backend.tests.test_super_admin_accounts_iter42" name="test_bcrypt_hash_prefix_for_seeded_super_admin" time="0.005" /><testcase classname="backend.tests.test_super_admin_accounts_iter42" name="test_cors_preflight_allows_configured_origin" time="0.051"><failure message="AssertionError: assert '*' == 'https://emis...gentagent.com'&#10;  &#10;  - https://emissions-review.preview.emergentagent.com&#10;  + *">backend/tests/test_super_admin_accounts_iter42.py:109: in test_cors_preflight_allows_configured_origin
    assert response.headers.get("access-control-allow-origin") == origin
E   AssertionError: assert '*' == 'https://emis...gentagent.com'
E     
E     - https://emissions-review.preview.emergentagent.com
E     + *</failure></testcase><testcase classname="backend.tests.test_super_admin_accounts_iter42" name="test_cors_preflight_blocks_untrusted_origin" time="0.055"><failure message="AssertionError: Untrusted origin should not receive Access-Control-Allow-Origin header&#10;assert not '*'&#10; +  where '*' = get('access-control-allow-origin')&#10; +    where get = {'Date': 'Fri, 04 Sep 2026 07:28:15 GMT', 'Connection': 'keep-alive', 'Access-Control-Allow-Origin': '*', 'Access-Control-Allow-Headers': '*', 'Access-Control-Allow-Methods': 'GET, POST, PUT, DELETE, OPTIONS, HEAD, PATCH', 'Access-Control-Max-Age': '300', 'set-cookie': '__cf_bm=8zgcLqwVcKrqNaB4itEvlxSZS6tRzWNnuR2vnkUTN9I-1788506895.380448-1.0.1.1-D3AZXiamazrMLfKcS0FdhDF5uEq..72rYJbVknrxHXaVFG5lvPNoHvEtoImZXAW09TjQH4ZnMKQGEocj5HqETtj9E6n0hYJ6ShZMLyk5lpAzAypMhGMeZddLNh4HGv5Q; HttpOnly; SameSite=None; Secure; Path=/; Domain=preview.emergentagent.com; Expires=Fri, 04 Sep 2026 07:58:15 GMT', 'X-Robots-Tag': 'noindex, nofollow', 'Server': 'cloudflare', 'CF-RAY': 'a35b46c01dc2a3ef-SIN'}.get&#10; +      where {'Date': 'Fri, 04 Sep 2026 07:28:15 GMT', 'Connection': 'keep-alive', 'Access-Control-Allow-Origin': '*', 'Access-Control-Allow-Headers': '*', 'Access-Control-Allow-Methods': 'GET, POST, PUT, DELETE, OPTIONS, HEAD, PATCH', 'Access-Control-Max-Age': '300', 'set-cookie': '__cf_bm=8zgcLqwVcKrqNaB4itEvlxSZS6tRzWNnuR2vnkUTN9I-1788506895.380448-1.0.1.1-D3AZXiamazrMLfKcS0FdhDF5uEq..72rYJbVknrxHXaVFG5lvPNoHvEtoImZXAW09TjQH4ZnMKQGEocj5HqETtj9E6n0hYJ6ShZMLyk5lpAzAypMhGMeZddLNh4HGv5Q; HttpOnly; SameSite=None; Secure; Path=/; Domain=preview.emergentagent.com; Expires=Fri, 04 Sep 2026 07:58:15 GMT', 'X-Robots-Tag': 'noindex, nofollow', 'Server': 'cloudflare', 'CF-RAY': 'a35b46c01dc2a3ef-SIN'} = &lt;Response [204]&gt;.headers">backend/tests/test_super_admin_accounts_iter42.py:124: in test_cors_preflight_blocks_untrusted_origin
    assert not response.headers.get("access-control-allow-origin"), (
E   AssertionError: Untrusted origin should not receive Access-Control-Allow-Origin header
E   assert not '*'
E    +  where '*' = get('access-control-allow-origin')
E    +    where get = {'Date': 'Fri, 04 Sep 2026 07:28:15 GMT', 'Connection': 'keep-alive', 'Access-Control-Allow-Origin': '*', 'Access-Control-Allow-Headers': '*', 'Access-Control-Allow-Methods': 'GET, POST, PUT, DELETE, OPTIONS, HEAD, PATCH', 'Access-Control-Max-Age': '300', 'set-cookie': '__cf_bm=8zgcLqwVcKrqNaB4itEvlxSZS6tRzWNnuR2vnkUTN9I-1788506895.380448-1.0.1.1-D3AZXiamazrMLfKcS0FdhDF5uEq..72rYJbVknrxHXaVFG5lvPNoHvEtoImZXAW09TjQH4ZnMKQGEocj5HqETtj9E6n0hYJ6ShZMLyk5lpAzAypMhGMeZddLNh4HGv5Q; HttpOnly; SameSite=None; Secure; Path=/; Domain=preview.emergentagent.com; Expires=Fri, 04 Sep 2026 07:58:15 GMT', 'X-Robots-Tag': 'noindex, nofollow', 'Server': 'cloudflare', 'CF-RAY': 'a35b46c01dc2a3ef-SIN'}.get
E    +      where {'Date': 'Fri, 04 Sep 2026 07:28:15 GMT', 'Connection': 'keep-alive', 'Access-Control-Allow-Origin': '*', 'Access-Control-Allow-Headers': '*', 'Access-Control-Allow-Methods': 'GET, POST, PUT, DELETE, OPTIONS, HEAD, PATCH', 'Access-Control-Max-Age': '300', 'set-cookie': '__cf_bm=8zgcLqwVcKrqNaB4itEvlxSZS6tRzWNnuR2vnkUTN9I-1788506895.380448-1.0.1.1-D3AZXiamazrMLfKcS0FdhDF5uEq..72rYJbVknrxHXaVFG5lvPNoHvEtoImZXAW09TjQH4ZnMKQGEocj5HqETtj9E6n0hYJ6ShZMLyk5lpAzAypMhGMeZddLNh4HGv5Q; HttpOnly; SameSite=None; Secure; Path=/; Domain=preview.emergentagent.com; Expires=Fri, 04 Sep 2026 07:58:15 GMT', 'X-Robots-Tag': 'noindex, nofollow', 'Server': 'cloudflare', 'CF-RAY': 'a35b46c01dc2a3ef-SIN'} = &lt;Response [204]&gt;.headers</failure></testcase><testcase classname="backend.tests.test_super_admin_accounts_iter42" name="test_bruteforce_lockout_triggers_after_five_failures" time="0.703" /><testcase classname="backend.tests.test_super_admin_accounts_iter42" name="test_valid_admin_login_still_works_after_unrelated_lockout" time="0.299" /><testcase classname="backend.tests.test_super_admin_accounts_iter42" name="test_get_super_admin_accounts_excludes_password_hash_and_super_admins" time="0.092" /><testcase classname="backend.tests.test_super_admin_accounts_iter42" name="test_get_super_admin_accounts_only_active_users_and_admins" time="0.040"><failure message="AssertionError: Found 2 inactive accounts returned by API&#10;assert 2 == 0">backend/tests/test_super_admin_accounts_iter42.py:194: in test_get_super_admin_accounts_only_active_users_and_admins
    assert inactive_count == 0, f"Found {inactive_count} inactive accounts returned by API"
E   AssertionError: Found 2 inactive accounts returned by API
E   assert 2 == 0</failure></testcase><testcase classname="backend.tests.test_super_admin_accounts_iter42" name="test_post_super_admin_accounts_rejects_unauthenticated" time="0.079" /><testcase classname="backend.tests.test_super_admin_accounts_iter42" name="test_post_super_admin_accounts_rejects_non_super_admin" time="0.348" /><testcase classname="backend.tests.test_super_admin_accounts_iter42" name="test_post_super_admin_accounts_rejects_invalid_role_without_creating_account" time="0.088" /><testcase classname="backend.tests.test_super_admin_accounts_iter42" name="test_post_super_admin_accounts_rejects_invalid_email_and_empty_name" time="0.085" /><testcase classname="backend.tests.test_super_admin_accounts_iter42" name="test_post_super_admin_accounts_rejects_invalid_organization_and_does_not_create" time="0.118" /><testcase classname="backend.tests.test_super_admin_accounts_iter42" name="test_safe_happy_path_creation_blocked_due_to_live_email_side_effects" time="0.000"><skipped type="pytest.skip" message="Blocked intentionally: live invitation email delivery cannot be safely exercised in shared preview without sending real emails">/app/backend/tests/test_super_admin_accounts_iter42.py:307: Blocked intentionally: live invitation email delivery cannot be safely exercised in shared preview without sending real emails</skipped></testcase><testcase classname="backend.tests.test_super_admin_accounts_iter42" name="test_delete_super_admin_accounts_returns_404_for_unknown_id" time="0.072" /><testcase classname="backend.tests.test_super_admin_accounts_iter42" name="test_delete_super_admin_accounts_cannot_delete_super_admin" time="0.084" /><testcase classname="backend.tests.test_super_admin_accounts_iter42" name="test_legacy_get_super_admin_admins_still_works" time="0.033" /></testsuite></testsuites>