<?xml version="1.0" encoding="utf-8"?><testsuites name="pytest tests"><testsuite name="pytest" errors="0" failures="1" skipped="3" tests="9" time="9.555" timestamp="2026-04-29T13:05:29.362822+00:00" hostname="agent-env-e4a9fdd2-fb38-4215-b637-e6b5443db410"><testcase classname="backend.tests.test_bulk_upload_scope3.TestTemplate" name="test_download_template" time="2.453" /><testcase classname="backend.tests.test_bulk_upload_scope3.TestValidate" name="test_validate_mixed_rows" time="3.818"><failure message="assert 0 &gt;= 2">backend/tests/test_bulk_upload_scope3.py:146: in test_validate_mixed_rows
    assert data["summary"]["valid_rows"] &gt;= 2
E   assert 0 &gt;= 2</failure></testcase><testcase classname="backend.tests.test_bulk_upload_scope3.TestValidate" name="test_reject_non_xlsx" time="0.741" /><testcase classname="backend.tests.test_bulk_upload_scope3.TestSave" name="test_save_valid_rows" time="0.000"><skipped type="pytest.skip" message="No upload_id from validate test">/app/backend/tests/test_bulk_upload_scope3.py:193: No upload_id from validate test</skipped></testcase><testcase classname="backend.tests.test_bulk_upload_scope3.TestSave" name="test_save_idempotent_blocked" time="0.000"><skipped type="pytest.skip" message="Skipped">/app/backend/tests/test_bulk_upload_scope3.py:203: Skipped</skipped></testcase><testcase classname="backend.tests.test_bulk_upload_scope3.TestErrorReport" name="test_download_error_report" time="0.000"><skipped type="pytest.skip" message="Skipped">/app/backend/tests/test_bulk_upload_scope3.py:213: Skipped</skipped></testcase><testcase classname="backend.tests.test_bulk_upload_scope3.TestErrorReport" name="test_error_report_404" time="0.765" /><testcase classname="backend.tests.test_bulk_upload_scope3.TestSessions" name="test_list_sessions" time="0.751" /><testcase classname="backend.tests.test_bulk_upload_scope3.TestAuth" name="test_template_unauth" time="0.735" /></testsuite></testsuites>