<?xml version="1.0" encoding="utf-8"?><testsuites name="pytest tests"><testsuite name="pytest" errors="0" failures="0" skipped="0" tests="42" time="2.438" timestamp="2026-08-28T16:29:51.051266+00:00" hostname="agent-env-d029252d-aab9-4902-ae4c-26f22eabfc17"><testcase classname="backend.tests.test_supplier_questionnaire_facade_split_iter30" name="test_facade_questionnaire_methods_bound_to_questionnaire_service_module" time="0.000" /><testcase classname="backend.tests.test_supplier_questionnaire_facade_split_iter30" name="test_facade_get_questionnaires_smoke_binds_database_to_questionnaire_module" time="0.001" /><testcase classname="backend.tests.test_supplier_data_verification" name="test_esg_final_submission_requires_verified_data_acknowledgement" time="0.000" /><testcase classname="backend.tests.test_supplier_data_verification" name="test_esg_draft_does_not_require_verified_data_acknowledgement" time="0.000" /><testcase classname="backend.tests.test_supplier_data_verification" name="test_esg_final_submission_accepts_verified_data_acknowledgement" time="0.000" /><testcase classname="backend.tests.test_supplier_data_verification" name="test_ghg_submission_contract_only_accepts_verified_data" time="0.000" /><testcase classname="backend.tests.test_supplier_data_verification" name="test_ghg_service_rejects_unverified_submission_before_database_access" time="0.001" /><testcase classname="backend.tests.test_supplier_data_verification" name="test_ghg_submission_contract_rejects_missing_data_verified_field" time="0.000" /><testcase classname="backend.tests.test_supplier_data_verification" name="test_esg_final_submission_rejects_missing_data_verified_flag" time="0.000" /><testcase classname="backend.tests.test_supplier_data_verification" name="test_esg_final_submission_sets_data_verification_audit_fields" time="0.001" /><testcase classname="backend.tests.test_supplier_data_verification" name="test_ghg_final_submission_sets_data_verification_audit_fields" time="0.001" /><testcase classname="backend.tests.test_supplier_assessment_phase1" name="test_supplier_assessment_configuration_supports_future_schema_without_modules" time="0.000" /><testcase classname="backend.tests.test_supplier_assessment_phase1" name="test_supplier_assessment_configuration_supports_registered_workflow_labels" time="0.000" /><testcase classname="backend.tests.test_supplier_assessment_phase1" name="test_registry_serializes_enabled_module_labels_for_supplier_screens" time="0.000" /><testcase classname="backend.tests.test_supplier_assessment_phase1" name="test_registry_registers_only_phase_one_adapters" time="0.000" /><testcase classname="backend.tests.test_supplier_assessment_phase1" name="test_esg_and_ghg_adapters_match_existing_completion_rules" time="0.001" /><testcase classname="backend.tests.test_supplier_assessment_phase1" name="test_program_revision_binding_reuses_same_config_and_versions_changes" time="0.001" /><testcase classname="backend.tests.test_supplier_assessment_phase1" name="test_legacy_relationship_uses_explicit_compatibility_context" time="0.001" /><testcase classname="backend.tests.test_supplier_assessment_phase1" name="test_completion_facade_preserves_legacy_weighted_result" time="0.001" /><testcase classname="backend.tests.test_supplier_assessment_phase1" name="test_document_acceptance_is_versioned_and_contributes_to_completion" time="0.001" /><testcase classname="backend.tests.test_supplier_assessment_phase1" name="test_document_version_numbers_increment_per_agreement_lineage" time="0.001" /><testcase classname="backend.tests.test_supplier_training_focused" name="test_create_training_requires_title" time="0.000" /><testcase classname="backend.tests.test_supplier_training_focused" name="test_create_training_always_stores_a_100_percent_threshold" time="0.026" /><testcase classname="backend.tests.test_supplier_training_focused" name="test_page_consumption_events_control_progress" time="0.001" /><testcase classname="backend.tests.test_supplier_training_focused" name="test_create_training_rejects_unsupported_content_type" time="0.001" /><testcase classname="backend.tests.test_supplier_training_focused" name="test_supported_training_mime_types_include_requested_formats" time="0.000" /><testcase classname="backend.tests.test_supplier_training_focused" name="test_update_progress_status_lifecycle_and_version_id_immutable" time="0.001" /><testcase classname="backend.tests.test_supplier_training_focused" name="test_training_sync_never_reactivates_historical_assignments" time="0.001" /><testcase classname="backend.tests.test_supplier_training_focused" name="test_training_module_completion_empty_and_completed_paths" time="0.000" /><testcase classname="backend.tests.test_supplier_documents_p0" name="test_publish_keeps_immutable_metadata_and_versions_per_lineage" time="0.001" /><testcase classname="backend.tests.test_supplier_documents_p0" name="test_supplier_isolation_multiple_acceptances_and_immutable_acceptance" time="0.001" /><testcase classname="backend.tests.test_supplier_documents_p0" name="test_status_response_is_version_bound_and_satisfies_document_completion" time="0.001" /><testcase classname="backend.tests.test_supplier_documents_p0" name="test_selected_document_cannot_be_seen_by_an_unselected_supplier" time="0.000" /><testcase classname="backend.tests.test_supplier_documents_p0" name="test_explicit_document_remains_available_after_later_program_revision" time="0.000" /><testcase classname="backend.tests.test_supplier_documents_p0" name="test_document_selection_sync_centralizes_relationship_assignments" time="0.000" /><testcase classname="backend.tests.test_supplier_documents_p0" name="test_document_api_exposes_only_the_audit_safe_delete_mutation_route" time="0.000" /><testcase classname="backend.tests.test_supplier_ranking_payload_regression_iter28" name="test_rankings_payload_excludes_legacy_emissions_fields" time="1.244" /><testcase classname="backend.tests.test_supplier_ranking_payload_regression_iter28" name="test_emissions_all_endpoint_available_for_current_period" time="0.521" /><testcase classname="backend.tests.test_supplier_revenue_requirements" name="test_revenue_percentage_is_always_required" time="0.000" /><testcase classname="backend.tests.test_supplier_revenue_requirements" name="test_annual_revenue_amount_remains_optional_in_update_contract" time="0.000" /><testcase classname="backend.tests.test_supplier_revenue_requirements" name="test_optional_annual_amount_does_not_block_submission" time="0.001" /><testcase classname="backend.tests.test_supplier_revenue_requirements" name="test_required_annual_amount_blocks_submission_when_missing" time="0.001" /></testsuite></testsuites>