<?xml version="1.0" encoding="utf-8"?><testsuites name="pytest tests"><testsuite name="pytest" errors="0" failures="0" skipped="0" tests="17" time="4.336" timestamp="2026-02-17T06:40:08.850632+00:00" hostname="agent-env-76986163-1452-4ae3-b93c-8dce56ef8435"><testcase classname="tests.test_super_admin_features.TestSuperAdminDashboard" name="test_dashboard_returns_total_admins_and_users" time="0.737" /><testcase classname="tests.test_super_admin_features.TestSuperAdminDashboard" name="test_dashboard_org_has_is_active_field" time="0.127" /><testcase classname="tests.test_super_admin_features.TestDeleteAdminEndpoint" name="test_get_all_admins_returns_list" time="0.121" /><testcase classname="tests.test_super_admin_features.TestDeleteAdminEndpoint" name="test_delete_admin_nonexistent" time="0.224" /><testcase classname="tests.test_super_admin_features.TestDeleteAdminEndpoint" name="test_delete_admin_endpoint_exists" time="0.081" /><testcase classname="tests.test_super_admin_features.TestOrganizationDeactivateReactivate" name="test_reactivate_endpoint_exists" time="0.201" /><testcase classname="tests.test_super_admin_features.TestOrganizationDeactivateReactivate" name="test_deactivate_sets_is_active_false" time="0.072" /><testcase classname="tests.test_super_admin_features.TestSectorsEndpoint" name="test_get_sectors_returns_list" time="0.074" /><testcase classname="tests.test_super_admin_features.TestSectorsEndpoint" name="test_default_sectors_present" time="0.132" /><testcase classname="tests.test_super_admin_features.TestSectorsEndpoint" name="test_create_sector_super_admin_only" time="0.280" /><testcase classname="tests.test_super_admin_features.TestSectorsEndpoint" name="test_sectors_accessible_by_admin" time="0.403" /><testcase classname="tests.test_super_admin_features.TestCalculationFormulasConversionRules" name="test_create_formula_with_conversion_rules" time="0.289" /><testcase classname="tests.test_super_admin_features.TestCalculationFormulasConversionRules" name="test_get_formula_returns_conversion_rules" time="0.191" /><testcase classname="tests.test_super_admin_features.TestLoginBlockedForDeactivatedOrg" name="test_login_returns_403_for_inactive_org_error_message" time="0.727" /><testcase classname="tests.test_super_admin_features.TestLoginBlockedForDeactivatedOrg" name="test_login_endpoint_checks_org_status" time="0.072" /><testcase classname="tests.test_super_admin_features.TestFacilitySectorDropdown" name="test_sectors_endpoint_accessible_for_facility_form" time="0.406" /><testcase classname="tests.test_super_admin_features.TestFacilitySectorDropdown" name="test_facility_accepts_sector_from_api" time="0.080" /></testsuite></testsuites>