<?xml version="1.0" encoding="utf-8"?><testsuites name="pytest tests"><testsuite name="pytest" errors="0" failures="0" skipped="0" tests="11" time="5.147" timestamp="2026-03-22T06:59:12.396020+00:00" hostname="agent-env-95bd9a10-4077-45b7-a763-6b011e7d92a7"><testcase classname="backend.tests.test_file_upload_fixes.TestFileUploadFixes" name="test_super_admin_can_upload_to_superadmin_bucket" time="1.256" /><testcase classname="backend.tests.test_file_upload_fixes.TestFileUploadFixes" name="test_admin_cannot_upload_to_superadmin_bucket" time="0.404" /><testcase classname="backend.tests.test_file_upload_fixes.TestFileUploadFixes" name="test_admin_can_upload_to_org_facility_bucket" time="0.708" /><testcase classname="backend.tests.test_file_upload_fixes.TestFileUploadFixes" name="test_excel_xlsx_file_upload" time="0.639" /><testcase classname="backend.tests.test_file_upload_fixes.TestFileUploadFixes" name="test_excel_xls_file_upload" time="0.216" /><testcase classname="backend.tests.test_file_upload_fixes.TestFileUploadFixes" name="test_file_download_endpoint_exists" time="0.248" /><testcase classname="backend.tests.test_file_upload_fixes.TestFileUploadFixes" name="test_file_view_endpoint_exists" time="0.258" /><testcase classname="backend.tests.test_file_upload_fixes.TestFileUploadFixes" name="test_file_deletion_works" time="0.389" /><testcase classname="backend.tests.test_file_upload_fixes.TestFileUploadFixes" name="test_upload_endpoint_validates_bucket_type" time="0.075" /><testcase classname="backend.tests.test_file_upload_fixes.TestFileUploadFixes" name="test_original_filename_preserved" time="0.246" /><testcase classname="backend.tests.test_file_upload_fixes.TestFileSizeLimits" name="test_file_under_5mb_accepted" time="0.648" /></testsuite></testsuites>