<?xml version="1.0" encoding="utf-8"?><testsuites name="pytest tests"><testsuite name="pytest" errors="0" failures="0" skipped="0" tests="7" time="2.366" timestamp="2026-05-08T05:31:04.511939+00:00" hostname="agent-env-987397bb-55cd-4d94-afd7-25e41d3241bf"><testcase classname="backend.tests.test_c7_monthly_and_history.TestC7MonthlyEndpoints" name="test_create_c7_monthly_entry" time="1.466" /><testcase classname="backend.tests.test_c7_monthly_and_history.TestC7MonthlyEndpoints" name="test_get_yearly_summary" time="0.094" /><testcase classname="backend.tests.test_c7_monthly_and_history.TestC7MonthlyEndpoints" name="test_get_specific_month_entry" time="0.110" /><testcase classname="backend.tests.test_c7_monthly_and_history.TestC7MonthlyEndpoints" name="test_get_specific_month_404" time="0.098" /><testcase classname="backend.tests.test_c7_monthly_and_history.TestC7MonthlyEndpoints" name="test_unauthorized_facility_403" time="0.128" /><testcase classname="backend.tests.test_c7_monthly_and_history.TestC7VersionHistory" name="test_update_creates_field_changes" time="0.141" /><testcase classname="backend.tests.test_c7_monthly_and_history.TestC7VersionHistory" name="test_history_endpoint_returns_field_changes" time="0.258" /></testsuite></testsuites>