<?xml version="1.0" encoding="utf-8"?><testsuites name="pytest tests"><testsuite name="pytest" errors="0" failures="0" skipped="0" tests="10" time="0.099" timestamp="2026-09-11T13:02:03.157223+00:00" hostname="agent-env-4fb27c59-d114-4163-afd7-cabc844474d2"><testcase classname="backend.tests.test_c6_monthly_canonical_object_limits_iter46" name="test_april_2025_rejects_canonical_objects_above_30[qty_days_travelled-30-31]" time="0.001" /><testcase classname="backend.tests.test_c6_monthly_canonical_object_limits_iter46" name="test_april_2025_rejects_canonical_objects_above_30[nights_stayed-30-31]" time="0.000" /><testcase classname="backend.tests.test_c6_monthly_canonical_object_limits_iter46" name="test_april_2025_rejects_canonical_objects_above_30[qty_nights-30-31]" time="0.000" /><testcase classname="backend.tests.test_c6_monthly_canonical_object_limits_iter46" name="test_month_boundaries_for_canonical_objects[2025-04-qty_days_travelled-30-31-30]" time="0.000" /><testcase classname="backend.tests.test_c6_monthly_canonical_object_limits_iter46" name="test_month_boundaries_for_canonical_objects[2025-04-nights_stayed-30-31-30]" time="0.000" /><testcase classname="backend.tests.test_c6_monthly_canonical_object_limits_iter46" name="test_month_boundaries_for_canonical_objects[2024-02-qty_days_travelled-29-30-29]" time="0.001" /><testcase classname="backend.tests.test_c6_monthly_canonical_object_limits_iter46" name="test_month_boundaries_for_canonical_objects[2024-02-nights_stayed-29-30-29]" time="0.000" /><testcase classname="backend.tests.test_c6_monthly_canonical_object_limits_iter46" name="test_month_boundaries_for_canonical_objects[2025-02-qty_days_travelled-28-29-28]" time="0.000" /><testcase classname="backend.tests.test_c6_monthly_canonical_object_limits_iter46" name="test_month_boundaries_for_canonical_objects[2025-02-nights_stayed-28-29-28]" time="0.000" /><testcase classname="backend.tests.test_c6_monthly_canonical_object_limits_iter46" name="test_rejects_non_numeric_canonical_object_value" time="0.000" /></testsuite></testsuites>