<?xml version="1.0" encoding="utf-8"?><testsuites name="pytest tests"><testsuite name="pytest" errors="0" failures="1" skipped="0" tests="6" time="2.555" timestamp="2026-08-31T11:25:07.090396+00:00" hostname="agent-env-d029252d-aab9-4902-ae4c-26f22eabfc17"><testcase classname="backend.tests.test_supplier_ranking_email_and_auth_iter37" name="test_contact_confirmation_email_template_contains_required_content" time="0.000" /><testcase classname="backend.tests.test_supplier_ranking_email_and_auth_iter37" name="test_rankings_returns_supported_document_and_training_status_values" time="1.252" /><testcase classname="backend.tests.test_supplier_ranking_email_and_auth_iter37" name="test_rankings_includes_requirement_status_data_when_assignments_exist" time="0.033" /><testcase classname="backend.tests.test_supplier_ranking_email_and_auth_iter37" name="test_login_sets_token_and_http_only_cookie" time="0.317" /><testcase classname="backend.tests.test_supplier_ranking_email_and_auth_iter37" name="test_login_cors_allows_configured_origin_and_rejects_untrusted_origin" time="0.052"><failure message="AssertionError: assert '*' == 'https://ghg-...gentagent.com'&#10;  &#10;  - https://ghg-reporting-hub.preview.emergentagent.com&#10;  + *">backend/tests/test_supplier_ranking_email_and_auth_iter37.py:173: in test_login_cors_allows_configured_origin_and_rejects_untrusted_origin
    assert trusted_response.headers.get("Access-Control-Allow-Origin") == trusted_origin
E   AssertionError: assert '*' == 'https://ghg-...gentagent.com'
E     
E     - https://ghg-reporting-hub.preview.emergentagent.com
E     + *</failure></testcase><testcase classname="backend.tests.test_supplier_ranking_email_and_auth_iter37" name="test_bruteforce_lockout_after_five_invalid_attempts" time="0.535" /></testsuite></testsuites>