<?xml version="1.0" encoding="utf-8"?><testsuites name="pytest tests"><testsuite name="pytest" errors="0" failures="0" skipped="0" tests="6" time="5.999" timestamp="2026-04-21T12:23:52.055330+00:00" hostname="agent-env-e799a4c9-81e0-4a24-8f4c-6d9545e03869"><testcase classname="backend.tests.test_audit_log_emissions.TestAuditLogEndpoint" name="test_endpoint_requires_auth" time="1.056" /><testcase classname="backend.tests.test_audit_log_emissions.TestAuditLogEndpoint" name="test_audit_log_231_kl" time="1.869" /><testcase classname="backend.tests.test_audit_log_emissions.TestAuditLogEndpoint" name="test_audit_log_1000_kg" time="0.758" /><testcase classname="backend.tests.test_audit_log_emissions.TestAuditLogEndpoint" name="test_audit_log_bogus_id_returns_empty" time="0.732" /><testcase classname="backend.tests.test_audit_log_emissions.TestAuditLogEndpoint" name="test_audit_log_response_no_mongo_id" time="0.727" /><testcase classname="backend.tests.test_audit_log_emissions.TestAuditLogEndpoint" name="test_old_path_not_used" time="0.801" /></testsuite></testsuites>