<?xml version="1.0" encoding="utf-8"?><testsuites name="pytest tests"><testsuite name="pytest" errors="0" failures="0" skipped="0" tests="8" time="2.907" timestamp="2026-09-04T11:35:56.641922+00:00" hostname="agent-env-4fb27c59-d114-4163-afd7-cabc844474d2"><testcase classname="backend.tests.test_calc_engine_versioning_live_iter45" name="test_form_config_returns_decision_tree_and_formula_versions" time="1.482" /><testcase classname="backend.tests.test_calc_engine_versioning_live_iter45" name="test_pinned_form_config_resolves_historical_versions" time="0.099" /><testcase classname="backend.tests.test_calc_engine_versioning_live_iter45" name="test_execute_by_category_returns_resolved_versions_and_snapshot" time="0.114" /><testcase classname="backend.tests.test_calc_engine_versioning_live_iter45" name="test_generic_emission_create_persists_version_refs" time="0.101" /><testcase classname="backend.tests.test_calc_engine_versioning_live_iter45" name="test_versioned_emission_edit_rejects_switch_to_newer_versions" time="0.093" /><testcase classname="backend.tests.test_calc_engine_versioning_live_iter45" name="test_unversioned_emission_update_remains_unversioned" time="0.116" /><testcase classname="backend.tests.test_calc_engine_versioning_live_iter45" name="test_formula_update_appends_formula_and_linked_tree_versions" time="0.166" /><testcase classname="backend.tests.test_calc_engine_versioning_live_iter45" name="test_c7_create_persists_versions_and_edit_stays_pinned" time="0.645" /></testsuite></testsuites>