<?xml version="1.0" encoding="utf-8"?><testsuites name="pytest tests"><testsuite name="pytest" errors="0" failures="0" skipped="0" tests="11" time="2.953" timestamp="2026-02-20T07:28:53.119039+00:00" hostname="agent-env-44ae9269-9e14-48f9-9f81-fd5b21df060d"><testcase classname="backend.tests.test_emission_admin_features.TestFuelDatabaseAPI" name="test_get_fuel_database" time="0.653" /><testcase classname="backend.tests.test_emission_admin_features.TestFuelDatabaseAPI" name="test_fuels_have_categories" time="0.073" /><testcase classname="backend.tests.test_emission_admin_features.TestFuelDatabaseAPI" name="test_fuels_have_emission_factors" time="0.124" /><testcase classname="backend.tests.test_emission_admin_features.TestFormulaDefinitionsAPI" name="test_get_formula_definitions" time="0.094" /><testcase classname="backend.tests.test_emission_admin_features.TestFormulaDefinitionsAPI" name="test_formula_has_components" time="0.195" /><testcase classname="backend.tests.test_emission_admin_features.TestEmissionsCRUD" name="test_get_facilities" time="0.101" /><testcase classname="backend.tests.test_emission_admin_features.TestEmissionsCRUD" name="test_create_and_delete_emission" time="0.616" /><testcase classname="backend.tests.test_emission_admin_features.TestEmissionsCRUD" name="test_delete_nonexistent_emission_returns_404" time="0.254" /><testcase classname="backend.tests.test_emission_admin_features.TestQuantityUnitsSupport" name="test_emission_response_has_unit_field" time="0.220" /><testcase classname="backend.tests.test_emission_admin_features.TestQuantityUnitsSupport" name="test_create_emission_with_unit" time="0.411" /><testcase classname="backend.tests.test_emission_admin_features.TestCalculatedEmissions" name="test_emission_has_gas_breakdown" time="0.095" /></testsuite></testsuites>