<?xml version="1.0" encoding="utf-8"?><testsuites name="pytest tests"><testsuite name="pytest" errors="0" failures="0" skipped="0" tests="2" time="1.862" timestamp="2026-08-28T16:11:55.063159+00:00" hostname="agent-env-d029252d-aab9-4902-ae4c-26f22eabfc17"><testcase classname="backend.tests.test_supplier_ranking_payload_regression_iter28" name="test_rankings_payload_excludes_legacy_emissions_fields" time="1.719" /><testcase classname="backend.tests.test_supplier_ranking_payload_regression_iter28" name="test_emissions_all_endpoint_available_for_current_period" time="0.081" /></testsuite></testsuites>