<?xml version="1.0" encoding="utf-8"?><testsuites name="pytest tests"><testsuite name="pytest" errors="0" failures="1" skipped="0" tests="5" time="5.376" timestamp="2026-08-27T09:44:10.102630+00:00" hostname="agent-env-d029252d-aab9-4902-ae4c-26f22eabfc17"><testcase classname="backend.tests.test_supplier_assessment_evidence_visibility_iter24" name="test_01_parent_ghg_evidence_endpoint_auth_and_shape" time="2.539" /><testcase classname="backend.tests.test_supplier_assessment_evidence_visibility_iter24" name="test_02_supplier_assigned_questionnaire_exposes_evidence_requirement" time="0.282" /><testcase classname="backend.tests.test_supplier_assessment_evidence_visibility_iter24" name="test_03_question_create_rejects_invalid_evidence_requirement" time="0.109" /><testcase classname="backend.tests.test_supplier_assessment_evidence_visibility_iter24" name="test_04_final_submit_requires_required_question_evidence" time="0.244"><failure message="AssertionError: Internal Server Error&#10;assert 500 == 400&#10; +  where 500 = &lt;Response [500]&gt;.status_code">backend/tests/test_supplier_assessment_evidence_visibility_iter24.py:277: in test_04_final_submit_requires_required_question_evidence
    assert final_without_evidence.status_code == 400, final_without_evidence.text[:400]
E   AssertionError: Internal Server Error
E   assert 500 == 400
E    +  where 500 = &lt;Response [500]&gt;.status_code</failure></testcase><testcase classname="backend.tests.test_supplier_assessment_evidence_visibility_iter24" name="test_05_question_evidence_preview_download_visibility_and_linkage" time="2.103" /></testsuite></testsuites>