<?xml version="1.0" encoding="utf-8"?><testsuites name="pytest tests"><testsuite name="pytest" errors="0" failures="0" skipped="2" tests="7" time="2.816" timestamp="2026-08-23T07:56:54.352594+00:00" hostname="agent-env-bc6c8c78-c2f9-49f7-b927-13dcb3706248"><testcase classname="backend.tests.test_supplier_assessment_immutable_unlock_iter9" name="test_admin_and_supplier_login_work" time="1.608" /><testcase classname="backend.tests.test_supplier_assessment_immutable_unlock_iter9" name="test_ghg_submission_state_and_parent_view_contract" time="0.226" /><testcase classname="backend.tests.test_supplier_assessment_immutable_unlock_iter9" name="test_esg_submitted_response_rejects_supplier_edit_attempt" time="0.156" /><testcase classname="backend.tests.test_supplier_assessment_immutable_unlock_iter9" name="test_admin_esg_unlock_auth_and_non_submitted_no_mutation" time="0.073"><skipped type="pytest.skip" message="No in-progress questionnaire available to validate non-submitted unlock no-op">/app/backend/tests/test_supplier_assessment_immutable_unlock_iter9.py:193: No in-progress questionnaire available to validate non-submitted unlock no-op</skipped></testcase><testcase classname="backend.tests.test_supplier_assessment_immutable_unlock_iter9" name="test_submitted_document_response_rejects_supplier_change" time="0.111"><skipped type="pytest.skip" message="No submitted STATUS-mode document found to test immutability">/app/backend/tests/test_supplier_assessment_immutable_unlock_iter9.py:250: No submitted STATUS-mode document found to test immutability</skipped></testcase><testcase classname="backend.tests.test_supplier_assessment_immutable_unlock_iter9" name="test_admin_document_unlock_auth_and_requires_eligible_submission" time="0.290" /><testcase classname="backend.tests.test_supplier_assessment_immutable_unlock_iter9" name="test_admin_ghg_unlock_auth_and_requires_real_submitted_dataset" time="0.268" /></testsuite></testsuites>