<?xml version="1.0" encoding="utf-8"?><testsuites name="pytest tests"><testsuite name="pytest" errors="0" failures="0" skipped="0" tests="17" time="0.582" timestamp="2026-08-30T06:02:56.832795+00:00" hostname="agent-env-d029252d-aab9-4902-ae4c-26f22eabfc17"><testcase classname="backend.tests.test_supplier_documents_p0" name="test_publish_keeps_immutable_metadata_and_versions_per_lineage" time="0.001" /><testcase classname="backend.tests.test_supplier_documents_p0" name="test_supplier_isolation_multiple_acceptances_and_immutable_acceptance" time="0.001" /><testcase classname="backend.tests.test_supplier_documents_p0" name="test_status_response_is_version_bound_and_satisfies_document_completion" time="0.001" /><testcase classname="backend.tests.test_supplier_documents_p0" name="test_selected_document_cannot_be_seen_by_an_unselected_supplier" time="0.001" /><testcase classname="backend.tests.test_supplier_documents_p0" name="test_explicit_document_remains_available_after_later_program_revision" time="0.001" /><testcase classname="backend.tests.test_supplier_documents_p0" name="test_document_selection_sync_centralizes_relationship_assignments" time="0.001" /><testcase classname="backend.tests.test_supplier_documents_p0" name="test_document_api_exposes_only_the_audit_safe_delete_mutation_route" time="0.000" /><testcase classname="backend.tests.test_supplier_assessment_phase1" name="test_supplier_assessment_configuration_supports_future_schema_without_modules" time="0.000" /><testcase classname="backend.tests.test_supplier_assessment_phase1" name="test_supplier_assessment_configuration_supports_registered_workflow_labels" time="0.000" /><testcase classname="backend.tests.test_supplier_assessment_phase1" name="test_registry_serializes_enabled_module_labels_for_supplier_screens" time="0.000" /><testcase classname="backend.tests.test_supplier_assessment_phase1" name="test_registry_registers_only_phase_one_adapters" time="0.000" /><testcase classname="backend.tests.test_supplier_assessment_phase1" name="test_esg_and_ghg_adapters_match_existing_completion_rules" time="0.001" /><testcase classname="backend.tests.test_supplier_assessment_phase1" name="test_program_revision_binding_reuses_same_config_and_versions_changes" time="0.001" /><testcase classname="backend.tests.test_supplier_assessment_phase1" name="test_legacy_relationship_uses_explicit_compatibility_context" time="0.000" /><testcase classname="backend.tests.test_supplier_assessment_phase1" name="test_completion_facade_preserves_legacy_weighted_result" time="0.001" /><testcase classname="backend.tests.test_supplier_assessment_phase1" name="test_document_acceptance_is_versioned_and_contributes_to_completion" time="0.001" /><testcase classname="backend.tests.test_supplier_assessment_phase1" name="test_document_version_numbers_increment_per_agreement_lineage" time="0.001" /></testsuite></testsuites>