<?xml version="1.0" encoding="utf-8"?><testsuites name="pytest tests"><testsuite name="pytest" errors="0" failures="0" skipped="0" tests="21" time="5.373" timestamp="2026-02-13T11:25:12.568529+00:00" hostname="agent-env-a0f4201f-d11b-47bf-a81e-bf80688b8177"><testcase classname="backend.tests.test_file_upload.TestFileUploadEndpoints" name="test_upload_pdf_file" time="1.202" /><testcase classname="backend.tests.test_file_upload.TestFileUploadEndpoints" name="test_upload_jpeg_image" time="0.084" /><testcase classname="backend.tests.test_file_upload.TestFileUploadEndpoints" name="test_upload_png_image" time="0.110" /><testcase classname="backend.tests.test_file_upload.TestFileUploadEndpoints" name="test_upload_xlsx_file" time="0.076" /><testcase classname="backend.tests.test_file_upload.TestFileUploadEndpoints" name="test_upload_csv_file" time="0.080" /><testcase classname="backend.tests.test_file_upload.TestFileUploadEndpoints" name="test_upload_docx_file" time="0.092" /><testcase classname="backend.tests.test_file_upload.TestFileUploadEndpoints" name="test_upload_invalid_file_type_exe" time="0.147" /><testcase classname="backend.tests.test_file_upload.TestFileUploadEndpoints" name="test_upload_invalid_file_type_html" time="0.093" /><testcase classname="backend.tests.test_file_upload.TestFileUploadEndpoints" name="test_upload_invalid_file_type_js" time="0.117" /><testcase classname="backend.tests.test_file_upload.TestFileUploadEndpoints" name="test_upload_file_size_limit" time="0.605" /><testcase classname="backend.tests.test_file_upload.TestFileUploadEndpoints" name="test_download_uploaded_file" time="0.328" /><testcase classname="backend.tests.test_file_upload.TestFileUploadEndpoints" name="test_download_nonexistent_file" time="0.065" /><testcase classname="backend.tests.test_file_upload.TestFileUploadEndpoints" name="test_list_files" time="0.156" /><testcase classname="backend.tests.test_file_upload.TestFileUploadEndpoints" name="test_delete_file" time="0.546" /><testcase classname="backend.tests.test_file_upload.TestFileUploadEndpoints" name="test_delete_nonexistent_file" time="0.096" /><testcase classname="backend.tests.test_file_upload.TestFileUploadEndpoints" name="test_upload_without_auth" time="0.160" /><testcase classname="backend.tests.test_file_upload.TestFileUploadEndpoints" name="test_download_without_auth" time="0.099" /><testcase classname="backend.tests.test_file_upload.TestFileUploadEndpoints" name="test_list_files_without_auth" time="0.130" /><testcase classname="backend.tests.test_file_upload.TestFileUploadEndpoints" name="test_delete_without_auth" time="0.069" /><testcase classname="backend.tests.test_file_upload.TestEmissionsWithEvidence" name="test_create_emission_with_evidence_url" time="0.803" /><testcase classname="backend.tests.test_file_upload.TestEmissionsWithEvidence" name="test_get_emissions_includes_evidence_url" time="0.131" /></testsuite></testsuites>