<?xml version="1.0" encoding="utf-8"?><testsuites name="pytest tests"><testsuite name="pytest" errors="0" failures="0" skipped="0" tests="12" time="5.619" timestamp="2026-02-22T10:39:46.233478+00:00" hostname="agent-env-b6786215-c3e1-4f30-8acd-b599a4ec9cf9"><testcase classname="backend.tests.test_iteration_29_features.TestAuth" name="test_super_admin_login" time="0.349" /><testcase classname="backend.tests.test_iteration_29_features.TestAuth" name="test_admin_login" time="0.365" /><testcase classname="backend.tests.test_iteration_29_features.TestFuelDatabaseMultiSelect" name="test_create_fuel_with_multiple_categories" time="0.411" /><testcase classname="backend.tests.test_iteration_29_features.TestFuelDatabaseMultiSelect" name="test_get_fuels_has_categories_array" time="0.464" /><testcase classname="backend.tests.test_iteration_29_features.TestFuelDatabaseMultiSelect" name="test_fuel_backward_compatibility" time="0.409" /><testcase classname="backend.tests.test_iteration_29_features.TestFacilitiesToggleActive" name="test_get_facilities_includes_is_active" time="0.390" /><testcase classname="backend.tests.test_iteration_29_features.TestFacilitiesToggleActive" name="test_toggle_facility_active_endpoint_exists" time="0.647" /><testcase classname="backend.tests.test_iteration_29_features.TestFacilitiesToggleActive" name="test_inactive_facility_can_be_reactivated" time="0.572" /><testcase classname="backend.tests.test_iteration_29_features.TestEmissionsDelete" name="test_get_emissions_endpoint" time="0.413" /><testcase classname="backend.tests.test_iteration_29_features.TestEmissionsDelete" name="test_create_and_delete_emission" time="0.701" /><testcase classname="backend.tests.test_iteration_29_features.TestEmissionsDelete" name="test_delete_nonexistent_emission_returns_404" time="0.438" /><testcase classname="backend.tests.test_iteration_29_features.TestFuelDatabaseEndpoint" name="test_public_fuel_database_endpoint" time="0.391" /></testsuite></testsuites>