<?xml version="1.0" encoding="utf-8"?><testsuites name="pytest tests"><testsuite name="pytest" errors="0" failures="2" skipped="0" tests="9" time="2.723" timestamp="2026-08-30T10:28:32.109803+00:00" hostname="agent-env-d029252d-aab9-4902-ae4c-26f22eabfc17"><testcase classname="backend.tests.test_supplier_ghg_permission_gating_iter32" name="test_supplier_config_returns_disabled_permissions_and_allowed_categories_only" time="0.845" /><testcase classname="backend.tests.test_supplier_ghg_permission_gating_iter32" name="test_supplier_api_rejects_process_emissions_when_permission_is_false" time="0.083" /><testcase classname="backend.tests.test_supplier_ghg_permission_gating_iter32" name="test_supplier_api_rejects_flaring_when_permission_is_false" time="0.082" /><testcase classname="backend.tests.test_supplier_ghg_permission_gating_iter32" name="test_supplier_api_rejects_custom_fuel_when_permission_is_false" time="0.091" /><testcase classname="backend.tests.test_supplier_ghg_permission_gating_iter32" name="test_supplier_generic_emissions_api_rejects_custom_fuel_direct_post" time="0.229"><failure message="AssertionError: Internal Server Error&#10;assert 500 in (400, 403)&#10; +  where 500 = &lt;Response [500]&gt;.status_code">backend/tests/test_supplier_ghg_permission_gating_iter32.py:173: in test_supplier_generic_emissions_api_rejects_custom_fuel_direct_post
    assert response.status_code in (400, 403), response.text
E   AssertionError: Internal Server Error
E   assert 500 in (400, 403)
E    +  where 500 = &lt;Response [500]&gt;.status_code</failure></testcase><testcase classname="backend.tests.test_supplier_ghg_permission_gating_iter32" name="test_admin_category_catalog_not_reduced_to_supplier_program_subset" time="0.385" /><testcase classname="backend.tests.test_supplier_ghg_permission_gating_iter32" name="test_auth_login_sets_http_only_cookie_and_explicit_cors_header" time="0.391"><failure message="AssertionError: assert '*' == 'https://ghg-...gentagent.com'&#10;  &#10;  - https://emissions-review.preview.emergentagent.com&#10;  + *">backend/tests/test_supplier_ghg_permission_gating_iter32.py:218: in test_auth_login_sets_http_only_cookie_and_explicit_cors_header
    assert options_response.headers.get("access-control-allow-origin") == trusted_origin
E   AssertionError: assert '*' == 'https://ghg-...gentagent.com'
E     
E     - https://emissions-review.preview.emergentagent.com
E     + *</failure></testcase><testcase classname="backend.tests.test_supplier_ghg_permission_gating_iter32" name="test_auth_cors_rejects_untrusted_origin" time="0.045" /><testcase classname="backend.tests.test_supplier_ghg_permission_gating_iter32" name="test_zzz_auth_brute_force_lockout_after_five_invalid_attempts" time="0.467" /></testsuite></testsuites>