<?xml version="1.0" encoding="utf-8"?><testsuites name="pytest tests"><testsuite name="pytest" errors="3" failures="0" skipped="0" tests="30" time="1.618" timestamp="2026-05-15T11:34:21.493400+00:00" hostname="agent-env-dcff4d99-37db-4aa8-883a-cf620a109b22"><testcase classname="backend.tests.test_reporting_period_currency.TestExtractYearHelper" name="test_extract_year[2025-04-2025-extract_year_from_reporting_period0]" time="0.001" /><testcase classname="backend.tests.test_reporting_period_currency.TestExtractYearHelper" name="test_extract_year[2025-04-2025-extract_year_from_reporting_period1]" time="0.000" /><testcase classname="backend.tests.test_reporting_period_currency.TestExtractYearHelper" name="test_extract_year[2025-4-2025-extract_year_from_reporting_period0]" time="0.000" /><testcase classname="backend.tests.test_reporting_period_currency.TestExtractYearHelper" name="test_extract_year[2025-4-2025-extract_year_from_reporting_period1]" time="0.000" /><testcase classname="backend.tests.test_reporting_period_currency.TestExtractYearHelper" name="test_extract_year[2025-12-2025-extract_year_from_reporting_period0]" time="0.000" /><testcase classname="backend.tests.test_reporting_period_currency.TestExtractYearHelper" name="test_extract_year[2025-12-2025-extract_year_from_reporting_period1]" time="0.000" /><testcase classname="backend.tests.test_reporting_period_currency.TestExtractYearHelper" name="test_extract_year[FY 2025-2026-2026-extract_year_from_reporting_period0]" time="0.000" /><testcase classname="backend.tests.test_reporting_period_currency.TestExtractYearHelper" name="test_extract_year[FY 2025-2026-2026-extract_year_from_reporting_period1]" time="0.000" /><testcase classname="backend.tests.test_reporting_period_currency.TestExtractYearHelper" name="test_extract_year[FY 2025-26-2026-extract_year_from_reporting_period0]" time="0.000" /><testcase classname="backend.tests.test_reporting_period_currency.TestExtractYearHelper" name="test_extract_year[FY 2025-26-2026-extract_year_from_reporting_period1]" time="0.000" /><testcase classname="backend.tests.test_reporting_period_currency.TestExtractYearHelper" name="test_extract_year[FY 2024-2025-2025-extract_year_from_reporting_period0]" time="0.000" /><testcase classname="backend.tests.test_reporting_period_currency.TestExtractYearHelper" name="test_extract_year[FY 2024-2025-2025-extract_year_from_reporting_period1]" time="0.000" /><testcase classname="backend.tests.test_reporting_period_currency.TestExtractYearHelper" name="test_extract_year[fy 2023-2024-2024-extract_year_from_reporting_period0]" time="0.000" /><testcase classname="backend.tests.test_reporting_period_currency.TestExtractYearHelper" name="test_extract_year[fy 2023-2024-2024-extract_year_from_reporting_period1]" time="0.000" /><testcase classname="backend.tests.test_reporting_period_currency.TestExtractYearHelper" name="test_extract_year[CY 2025-2025-extract_year_from_reporting_period0]" time="0.000" /><testcase classname="backend.tests.test_reporting_period_currency.TestExtractYearHelper" name="test_extract_year[CY 2025-2025-extract_year_from_reporting_period1]" time="0.000" /><testcase classname="backend.tests.test_reporting_period_currency.TestExtractYearHelper" name="test_extract_year[CY2025-2025-extract_year_from_reporting_period0]" time="0.000" /><testcase classname="backend.tests.test_reporting_period_currency.TestExtractYearHelper" name="test_extract_year[CY2025-2025-extract_year_from_reporting_period1]" time="0.000" /><testcase classname="backend.tests.test_reporting_period_currency.TestExtractYearHelper" name="test_extract_year[2025-2025-extract_year_from_reporting_period0]" time="0.000" /><testcase classname="backend.tests.test_reporting_period_currency.TestExtractYearHelper" name="test_extract_year[2025-2025-extract_year_from_reporting_period1]" time="0.000" /><testcase classname="backend.tests.test_reporting_period_currency.TestExtractYearHelper" name="test_extract_year[-None-extract_year_from_reporting_period0]" time="0.000" /><testcase classname="backend.tests.test_reporting_period_currency.TestExtractYearHelper" name="test_extract_year[-None-extract_year_from_reporting_period1]" time="0.000" /><testcase classname="backend.tests.test_reporting_period_currency.TestExtractYearHelper" name="test_extract_year[None-None-extract_year_from_reporting_period0]" time="0.000" /><testcase classname="backend.tests.test_reporting_period_currency.TestExtractYearHelper" name="test_extract_year[None-None-extract_year_from_reporting_period1]" time="0.000" /><testcase classname="backend.tests.test_reporting_period_currency.TestExtractYearHelper" name="test_extract_year[invalid-None-extract_year_from_reporting_period0]" time="0.000" /><testcase classname="backend.tests.test_reporting_period_currency.TestExtractYearHelper" name="test_extract_year[invalid-None-extract_year_from_reporting_period1]" time="0.000" /><testcase classname="backend.tests.test_reporting_period_currency.TestExtractYearHelper" name="test_both_helpers_agree" time="0.000" /><testcase classname="backend.tests.test_reporting_period_currency.TestCalcEngineReportingPeriodContext" name="test_execute_with_fy_reporting_period_uses_end_year" time="0.961"><error message="failed on setup with &quot;RuntimeError: Event loop is closed&quot;">backend/tests/test_reporting_period_currency.py:151: in seeded_currency_rows
    loop.run_until_complete(_setup())
/usr/local/lib/python3.11/asyncio/base_events.py:654: in run_until_complete
    return future.result()
           ^^^^^^^^^^^^^^^
backend/tests/test_reporting_period_currency.py:144: in _setup
    await db.currency_conversion.insert_many(rows)
          ^^^^^^^^^^^^^^^^^^^^^^^^^^^^^^^^^^^^^^^^
/root/.venv/lib/python3.11/site-packages/motor/metaprogramming.py:74: in method
    return framework.run_on_executor(
/root/.venv/lib/python3.11/site-packages/motor/frameworks/asyncio/__init__.py:85: in run_on_executor
    return loop.run_in_executor(_EXECUTOR, functools.partial(fn, *args, **kwargs))
           ^^^^^^^^^^^^^^^^^^^^^^^^^^^^^^^^^^^^^^^^^^^^^^^^^^^^^^^^^^^^^^^^^^^^^^^
/usr/local/lib/python3.11/asyncio/base_events.py:817: in run_in_executor
    self._check_closed()
/usr/local/lib/python3.11/asyncio/base_events.py:520: in _check_closed
    raise RuntimeError('Event loop is closed')
E   RuntimeError: Event loop is closed</error></testcase><testcase classname="backend.tests.test_reporting_period_currency.TestCalcEngineReportingPeriodContext" name="test_execute_with_monthly_reporting_period_uses_calendar_year" time="0.000"><error message="failed on setup with &quot;RuntimeError: Event loop is closed&quot;">backend/tests/test_reporting_period_currency.py:151: in seeded_currency_rows
    loop.run_until_complete(_setup())
/usr/local/lib/python3.11/asyncio/base_events.py:654: in run_until_complete
    return future.result()
           ^^^^^^^^^^^^^^^
backend/tests/test_reporting_period_currency.py:144: in _setup
    await db.currency_conversion.insert_many(rows)
          ^^^^^^^^^^^^^^^^^^^^^^^^^^^^^^^^^^^^^^^^
/root/.venv/lib/python3.11/site-packages/motor/metaprogramming.py:74: in method
    return framework.run_on_executor(
/root/.venv/lib/python3.11/site-packages/motor/frameworks/asyncio/__init__.py:85: in run_on_executor
    return loop.run_in_executor(_EXECUTOR, functools.partial(fn, *args, **kwargs))
           ^^^^^^^^^^^^^^^^^^^^^^^^^^^^^^^^^^^^^^^^^^^^^^^^^^^^^^^^^^^^^^^^^^^^^^^
/usr/local/lib/python3.11/asyncio/base_events.py:817: in run_in_executor
    self._check_closed()
/usr/local/lib/python3.11/asyncio/base_events.py:520: in _check_closed
    raise RuntimeError('Event loop is closed')
E   RuntimeError: Event loop is closed</error></testcase><testcase classname="backend.tests.test_reporting_period_currency.TestCalcEngineReportingPeriodContext" name="test_execute_with_no_reporting_period_falls_back" time="0.000"><error message="failed on setup with &quot;RuntimeError: Event loop is closed&quot;">backend/tests/test_reporting_period_currency.py:151: in seeded_currency_rows
    loop.run_until_complete(_setup())
/usr/local/lib/python3.11/asyncio/base_events.py:654: in run_until_complete
    return future.result()
           ^^^^^^^^^^^^^^^
backend/tests/test_reporting_period_currency.py:144: in _setup
    await db.currency_conversion.insert_many(rows)
          ^^^^^^^^^^^^^^^^^^^^^^^^^^^^^^^^^^^^^^^^
/root/.venv/lib/python3.11/site-packages/motor/metaprogramming.py:74: in method
    return framework.run_on_executor(
/root/.venv/lib/python3.11/site-packages/motor/frameworks/asyncio/__init__.py:85: in run_on_executor
    return loop.run_in_executor(_EXECUTOR, functools.partial(fn, *args, **kwargs))
           ^^^^^^^^^^^^^^^^^^^^^^^^^^^^^^^^^^^^^^^^^^^^^^^^^^^^^^^^^^^^^^^^^^^^^^^
/usr/local/lib/python3.11/asyncio/base_events.py:817: in run_in_executor
    self._check_closed()
/usr/local/lib/python3.11/asyncio/base_events.py:520: in _check_closed
    raise RuntimeError('Event loop is closed')
E   RuntimeError: Event loop is closed</error></testcase></testsuite></testsuites>