<?xml version="1.0" encoding="utf-8"?><testsuites name="pytest tests"><testsuite name="pytest" errors="0" failures="0" skipped="1" tests="10" time="3.048" timestamp="2026-02-17T09:10:12.156756+00:00" hostname="agent-env-f66fda72-93a2-4e68-b849-9c2bd1e8e924"><testcase classname="tests.test_iteration_16_features.TestBackendAPIs" name="test_admin_users_delete_endpoint_exists" time="0.737" /><testcase classname="tests.test_iteration_16_features.TestBackendAPIs" name="test_file_download_endpoint_exists" time="0.083" /><testcase classname="tests.test_iteration_16_features.TestBackendAPIs" name="test_file_view_endpoint_exists" time="0.228" /><testcase classname="tests.test_iteration_16_features.TestBackendAPIs" name="test_emission_factors_endpoint" time="0.253" /><testcase classname="tests.test_iteration_16_features.TestBackendAPIs" name="test_custom_emission_factor_creation" time="0.103" /><testcase classname="tests.test_iteration_16_features.TestBackendAPIs" name="test_facilities_endpoint" time="0.206" /><testcase classname="tests.test_iteration_16_features.TestBackendAPIs" name="test_organization_endpoint" time="0.073" /><testcase classname="tests.test_iteration_16_features.TestBackendAPIs" name="test_emissions_endpoint" time="0.363" /><testcase classname="tests.test_iteration_16_features.TestUserDeletion" name="test_admin_cannot_delete_self" time="0.713" /><testcase classname="tests.test_iteration_16_features.TestUserDeletion" name="test_deleted_user_cannot_login" time="0.199"><skipped type="pytest.skip" message="Could not create test user - may have reached limit">/app/backend/tests/test_iteration_16_features.py:221: Could not create test user - may have reached limit</skipped></testcase></testsuite></testsuites>