<?xml version="1.0" encoding="utf-8"?><testsuites name="pytest tests"><testsuite name="pytest" errors="0" failures="0" skipped="0" tests="7" time="0.612" timestamp="2026-08-25T12:03:32.486415+00:00" hostname="agent-env-bc6c8c78-c2f9-49f7-b927-13dcb3706248"><testcase classname="backend.tests.test_ghg_period_row_limits" name="test_monthly_limit_is_separate_for_each_reporting_month" time="0.001" /><testcase classname="backend.tests.test_ghg_period_row_limits" name="test_monthly_limit_rejects_only_rows_above_that_months_allowance" time="0.001" /><testcase classname="backend.tests.test_ghg_period_row_limits" name="test_existing_monthly_rows_reduce_only_the_matching_month" time="0.001" /><testcase classname="backend.tests.test_ghg_period_row_limits" name="test_yearly_limit_is_twelve_times_monthly_allowance" time="0.001" /><testcase classname="backend.tests.test_ghg_period_row_limits" name="test_batch_save_recheck_rejects_when_capacity_changed" time="0.001" /><testcase classname="backend.tests.test_ghg_period_row_limits" name="test_bulk_preview_marks_excess_row_as_error" time="0.001" /><testcase classname="backend.tests.test_ghg_period_row_limits" name="test_unlimited_monthly_rows_allowed_keeps_all_rows_valid" time="0.001" /></testsuite></testsuites>