<?xml version="1.0" encoding="utf-8"?><testsuites name="pytest tests"><testsuite name="pytest" errors="0" failures="0" skipped="0" tests="9" time="3.922" timestamp="2026-03-12T05:50:52.202358+00:00" hostname="agent-env-1b11fc4f-3936-406a-acd5-76b245a984fb"><testcase classname="backend.tests.test_equity_share.TestOrganizationEquityShareSetup" name="test_organization_has_equity_share_approach" time="0.402" /><testcase classname="backend.tests.test_equity_share.TestFacilityEquitySharePercentage" name="test_facilities_have_equity_share_percentages" time="0.436" /><testcase classname="backend.tests.test_equity_share.TestDashboardEquityAdjustedEmissions" name="test_dashboard_stats_returns_equity_adjusted_totals" time="0.375" /><testcase classname="backend.tests.test_equity_share.TestDashboardEquityAdjustedEmissions" name="test_dashboard_scope_totals_match_facility_sum" time="0.393" /><testcase classname="backend.tests.test_equity_share.TestDashboardEquityAdjustedEmissions" name="test_dashboard_with_facility_filter" time="0.505" /><testcase classname="backend.tests.test_equity_share.TestEmissionsEquityCalculation" name="test_equity_calculation_formula" time="0.479" /><testcase classname="backend.tests.test_equity_share.TestReportGenerationEquityShare" name="test_report_generation_endpoint" time="0.456" /><testcase classname="backend.tests.test_equity_share.TestSinksEquityAdjustment" name="test_dashboard_sinks_included" time="0.394" /><testcase classname="backend.tests.test_equity_share.TestEmissionsTrendEquityAdjusted" name="test_emissions_trend_has_adjusted_values" time="0.433" /></testsuite></testsuites>