<?xml version="1.0" encoding="utf-8"?><testsuites name="pytest tests"><testsuite name="pytest" errors="0" failures="1" skipped="0" tests="9" time="4.584" timestamp="2026-08-24T12:41:09.986172+00:00" hostname="agent-env-bc6c8c78-c2f9-49f7-b927-13dcb3706248"><testcase classname="backend.tests.test_org_config_workflow_frameworks_iter16" name="test_login_sets_http_only_cookie" time="0.623" /><testcase classname="backend.tests.test_org_config_workflow_frameworks_iter16" name="test_login_cors_allows_known_origin_and_blocks_untrusted_origin" time="0.053"><failure message="AssertionError: assert '*' == 'https://esg-...gentagent.com'&#10;  &#10;  - https://ghg-reporting-hub.preview.emergentagent.com&#10;  + *">backend/tests/test_org_config_workflow_frameworks_iter16.py:137: in test_login_cors_allows_known_origin_and_blocks_untrusted_origin
    assert trusted.headers.get("access-control-allow-origin") == BASE_URL
E   AssertionError: assert '*' == 'https://esg-...gentagent.com'
E     
E     - https://ghg-reporting-hub.preview.emergentagent.com
E     + *</failure></testcase><testcase classname="backend.tests.test_org_config_workflow_frameworks_iter16" name="test_bcrypt_hash_uses_2b_prefix" time="0.006" /><testcase classname="backend.tests.test_org_config_workflow_frameworks_iter16" name="test_org_config_get_returns_organization_settings_and_migrates_legacy_record" time="1.007" /><testcase classname="backend.tests.test_org_config_workflow_frameworks_iter16" name="test_org_config_update_accepts_valid_frameworks" time="0.038" /><testcase classname="backend.tests.test_org_config_workflow_frameworks_iter16" name="test_org_config_update_rejects_invalid_framework_value" time="0.077" /><testcase classname="backend.tests.test_org_config_workflow_frameworks_iter16" name="test_module_config_reads_workflow_frameworks_from_canonical_org_config" time="1.780" /><testcase classname="backend.tests.test_org_config_workflow_frameworks_iter16" name="test_legacy_superadmin_endpoints_update_org_config_and_legacy_mirror" time="0.137" /><testcase classname="backend.tests.test_org_config_workflow_frameworks_iter16" name="test_bruteforce_lockout_after_five_invalid_passwords" time="0.653" /></testsuite></testsuites>