<?xml version="1.0" encoding="utf-8"?><testsuites name="pytest tests"><testsuite name="pytest" errors="0" failures="0" skipped="0" tests="9" time="4.756" timestamp="2026-03-12T07:23:53.205833+00:00" hostname="agent-env-1b11fc4f-3936-406a-acd5-76b245a984fb"><testcase classname="tests.test_three_report_fixes.TestThreeReportFixes" name="test_fix1_no_unspecified_boundary_message" time="0.738" /><testcase classname="tests.test_three_report_fixes.TestThreeReportFixes" name="test_fix1_valid_approach_statement_shown" time="0.722" /><testcase classname="tests.test_three_report_fixes.TestThreeReportFixes" name="test_fix2_historical_data_equity_adjustment" time="0.705" /><testcase classname="tests.test_three_report_fixes.TestThreeReportFixes" name="test_fix2_verify_code_passes_equity_factor" time="0.320" /><testcase classname="tests.test_three_report_fixes.TestThreeReportFixes" name="test_fix3_sink_percentage_in_organization_analysis" time="0.723" /><testcase classname="tests.test_three_report_fixes.TestThreeReportFixes" name="test_fix3_verify_code_has_percentage_format" time="0.296" /><testcase classname="tests.test_three_report_fixes.TestDataVerification" name="test_verify_org_approach" time="0.423" /><testcase classname="tests.test_three_report_fixes.TestDataVerification" name="test_verify_facility_equity" time="0.336" /><testcase classname="tests.test_three_report_fixes.TestDataVerification" name="test_verify_historical_emissions" time="0.399" /></testsuite></testsuites>