<?xml version="1.0" encoding="utf-8"?><testsuites name="pytest tests"><testsuite name="pytest" errors="0" failures="0" skipped="0" tests="12" time="8.773" timestamp="2026-02-15T08:26:32.896774+00:00" hostname="agent-env-2eb0d806-9af6-4a45-89e3-a88c802377af"><testcase classname="backend.tests.test_p0_bugs.TestAuthentication" name="test_super_admin_login" time="0.828" /><testcase classname="backend.tests.test_p0_bugs.TestAuthentication" name="test_admin_login" time="0.745" /><testcase classname="backend.tests.test_p0_bugs.TestP0Bug1LogoPreview" name="test_upload_logo_file" time="0.434" /><testcase classname="backend.tests.test_p0_bugs.TestP0Bug1LogoPreview" name="test_logo_view_endpoint_public" time="0.649" /><testcase classname="backend.tests.test_p0_bugs.TestP0Bug1LogoPreview" name="test_logo_view_rejects_non_images" time="0.516" /><testcase classname="backend.tests.test_p0_bugs.TestP0Bug2EvidenceDownload" name="test_evidence_download_with_auth" time="0.667" /><testcase classname="backend.tests.test_p0_bugs.TestP0Bug2EvidenceDownload" name="test_evidence_download_requires_auth" time="0.580" /><testcase classname="backend.tests.test_p0_bugs.TestP0Bug2EvidenceDownload" name="test_unicode_filename_download" time="0.474" /><testcase classname="backend.tests.test_p0_bugs.TestP0Bug3VersionHistory" name="test_version_history_shows_email" time="0.878" /><testcase classname="backend.tests.test_p0_bugs.TestP0Bug3VersionHistory" name="test_create_and_update_emission_for_history" time="1.051" /><testcase classname="backend.tests.test_p0_bugs.TestP0Bug4RemarksSaving" name="test_organization_remarks_saving" time="1.017" /><testcase classname="backend.tests.test_p0_bugs.TestP0Bug4RemarksSaving" name="test_facility_remarks_saving" time="0.822" /></testsuite></testsuites>