<?xml version="1.0" encoding="utf-8"?><testsuites name="pytest tests"><testsuite name="pytest" errors="0" failures="0" skipped="0" tests="11" time="21.121" timestamp="2026-02-23T12:16:31.768465+00:00" hostname="agent-env-4f101675-797d-48eb-90e1-08af65a1d41d"><testcase classname="backend.tests.test_energy_units_and_formula_params.TestAuthentication" name="test_super_admin_login" time="1.558" /><testcase classname="backend.tests.test_energy_units_and_formula_params.TestAuthentication" name="test_admin_login" time="1.188" /><testcase classname="backend.tests.test_energy_units_and_formula_params.TestEnergyUnitsInUnitsModule" name="test_units_api_returns_energy_units" time="1.774" /><testcase classname="backend.tests.test_energy_units_and_formula_params.TestEnergyUnitsInUnitsModule" name="test_units_by_type_energy" time="1.793" /><testcase classname="backend.tests.test_energy_units_and_formula_params.TestEnergyUnitsInUnitsModule" name="test_units_stats_include_energy" time="1.658" /><testcase classname="backend.tests.test_energy_units_and_formula_params.TestFormulaParametersDefaultValue" name="test_formula_parameters_api_returns_default_value" time="1.633" /><testcase classname="backend.tests.test_energy_units_and_formula_params.TestFormulaParametersDefaultValue" name="test_formula_parameters_response_structure" time="1.684" /><testcase classname="backend.tests.test_energy_units_and_formula_params.TestFuelDatabaseIntegration" name="test_fuel_database_api_accessible" time="1.658" /><testcase classname="backend.tests.test_energy_units_and_formula_params.TestSuperAdminUnitManagement" name="test_super_admin_can_create_energy_unit" time="2.530" /><testcase classname="backend.tests.test_energy_units_and_formula_params.TestSuperAdminUnitManagement" name="test_super_admin_can_update_energy_unit" time="3.155" /><testcase classname="backend.tests.test_energy_units_and_formula_params.TestSeedDefaults" name="test_seed_defaults_includes_energy_units" time="2.391" /></testsuite></testsuites>