<?xml version="1.0" encoding="utf-8"?><testsuites name="pytest tests"><testsuite name="pytest" errors="0" failures="0" skipped="0" tests="10" time="0.632" timestamp="2026-08-26T11:48:04.692948+00:00" hostname="agent-env-bc6c8c78-c2f9-49f7-b927-13dcb3706248"><testcase classname="backend.tests.test_ghg_reporting_period_normalization_iter22" name="test_contract_models_normalize_cy_and_fy_variants[EmissionRecordCreate-reporting_period]" time="0.001" /><testcase classname="backend.tests.test_ghg_reporting_period_normalization_iter22" name="test_contract_models_normalize_cy_and_fy_variants[C7YearlyEntryCreate-reporting_year]" time="0.000" /><testcase classname="backend.tests.test_ghg_reporting_period_normalization_iter22" name="test_contract_models_normalize_cy_and_fy_variants[SupplierEmissionCreate-reporting_period]" time="0.000" /><testcase classname="backend.tests.test_ghg_reporting_period_normalization_iter22" name="test_contract_models_reject_malformed_annual_values[EmissionRecordCreate-reporting_period-CY26]" time="0.000" /><testcase classname="backend.tests.test_ghg_reporting_period_normalization_iter22" name="test_contract_models_reject_malformed_annual_values[EmissionRecordCreate-reporting_period-FY 2026-2029]" time="0.000" /><testcase classname="backend.tests.test_ghg_reporting_period_normalization_iter22" name="test_contract_models_reject_malformed_annual_values[C7YearlyEntryCreate-reporting_year-2026]" time="0.000" /><testcase classname="backend.tests.test_ghg_reporting_period_normalization_iter22" name="test_contract_models_reject_malformed_annual_values[SupplierEmissionCreate-reporting_period-FY 2026-2028]" time="0.000" /><testcase classname="backend.tests.test_ghg_reporting_period_normalization_iter22" name="test_bulk_upload_immediate_save_normalizes_reporting_period" time="0.011" /><testcase classname="backend.tests.test_ghg_reporting_period_normalization_iter22" name="test_bulk_upload_pending_save_normalizes_reporting_period" time="0.001" /><testcase classname="backend.tests.test_ghg_reporting_period_normalization_iter22" name="test_frontend_ghg_logs_cy_regex_and_overlap_guard_static_check" time="0.001" /></testsuite></testsuites>