<?xml version="1.0" encoding="utf-8"?><testsuites name="pytest tests"><testsuite name="pytest" errors="0" failures="0" skipped="0" tests="10" time="4.168" timestamp="2026-08-27T10:52:24.860013+00:00" hostname="agent-env-d029252d-aab9-4902-ae4c-26f22eabfc17"><testcase classname="backend.tests.test_supplier_parent_emission_view_iter25" name="test_parent_detail_returns_visible_submitted_record_without_raw_evidence_url" time="1.582" /><testcase classname="backend.tests.test_supplier_parent_emission_view_iter25" name="test_parent_detail_rejects_unauthenticated_request" time="0.094" /><testcase classname="backend.tests.test_supplier_parent_emission_view_iter25" name="test_parent_detail_returns_not_found_for_non_parent_visible_or_non_submitted_id" time="0.081" /><testcase classname="backend.tests.test_supplier_parent_emission_view_iter25" name="test_parent_detail_evidence_endpoint_returns_secure_links_when_evidence_exists" time="0.335" /><testcase classname="backend.tests.test_supplier_parent_emission_view_iter25" name="test_global_put_rejects_parent_edit_attempt_for_supplier_submitted_record" time="0.447" /><testcase classname="backend.tests.test_supplier_parent_view_mode_labels_iter25" name="test_parent_detail_includes_input_field_mappings_and_redacts_raw_evidence_fields" time="1.132" /><testcase classname="backend.tests.test_supplier_parent_view_mode_labels_iter25" name="test_scope2_parent_detail_uses_mapping_labels_for_known_variables_when_available" time="0.158" /><testcase classname="backend.tests.test_supplier_parent_view_mode_labels_iter25" name="test_fugitive_parent_detail_uses_mapping_labels_for_known_variables_when_available" time="0.094" /><testcase classname="backend.tests.test_supplier_parent_view_mode_labels_iter25" name="test_parent_detail_is_blocked_for_supplier_and_non_admin_tokens[supplier_token]" time="0.087" /><testcase classname="backend.tests.test_supplier_parent_view_mode_labels_iter25" name="test_parent_detail_is_blocked_for_supplier_and_non_admin_tokens[non_admin_token]" time="0.082" /></testsuite></testsuites>