<?xml version="1.0" encoding="utf-8"?><testsuites name="pytest tests"><testsuite name="pytest" errors="0" failures="0" skipped="0" tests="8" time="2.578" timestamp="2026-08-31T09:15:50.892531+00:00" hostname="agent-env-d029252d-aab9-4902-ae4c-26f22eabfc17"><testcase classname="backend.tests.test_supplier_assessment_importance_and_dashboard_iter36" name="test_importance_weight_map_only_low_medium_high" time="0.000" /><testcase classname="backend.tests.test_supplier_assessment_importance_and_dashboard_iter36" name="test_legacy_critical_importance_resolves_to_high_weight_3" time="0.000" /><testcase classname="backend.tests.test_supplier_assessment_importance_and_dashboard_iter36" name="test_mongo_has_no_remaining_critical_importance_questions" time="0.003" /><testcase classname="backend.tests.test_supplier_assessment_importance_and_dashboard_iter36" name="test_new_question_api_rejects_critical_importance_without_creating_record" time="1.666" /><testcase classname="backend.tests.test_supplier_assessment_importance_and_dashboard_iter36" name="test_supplier_assessment_exposes_ghg_completion_percent" time="0.323" /><testcase classname="backend.tests.test_supplier_assessment_importance_and_dashboard_iter36" name="test_supplier_ghg_module_completion_matches_submission_cadence_progress" time="0.094" /><testcase classname="backend.tests.test_supplier_assessment_importance_and_dashboard_iter36" name="test_auth_login_sets_cookie_and_returns_token" time="0.267" /><testcase classname="backend.tests.test_supplier_assessment_importance_and_dashboard_iter36" name="test_seed_admin_password_hash_uses_bcrypt_2b_prefix" time="0.002" /></testsuite></testsuites>