<?xml version="1.0" encoding="utf-8"?><testsuites name="pytest tests"><testsuite name="pytest" errors="0" failures="0" skipped="0" tests="12" time="27.805" timestamp="2026-02-19T08:07:08.184810+00:00" hostname="agent-env-c4177c12-1a53-4471-a4e0-d9dfbc887c6e"><testcase classname="tests.test_fuel_database_integration.TestAdminLogin" name="test_admin_login_success" time="1.432" /><testcase classname="tests.test_fuel_database_integration.TestAdminLogin" name="test_admin_login_wrong_password" time="0.920" /><testcase classname="tests.test_fuel_database_integration.TestFuelDatabaseEndpoint" name="test_fuel_database_returns_data" time="1.976" /><testcase classname="tests.test_fuel_database_integration.TestFuelDatabaseEndpoint" name="test_fuel_contains_required_parameters" time="1.794" /><testcase classname="tests.test_fuel_database_integration.TestFuelDatabaseEndpoint" name="test_fuel_contains_optional_emission_factors" time="1.698" /><testcase classname="tests.test_fuel_database_integration.TestFuelDatabaseEndpoint" name="test_fuel_grouped_by_category" time="1.750" /><testcase classname="tests.test_fuel_database_integration.TestEmissionCalculationFormula" name="test_create_emission_with_fuel_database" time="3.945" /><testcase classname="tests.test_fuel_database_integration.TestEmissionCalculationFormula" name="test_emission_with_overridden_calorific_value" time="3.871" /><testcase classname="tests.test_fuel_database_integration.TestEmissionCalculationFormula" name="test_emission_with_overridden_density" time="4.067" /><testcase classname="tests.test_fuel_database_integration.TestEmissionCalculationFormula" name="test_emission_with_ch4_n2o_factors" time="2.250" /><testcase classname="tests.test_fuel_database_integration.TestCustomFuelType" name="test_create_emission_with_custom_fuel" time="3.236" /><testcase classname="tests.test_fuel_database_integration.TestGWPValues" name="test_get_gwp_values" time="0.761" /></testsuite></testsuites>