<?xml version="1.0" encoding="utf-8"?><testsuites name="pytest tests"><testsuite name="pytest" errors="0" failures="0" skipped="0" tests="10" time="4.679" timestamp="2026-02-22T10:01:32.751563+00:00" hostname="agent-env-b6786215-c3e1-4f30-8acd-b599a4ec9cf9"><testcase classname="backend.tests.test_gwp_parameters.TestGWPParameters" name="test_get_gwp_values_unauthenticated" time="0.359" /><testcase classname="backend.tests.test_gwp_parameters.TestGWPParameters" name="test_seed_gwp_parameters_super_admin" time="0.556" /><testcase classname="backend.tests.test_gwp_parameters.TestGWPParameters" name="test_seed_gwp_parameters_idempotent" time="0.453" /><testcase classname="backend.tests.test_gwp_parameters.TestGWPParameters" name="test_seed_gwp_parameters_unauthorized_admin" time="0.400" /><testcase classname="backend.tests.test_gwp_parameters.TestGWPParameters" name="test_gwp_parameters_exist_in_formula_parameters" time="0.504" /><testcase classname="backend.tests.test_gwp_parameters.TestGWPParameters" name="test_gwp_values_returns_dynamic_values" time="0.436" /><testcase classname="backend.tests.test_gwp_parameters.TestGWPParameters" name="test_edit_gwp_ch4_parameter" time="0.601" /><testcase classname="backend.tests.test_gwp_parameters.TestGWPParameters" name="test_edit_gwp_n2o_parameter" time="0.435" /><testcase classname="backend.tests.test_gwp_parameters.TestGWPInEmissionCalculation" name="test_emission_calculation_uses_gwp_from_parameters" time="0.436" /><testcase classname="backend.tests.test_gwp_parameters.TestFormulasPageUI" name="test_formula_parameters_endpoint_returns_gwp_params" time="0.435" /></testsuite></testsuites>