<?xml version="1.0" encoding="utf-8"?><testsuites name="pytest tests"><testsuite name="pytest" errors="0" failures="0" skipped="0" tests="6" time="1.504" timestamp="2026-09-04T06:34:38.251049+00:00" hostname="agent-env-4fb27c59-d114-4163-afd7-cabc844474d2"><testcase classname="backend.tests.test_organization_settings_null_frameworks" name="test_normalize_organization_settings_treats_null_frameworks_as_empty" time="0.000" /><testcase classname="backend.tests.test_organization_settings_null_frameworks" name="test_new_organization_defaults_frameworks_to_empty_list" time="0.000" /><testcase classname="backend.tests.test_organization_settings_null_frameworks" name="test_new_organization_accepts_legacy_null_frameworks_as_empty_list" time="0.000" /><testcase classname="backend.tests.test_org_config_null_frameworks_live_iter44" name="test_normalize_organization_settings_converts_null_frameworks_to_empty_list" time="0.001" /><testcase classname="backend.tests.test_org_config_null_frameworks_live_iter44" name="test_organization_create_converts_explicit_null_frameworks_to_empty_list" time="0.000" /><testcase classname="backend.tests.test_org_config_null_frameworks_live_iter44" name="test_org_config_endpoint_returns_empty_framework_list_for_testing_org" time="1.273" /></testsuite></testsuites>