<?xml version="1.0" encoding="utf-8"?><testsuites name="pytest tests"><testsuite name="pytest" errors="0" failures="0" skipped="0" tests="12" time="4.885" timestamp="2026-03-12T10:16:03.492545+00:00" hostname="agent-env-1b11fc4f-3936-406a-acd5-76b245a984fb"><testcase classname="backend.tests.test_multiple_fixes.TestOrganizationControlTypes" name="test_get_organization_with_control_types" time="1.106" /><testcase classname="backend.tests.test_multiple_fixes.TestOrganizationControlTypes" name="test_update_organization_with_control_both" time="0.937" /><testcase classname="backend.tests.test_multiple_fixes.TestOrganizationControlTypes" name="test_update_organization_with_control_operational_only" time="0.670" /><testcase classname="backend.tests.test_multiple_fixes.TestOrganizationControlTypes" name="test_update_organization_with_control_financial_only" time="0.730" /><testcase classname="backend.tests.test_multiple_fixes.TestFuelDatabaseFilters" name="test_fuel_database_has_scope_field" time="0.443" /><testcase classname="backend.tests.test_multiple_fixes.TestFuelDatabaseFilters" name="test_fuel_database_has_region_field" time="0.414" /><testcase classname="backend.tests.test_multiple_fixes.TestFuelDatabaseFilters" name="test_admin_fuel_database_access" time="0.502" /><testcase classname="backend.tests.test_multiple_fixes.TestReportGeneratorControlApproach" name="test_report_generator_control_approach_text_exists_in_code" time="0.000" /><testcase classname="backend.tests.test_multiple_fixes.TestEmissionsDateValidation" name="test_emissions_page_has_date_filter_inputs" time="0.001" /><testcase classname="backend.tests.test_multiple_fixes.TestFuelDatabaseUIFilters" name="test_fuel_database_has_scope_filter_dropdown" time="0.000" /><testcase classname="backend.tests.test_multiple_fixes.TestFuelDatabaseUIFilters" name="test_fuel_database_has_region_filter_dropdown" time="0.000" /><testcase classname="backend.tests.test_multiple_fixes.TestFuelDatabaseUIFilters" name="test_fuel_database_filter_logic" time="0.000" /></testsuite></testsuites>