<?xml version="1.0" encoding="utf-8"?><testsuites name="pytest tests"><testsuite name="pytest" errors="0" failures="1" skipped="0" tests="20" time="24.822" timestamp="2026-02-20T11:22:36.046740+00:00" hostname="agent-env-423af956-e318-4945-835c-af3a6ca5b1cd"><testcase classname="backend.tests.test_unit_management.TestUnitsSeedDefaults" name="test_seed_defaults_creates_units" time="2.497" /><testcase classname="backend.tests.test_unit_management.TestUnitsSeedDefaults" name="test_get_all_units_returns_expected_count" time="0.717" /><testcase classname="backend.tests.test_unit_management.TestUnitsSeedDefaults" name="test_seed_creates_mass_units" time="0.716" /><testcase classname="backend.tests.test_unit_management.TestUnitsSeedDefaults" name="test_seed_creates_volume_units" time="0.668" /><testcase classname="backend.tests.test_unit_management.TestUnitStructure" name="test_unit_has_required_fields" time="0.670" /><testcase classname="backend.tests.test_unit_management.TestUnitStructure" name="test_kilogram_is_mass_base_unit" time="0.729" /><testcase classname="backend.tests.test_unit_management.TestUnitStructure" name="test_litre_is_volume_base_unit" time="0.690" /><testcase classname="backend.tests.test_unit_management.TestFuelDatabaseUsesUnits" name="test_fuel_database_allowed_units_contains_unit_symbols" time="1.417"><failure message="AssertionError: Fuel LPG (Liquefied Petroleum Gas) has unknown unit: tonne&#10;assert 'tonne' in ['kg', 'g', 't', 'lb', 'L', 'mL', ...]">backend/tests/test_unit_management.py:181: in test_fuel_database_allowed_units_contains_unit_symbols
    assert unit in all_symbols, f"Fuel {fuel['fuel_name']} has unknown unit: {unit}"
E   AssertionError: Fuel LPG (Liquefied Petroleum Gas) has unknown unit: tonne
E   assert 'tonne' in ['kg', 'g', 't', 'lb', 'L', 'mL', ...]</failure></testcase><testcase classname="backend.tests.test_unit_management.TestFuelDatabaseUsesUnits" name="test_create_fuel_with_allowed_units" time="2.063" /><testcase classname="backend.tests.test_unit_management.TestEmissionsUnitFiltering" name="test_emissions_can_access_units_endpoint" time="1.619" /><testcase classname="backend.tests.test_unit_management.TestEmissionsUnitFiltering" name="test_emissions_can_access_fuel_database" time="0.717" /><testcase classname="backend.tests.test_unit_management.TestEmissionsUnitFiltering" name="test_fuel_allowed_units_filters_emission_quantity" time="0.713" /><testcase classname="backend.tests.test_unit_management.TestVolumeUnitDetection" name="test_volume_units_have_aliases" time="0.744" /><testcase classname="backend.tests.test_unit_management.TestVolumeUnitDetection" name="test_millilitre_has_multiple_aliases" time="0.706" /><testcase classname="backend.tests.test_unit_management.TestDensityConditionalLogic" name="test_formula_definitions_have_conditional_components" time="0.658" /><testcase classname="backend.tests.test_unit_management.TestDensityConditionalLogic" name="test_density_component_has_volume_condition" time="0.699" /><testcase classname="backend.tests.test_unit_management.TestEmissionCalculationWithUnits" name="test_create_emission_with_mass_unit" time="2.869" /><testcase classname="backend.tests.test_unit_management.TestEmissionCalculationWithUnits" name="test_create_emission_with_volume_unit" time="2.969" /><testcase classname="backend.tests.test_unit_management.TestUnitCRUD" name="test_admin_cannot_create_unit" time="0.742" /><testcase classname="backend.tests.test_unit_management.TestUnitCRUD" name="test_super_admin_can_create_update_delete_unit" time="2.073" /></testsuite></testsuites>