<?xml version="1.0" encoding="utf-8"?><testsuites name="pytest tests"><testsuite name="pytest" errors="0" failures="0" skipped="0" tests="9" time="0.261" timestamp="2026-08-25T12:19:09.735134+00:00" hostname="agent-env-bc6c8c78-c2f9-49f7-b927-13dcb3706248"><testcase classname="backend.tests.test_supplier_data_verification" name="test_esg_final_submission_requires_verified_data_acknowledgement" time="0.000" /><testcase classname="backend.tests.test_supplier_data_verification" name="test_esg_draft_does_not_require_verified_data_acknowledgement" time="0.000" /><testcase classname="backend.tests.test_supplier_data_verification" name="test_esg_final_submission_accepts_verified_data_acknowledgement" time="0.000" /><testcase classname="backend.tests.test_supplier_data_verification" name="test_ghg_submission_contract_only_accepts_verified_data" time="0.000" /><testcase classname="backend.tests.test_supplier_data_verification" name="test_ghg_service_rejects_unverified_submission_before_database_access" time="0.001" /><testcase classname="backend.tests.test_supplier_data_verification" name="test_ghg_submission_contract_rejects_missing_data_verified_field" time="0.000" /><testcase classname="backend.tests.test_supplier_data_verification" name="test_esg_final_submission_rejects_missing_data_verified_flag" time="0.000" /><testcase classname="backend.tests.test_supplier_data_verification" name="test_esg_final_submission_sets_data_verification_audit_fields" time="0.001" /><testcase classname="backend.tests.test_supplier_data_verification" name="test_ghg_final_submission_sets_data_verification_audit_fields" time="0.001" /></testsuite></testsuites>