<?xml version="1.0" encoding="utf-8"?><testsuites name="pytest tests"><testsuite name="pytest" errors="0" failures="0" skipped="0" tests="6" time="1.294" timestamp="2026-07-26T10:52:01.892071+00:00" hostname="agent-env-37bbebe9-5c23-4870-8da2-ba0612124062"><testcase classname="tests.test_rejected_progress_iter120.TestProgressExcludesRejected" name="test_pending_approval_counts_as_completed" time="0.007" /><testcase classname="tests.test_rejected_progress_iter120.TestProgressExcludesRejected" name="test_rejected_does_not_count_as_completed" time="0.002" /><testcase classname="tests.test_rejected_progress_iter120.TestProgressExcludesRejected" name="test_approved_counts_as_completed" time="0.002" /><testcase classname="tests.test_rejected_progress_iter120.TestProgressExcludesRejected" name="test_mixed_pending_and_rejected_over_two_periods" time="0.003" /><testcase classname="tests.test_rejected_progress_iter120.TestUpdateRecordRejectedContract" name="test_update_rejected_raises_structured_error" time="0.002" /><testcase classname="tests.test_rejected_progress_iter120.TestUpdateRecordHTTP" name="test_put_rejected_record_returns_structured_error" time="0.782" /></testsuite></testsuites>