<?xml version="1.0" encoding="utf-8"?><testsuites name="pytest tests"><testsuite name="pytest" errors="0" failures="0" skipped="0" tests="19" time="24.141" timestamp="2026-05-07T09:47:47.068575+00:00" hostname="agent-env-cedaddb8-8a5f-402b-b76d-e2c1275f2f4c"><testcase classname="backend.tests.test_bulk_upload_scope3_v2.TestAuth" name="test_template_unauth" time="0.900" /><testcase classname="backend.tests.test_bulk_upload_scope3_v2.TestAuth" name="test_upload_unauth" time="0.961" /><testcase classname="backend.tests.test_bulk_upload_scope3_v2.TestAuth" name="test_jobs_unauth" time="0.674" /><testcase classname="backend.tests.test_bulk_upload_scope3_v2.TestTemplate" name="test_download_template_returns_xlsx" time="9.168" /><testcase classname="backend.tests.test_bulk_upload_scope3_v2.TestTemplate" name="test_template_has_15_category_sheets" time="1.209" /><testcase classname="backend.tests.test_bulk_upload_scope3_v2.TestTemplate" name="test_template_c1_headers" time="1.358" /><testcase classname="backend.tests.test_bulk_upload_scope3_v2.TestUpload" name="test_reject_non_xlsx" time="0.944" /><testcase classname="backend.tests.test_bulk_upload_scope3_v2.TestUpload" name="test_invalid_facility_returns_error_with_suggestion" time="0.729" /><testcase classname="backend.tests.test_bulk_upload_scope3_v2.TestUpload" name="test_invalid_calculation_method_rejected" time="0.673" /><testcase classname="backend.tests.test_bulk_upload_scope3_v2.TestUpload" name="test_supplier_basis_custom_activity_allowed" time="0.742" /><testcase classname="backend.tests.test_bulk_upload_scope3_v2.TestUpload" name="test_c15_only_supplier_basis_allowed" time="0.734" /><testcase classname="backend.tests.test_bulk_upload_scope3_v2.TestUpload" name="test_c7_employee_aggregation" time="0.774" /><testcase classname="backend.tests.test_bulk_upload_scope3_v2.TestUpload" name="test_partial_success_mode" time="0.759" /><testcase classname="backend.tests.test_bulk_upload_scope3_v2.TestJobs" name="test_list_jobs" time="0.726" /><testcase classname="backend.tests.test_bulk_upload_scope3_v2.TestJobs" name="test_jobs_pagination" time="0.702" /><testcase classname="backend.tests.test_bulk_upload_scope3_v2.TestJobs" name="test_job_status_404" time="0.739" /><testcase classname="backend.tests.test_bulk_upload_scope3_v2.TestJobs" name="test_job_status_existing" time="0.707" /><testcase classname="backend.tests.test_bulk_upload_scope3_v2.TestErrorReport" name="test_error_report_404" time="0.725" /><testcase classname="backend.tests.test_bulk_upload_scope3_v2.TestErrorReport" name="test_error_report_download_xlsx" time="0.658" /></testsuite></testsuites>