<?xml version="1.0" encoding="utf-8"?><testsuites name="pytest tests"><testsuite name="pytest" errors="0" failures="0" skipped="0" tests="5" time="1.270" timestamp="2026-08-13T05:13:17.743544+00:00" hostname="agent-env-50eb0767-0c5a-48f4-9f63-ea782cc237d4"><testcase classname="backend.tests.test_brsr_timeline_history.TestBRSRTimelineCreatedUpdated" name="test_brsr_p1_appeals_revisions_has_created_or_updated_event" time="0.775" /><testcase classname="backend.tests.test_brsr_timeline_history.TestBRSRTimelineCreatedUpdated" name="test_brsr_created_event_has_expected_fields" time="0.089" /><testcase classname="backend.tests.test_brsr_timeline_history.TestGRITimelineApprovals" name="test_gri_approval_events_still_present" time="0.105" /><testcase classname="backend.tests.test_brsr_timeline_history.TestTimelineEmptyState" name="test_nonexistent_question_returns_empty" time="0.118" /><testcase classname="backend.tests.test_brsr_timeline_history.TestTimelineInvalidFramework" name="test_invalid_framework_rejected" time="0.119" /></testsuite></testsuites>